<?xml version="1.0" encoding="UTF-8"?>
<coverage generated="1643377072471" clover="3.2.0">
  <project timestamp="1643377072471" name="All files">
    <metrics statements="144" coveredstatements="113" conditionals="104" coveredconditionals="86" methods="34" coveredmethods="28" elements="282" coveredelements="227" complexity="0" loc="144" ncloc="144" packages="1" files="2" classes="2"/>
    <file name="equal.ts" path="/Users/imagine/project/test/js-utils/src/equal.ts">
      <metrics statements="36" coveredstatements="30" conditionals="66" coveredconditionals="59" methods="6" coveredmethods="5"/>
      <line num="8" count="1" type="stmt"/>
      <line num="12" count="26" type="stmt"/>
      <line num="16" count="26" type="stmt"/>
      <line num="32" count="1" type="stmt"/>
      <line num="36" count="13" type="stmt"/>
      <line num="40" count="13" type="stmt"/>
      <line num="50" count="1" type="stmt"/>
      <line num="51" count="6" type="stmt"/>
      <line num="52" count="6" type="stmt"/>
      <line num="54" count="6" type="stmt"/>
      <line num="55" count="6" type="cond" truecount="2" falsecount="0"/>
      <line num="57" count="4" type="stmt"/>
      <line num="58" count="4" type="cond" truecount="2" falsecount="1"/>
      <line num="60" count="0" type="stmt"/>
      <line num="62" count="4" type="stmt"/>
      <line num="63" count="4" type="cond" truecount="3" falsecount="0"/>
      <line num="65" count="1" type="stmt"/>
      <line num="67" count="4" type="stmt"/>
      <line num="68" count="4" type="cond" truecount="3" falsecount="0"/>
      <line num="70" count="1" type="stmt"/>
      <line num="73" count="2" type="stmt"/>
      <line num="75" count="6" type="stmt"/>
      <line num="83" count="1" type="stmt"/>
      <line num="84" count="0" type="stmt"/>
      <line num="86" count="0" type="cond" truecount="0" falsecount="6"/>
      <line num="87" count="0" type="stmt"/>
      <line num="89" count="0" type="stmt"/>
      <line num="96" count="1" type="stmt"/>
      <line num="97" count="2" type="stmt"/>
      <line num="98" count="2" type="stmt"/>
      <line num="99" count="1" type="cond" truecount="4" falsecount="0"/>
      <line num="100" count="1" type="stmt"/>
      <line num="103" count="1" type="stmt"/>
      <line num="105" count="0" type="stmt"/>
      <line num="114" count="1" type="stmt"/>
      <line num="115" count="2" type="stmt"/>
    </file>
    <file name="format.ts" path="/Users/imagine/project/test/js-utils/src/format.ts">
      <metrics statements="108" coveredstatements="83" conditionals="38" coveredconditionals="27" methods="28" coveredmethods="23"/>
      <line num="7" count="1" type="stmt"/>
      <line num="8" count="1" type="stmt"/>
      <line num="18" count="1" type="stmt"/>
      <line num="19" count="1" type="stmt"/>
      <line num="20" count="1" type="stmt"/>
      <line num="31" count="1" type="stmt"/>
      <line num="32" count="1" type="stmt"/>
      <line num="33" count="1" type="stmt"/>
      <line num="44" count="1" type="stmt"/>
      <line num="45" count="1" type="stmt"/>
      <line num="54" count="1" type="stmt"/>
      <line num="55" count="3" type="stmt"/>
      <line num="56" count="3" type="stmt"/>
      <line num="57" count="6" type="cond" truecount="1" falsecount="1"/>
      <line num="59" count="3" type="stmt"/>
      <line num="60" count="3" type="cond" truecount="3" falsecount="0"/>
      <line num="61" count="2" type="stmt"/>
      <line num="63" count="1" type="stmt"/>
      <line num="73" count="1" type="cond" truecount="1" falsecount="0"/>
      <line num="74" count="3" type="stmt"/>
      <line num="75" count="3" type="stmt"/>
      <line num="76" count="3" type="stmt"/>
      <line num="78" count="3" type="cond" truecount="1" falsecount="0"/>
      <line num="79" count="2" type="cond" truecount="0" falsecount="1"/>
      <line num="80" count="0" type="stmt"/>
      <line num="81" count="0" type="cond" truecount="0" falsecount="1"/>
      <line num="82" count="0" type="stmt"/>
      <line num="84" count="0" type="stmt"/>
      <line num="87" count="2" type="stmt"/>
      <line num="88" count="2" type="stmt"/>
      <line num="89" count="2" type="stmt"/>
      <line num="91" count="2" type="cond" truecount="1" falsecount="0"/>
      <line num="92" count="1" type="stmt"/>
      <line num="93" count="1" type="stmt"/>
      <line num="95" count="1" type="stmt"/>
      <line num="98" count="1" type="stmt"/>
      <line num="110" count="1" type="stmt"/>
      <line num="111" count="3" type="stmt"/>
      <line num="112" count="3" type="cond" truecount="1" falsecount="0"/>
      <line num="113" count="2" type="stmt"/>
      <line num="115" count="1" type="stmt"/>
      <line num="129" count="1" type="stmt"/>
      <line num="130" count="1" type="stmt"/>
      <line num="131" count="1" type="stmt"/>
      <line num="132" count="1" type="cond" truecount="1" falsecount="1"/>
      <line num="133" count="1" type="stmt"/>
      <line num="134" count="1" type="stmt"/>
      <line num="146" count="1" type="stmt"/>
      <line num="147" count="1" type="stmt"/>
      <line num="148" count="1" type="stmt"/>
      <line num="150" count="1" type="stmt"/>
      <line num="164" count="1" type="stmt"/>
      <line num="165" count="0" type="stmt"/>
      <line num="167" count="0" type="stmt"/>
      <line num="168" count="0" type="stmt"/>
      <line num="169" count="0" type="cond" truecount="0" falsecount="2"/>
      <line num="170" count="0" type="stmt"/>
      <line num="171" count="0" type="stmt"/>
      <line num="172" count="0" type="cond" truecount="0" falsecount="2"/>
      <line num="173" count="0" type="stmt"/>
      <line num="175" count="0" type="stmt"/>
      <line num="178" count="0" type="stmt"/>
      <line num="180" count="0" type="stmt"/>
      <line num="182" count="0" type="cond" truecount="0" falsecount="3"/>
      <line num="184" count="0" type="stmt"/>
      <line num="189" count="0" type="stmt"/>
      <line num="190" count="0" type="stmt"/>
      <line num="202" count="1" type="stmt"/>
      <line num="203" count="2" type="stmt"/>
      <line num="204" count="2" type="stmt"/>
      <line num="205" count="1" type="cond" truecount="4" falsecount="0"/>
      <line num="206" count="1" type="stmt"/>
      <line num="210" count="1" type="stmt"/>
      <line num="218" count="1" type="stmt"/>
      <line num="220" count="2" type="stmt"/>
      <line num="221" count="2" type="stmt"/>
      <line num="224" count="1" type="stmt"/>
      <line num="233" count="1" type="stmt"/>
      <line num="235" count="2" type="stmt"/>
      <line num="236" count="2" type="stmt"/>
      <line num="239" count="1" type="stmt"/>
      <line num="250" count="1" type="stmt"/>
      <line num="253" count="1" type="stmt"/>
      <line num="254" count="1" type="stmt"/>
      <line num="256" count="3" type="cond" truecount="1" falsecount="0"/>
      <line num="257" count="2" type="stmt"/>
      <line num="260" count="1" type="stmt"/>
      <line num="271" count="1" type="stmt"/>
      <line num="272" count="1" type="stmt"/>
      <line num="282" count="1" type="stmt"/>
      <line num="283" count="0" type="stmt"/>
      <line num="284" count="0" type="stmt"/>
      <line num="285" count="0" type="stmt"/>
      <line num="287" count="0" type="stmt"/>
      <line num="289" count="0" type="stmt"/>
      <line num="299" count="1" type="stmt"/>
      <line num="300" count="4" type="stmt"/>
      <line num="301" count="4" type="cond" truecount="1" falsecount="0"/>
      <line num="302" count="2" type="stmt"/>
      <line num="305" count="2" type="stmt"/>
      <line num="315" count="1" type="cond" truecount="1" falsecount="0"/>
      <line num="316" count="7" type="cond" truecount="5" falsecount="0"/>
      <line num="317" count="3" type="stmt"/>
      <line num="319" count="4" type="cond" truecount="5" falsecount="0"/>
      <line num="320" count="1" type="stmt"/>
      <line num="322" count="3" type="cond" truecount="1" falsecount="0"/>
      <line num="323" count="3" type="stmt"/>
      <line num="326" count="0" type="stmt"/>
    </file>
  </project>
</coverage>
