<?xml version="1.0" encoding="UTF-8"?>
<coverage generated="1643423987410" clover="3.2.0">
  <project timestamp="1643423987410" name="All files">
    <metrics statements="211" coveredstatements="185" conditionals="146" coveredconditionals="127" methods="44" coveredmethods="42" elements="401" coveredelements="354" complexity="0" loc="211" ncloc="211" packages="1" files="8" classes="8"/>
    <file name="array.ts" path="/Users/imagine/project/test/js-utils/src/array.ts">
      <metrics statements="10" coveredstatements="10" conditionals="0" coveredconditionals="0" methods="4" coveredmethods="4"/>
      <line num="8" count="1" type="stmt"/>
      <line num="9" count="1" type="stmt"/>
      <line num="19" count="1" type="stmt"/>
      <line num="20" count="1" type="stmt"/>
      <line num="31" count="1" type="stmt"/>
      <line num="32" count="1" type="stmt"/>
      <line num="42" count="1" type="stmt"/>
      <line num="44" count="2" type="stmt"/>
      <line num="45" count="2" type="stmt"/>
      <line num="48" count="1" type="stmt"/>
    </file>
    <file name="convert.ts" path="/Users/imagine/project/test/js-utils/src/convert.ts">
      <metrics statements="39" coveredstatements="34" conditionals="23" coveredconditionals="20" methods="5" coveredmethods="5"/>
      <line num="7" count="1" type="stmt"/>
      <line num="8" count="3" type="stmt"/>
      <line num="9" count="3" type="stmt"/>
      <line num="10" count="6" type="cond" truecount="1" falsecount="1"/>
      <line num="12" count="3" type="stmt"/>
      <line num="13" count="3" type="cond" truecount="3" falsecount="0"/>
      <line num="14" count="2" type="stmt"/>
      <line num="16" count="1" type="stmt"/>
      <line num="26" count="1" type="cond" truecount="1" falsecount="0"/>
      <line num="27" count="3" type="stmt"/>
      <line num="28" count="3" type="stmt"/>
      <line num="29" count="3" type="stmt"/>
      <line num="31" count="3" type="cond" truecount="1" falsecount="0"/>
      <line num="32" count="2" type="cond" truecount="0" falsecount="1"/>
      <line num="33" count="0" type="stmt"/>
      <line num="34" count="0" type="cond" truecount="0" falsecount="1"/>
      <line num="35" count="0" type="stmt"/>
      <line num="37" count="0" type="stmt"/>
      <line num="40" count="2" type="stmt"/>
      <line num="41" count="2" type="stmt"/>
      <line num="42" count="2" type="stmt"/>
      <line num="44" count="2" type="cond" truecount="1" falsecount="0"/>
      <line num="45" count="1" type="stmt"/>
      <line num="46" count="1" type="stmt"/>
      <line num="48" count="1" type="stmt"/>
      <line num="51" count="1" type="stmt"/>
      <line num="63" count="1" type="stmt"/>
      <line num="64" count="4" type="stmt"/>
      <line num="65" count="4" type="cond" truecount="1" falsecount="0"/>
      <line num="66" count="2" type="stmt"/>
      <line num="69" count="2" type="stmt"/>
      <line num="79" count="1" type="cond" truecount="1" falsecount="0"/>
      <line num="80" count="7" type="cond" truecount="5" falsecount="0"/>
      <line num="81" count="3" type="stmt"/>
      <line num="83" count="4" type="cond" truecount="5" falsecount="0"/>
      <line num="84" count="1" type="stmt"/>
      <line num="86" count="3" type="cond" truecount="1" falsecount="0"/>
      <line num="87" count="3" type="stmt"/>
      <line num="90" count="0" type="stmt"/>
    </file>
    <file name="enum.ts" path="/Users/imagine/project/test/js-utils/src/enum.ts">
      <metrics statements="6" coveredstatements="5" conditionals="2" coveredconditionals="2" methods="1" coveredmethods="1"/>
      <line num="11" count="1" type="stmt"/>
      <line num="12" count="2" type="cond" truecount="1" falsecount="0"/>
      <line num="13" count="2" type="stmt"/>
      <line num="14" count="3" type="cond" truecount="1" falsecount="0"/>
      <line num="15" count="2" type="stmt"/>
      <line num="20" count="0" type="stmt"/>
    </file>
    <file name="equal.ts" path="/Users/imagine/project/test/js-utils/src/equal.ts">
      <metrics statements="35" coveredstatements="33" conditionals="66" coveredconditionals="65" methods="5" coveredmethods="5"/>
      <line num="4" count="2" type="stmt"/>
      <line num="18" count="2" type="stmt"/>
      <line num="22" count="27" type="stmt"/>
      <line num="26" count="27" type="stmt"/>
      <line num="42" count="2" type="stmt"/>
      <line num="46" count="13" type="stmt"/>
      <line num="50" count="13" type="stmt"/>
      <line num="60" count="2" type="stmt"/>
      <line num="61" count="6" type="stmt"/>
      <line num="62" count="6" type="stmt"/>
      <line num="64" count="6" type="stmt"/>
      <line num="65" count="6" type="cond" truecount="2" falsecount="0"/>
      <line num="67" count="4" type="stmt"/>
      <line num="68" count="4" type="cond" truecount="2" falsecount="1"/>
      <line num="70" count="0" type="stmt"/>
      <line num="72" count="4" type="stmt"/>
      <line num="73" count="4" type="cond" truecount="3" falsecount="0"/>
      <line num="75" count="1" type="stmt"/>
      <line num="77" count="4" type="stmt"/>
      <line num="78" count="4" type="cond" truecount="3" falsecount="0"/>
      <line num="80" count="1" type="stmt"/>
      <line num="83" count="2" type="stmt"/>
      <line num="85" count="6" type="stmt"/>
      <line num="93" count="2" type="stmt"/>
      <line num="94" count="3" type="stmt"/>
      <line num="96" count="3" type="cond" truecount="6" falsecount="0"/>
      <line num="97" count="1" type="stmt"/>
      <line num="99" count="2" type="stmt"/>
      <line num="106" count="2" type="stmt"/>
      <line num="107" count="2" type="stmt"/>
      <line num="108" count="2" type="stmt"/>
      <line num="109" count="1" type="cond" truecount="4" falsecount="0"/>
      <line num="110" count="1" type="stmt"/>
      <line num="113" count="1" type="stmt"/>
      <line num="115" count="0" type="stmt"/>
    </file>
    <file name="number.ts" path="/Users/imagine/project/test/js-utils/src/number.ts">
      <metrics statements="20" coveredstatements="20" conditionals="21" coveredconditionals="16" methods="4" coveredmethods="4"/>
      <line num="8" count="1" type="stmt"/>
      <line num="9" count="3" type="stmt"/>
      <line num="10" count="3" type="stmt"/>
      <line num="11" count="3" type="stmt"/>
      <line num="12" count="3" type="cond" truecount="1" falsecount="0"/>
      <line num="13" count="2" type="stmt"/>
      <line num="14" count="2" type="stmt"/>
      <line num="16" count="3" type="stmt"/>
      <line num="17" count="4" type="stmt"/>
      <line num="19" count="3" type="stmt"/>
      <line num="29" count="1" type="cond" truecount="1" falsecount="1"/>
      <line num="30" count="3" type="cond" truecount="2" falsecount="0"/>
      <line num="31" count="3" type="stmt"/>
      <line num="32" count="3" type="stmt"/>
      <line num="33" count="3" type="stmt"/>
      <line num="48" count="1" type="stmt"/>
      <line num="52" count="1" type="stmt"/>
      <line num="53" count="2" type="cond" truecount="3" falsecount="1"/>
      <line num="54" count="2" type="cond" truecount="3" falsecount="1"/>
      <line num="57" count="1" type="cond" truecount="6" falsecount="2"/>
    </file>
    <file name="object.ts" path="/Users/imagine/project/test/js-utils/src/object.ts">
      <metrics statements="32" coveredstatements="17" conditionals="10" coveredconditionals="2" methods="7" coveredmethods="5"/>
      <line num="9" count="1" type="stmt"/>
      <line num="12" count="1" type="stmt"/>
      <line num="13" count="1" type="stmt"/>
      <line num="15" count="3" type="cond" truecount="1" falsecount="0"/>
      <line num="16" count="2" type="stmt"/>
      <line num="19" count="1" type="stmt"/>
      <line num="32" count="1" type="stmt"/>
      <line num="33" count="0" type="stmt"/>
      <line num="35" count="0" type="stmt"/>
      <line num="36" count="0" type="stmt"/>
      <line num="37" count="0" type="cond" truecount="0" falsecount="2"/>
      <line num="38" count="0" type="stmt"/>
      <line num="39" count="0" type="stmt"/>
      <line num="40" count="0" type="cond" truecount="0" falsecount="2"/>
      <line num="41" count="0" type="stmt"/>
      <line num="43" count="0" type="stmt"/>
      <line num="46" count="0" type="stmt"/>
      <line num="48" count="0" type="stmt"/>
      <line num="50" count="0" type="cond" truecount="0" falsecount="3"/>
      <line num="52" count="0" type="stmt"/>
      <line num="57" count="0" type="stmt"/>
      <line num="58" count="0" type="stmt"/>
      <line num="70" count="1" type="stmt"/>
      <line num="71" count="1" type="stmt"/>
      <line num="72" count="1" type="stmt"/>
      <line num="74" count="1" type="stmt"/>
      <line num="91" count="1" type="stmt"/>
      <line num="92" count="1" type="stmt"/>
      <line num="93" count="1" type="stmt"/>
      <line num="94" count="1" type="cond" truecount="1" falsecount="1"/>
      <line num="95" count="1" type="stmt"/>
      <line num="96" count="1" type="stmt"/>
    </file>
    <file name="string.ts" path="/Users/imagine/project/test/js-utils/src/string.ts">
      <metrics statements="25" coveredstatements="25" conditionals="5" coveredconditionals="5" methods="11" coveredmethods="11"/>
      <line num="8" count="1" type="stmt"/>
      <line num="9" count="1" type="stmt"/>
      <line num="19" count="1" type="stmt"/>
      <line num="20" count="1" type="stmt"/>
      <line num="21" count="1" type="stmt"/>
      <line num="32" count="1" type="stmt"/>
      <line num="33" count="1" type="stmt"/>
      <line num="34" count="1" type="stmt"/>
      <line num="45" count="1" type="stmt"/>
      <line num="46" count="1" type="stmt"/>
      <line num="59" count="1" type="stmt"/>
      <line num="60" count="3" type="stmt"/>
      <line num="61" count="3" type="cond" truecount="1" falsecount="0"/>
      <line num="62" count="2" type="stmt"/>
      <line num="64" count="1" type="stmt"/>
      <line num="74" count="1" type="stmt"/>
      <line num="76" count="2" type="stmt"/>
      <line num="77" count="2" type="stmt"/>
      <line num="80" count="1" type="stmt"/>
      <line num="93" count="1" type="stmt"/>
      <line num="94" count="2" type="stmt"/>
      <line num="95" count="2" type="stmt"/>
      <line num="96" count="1" type="cond" truecount="4" falsecount="0"/>
      <line num="97" count="1" type="stmt"/>
      <line num="101" count="1" type="stmt"/>
    </file>
    <file name="url.ts" path="/Users/imagine/project/test/js-utils/src/url.ts">
      <metrics statements="44" coveredstatements="41" conditionals="19" coveredconditionals="17" methods="7" coveredmethods="7"/>
      <line num="1" count="1" type="stmt"/>
      <line num="10" count="1" type="cond" truecount="0" falsecount="1"/>
      <line num="13" count="2" type="stmt"/>
      <line num="16" count="2" type="stmt"/>
      <line num="17" count="2" type="stmt"/>
      <line num="18" count="2" type="stmt"/>
      <line num="20" count="2" type="cond" truecount="1" falsecount="0"/>
      <line num="21" count="1" type="stmt"/>
      <line num="23" count="1" type="stmt"/>
      <line num="32" count="1" type="cond" truecount="0" falsecount="1"/>
      <line num="33" count="3" type="stmt"/>
      <line num="34" count="3" type="stmt"/>
      <line num="36" count="3" type="cond" truecount="1" falsecount="0"/>
      <line num="37" count="3" type="stmt"/>
      <line num="38" count="5" type="stmt"/>
      <line num="39" count="5" type="cond" truecount="1" falsecount="0"/>
      <line num="40" count="4" type="stmt"/>
      <line num="43" count="3" type="cond" truecount="2" falsecount="0"/>
      <line num="45" count="0" type="stmt"/>
      <line num="54" count="1" type="stmt"/>
      <line num="55" count="2" type="cond" truecount="1" falsecount="0"/>
      <line num="57" count="2" type="stmt"/>
      <line num="58" count="2" type="stmt"/>
      <line num="59" count="2" type="cond" truecount="1" falsecount="0"/>
      <line num="60" count="2" type="stmt"/>
      <line num="63" count="0" type="stmt"/>
      <line num="71" count="1" type="stmt"/>
      <line num="72" count="3" type="stmt"/>
      <line num="73" count="3" type="stmt"/>
      <line num="74" count="3" type="cond" truecount="3" falsecount="0"/>
      <line num="75" count="3" type="stmt"/>
      <line num="76" count="3" type="cond" truecount="2" falsecount="0"/>
      <line num="77" count="1" type="stmt"/>
      <line num="78" count="2" type="cond" truecount="1" falsecount="0"/>
      <line num="79" count="2" type="stmt"/>
      <line num="82" count="0" type="stmt"/>
      <line num="90" count="1" type="stmt"/>
      <line num="91" count="3" type="stmt"/>
      <line num="92" count="3" type="stmt"/>
      <line num="93" count="3" type="cond" truecount="3" falsecount="0"/>
      <line num="94" count="3" type="stmt"/>
      <line num="95" count="3" type="cond" truecount="1" falsecount="0"/>
      <line num="96" count="2" type="stmt"/>
      <line num="99" count="1" type="stmt"/>
    </file>
  </project>
</coverage>
