{"/Users/imagine/project/test/js-utils/src/array.ts": {"path":"/Users/imagine/project/test/js-utils/src/array.ts","statementMap":{"0":{"start":{"line":9,"column":4},"end":{"line":9,"column":49}},"1":{"start":{"line":8,"column":0},"end":{"line":8,"column":16}},"2":{"start":{"line":20,"column":4},"end":{"line":20,"column":47}},"3":{"start":{"line":19,"column":0},"end":{"line":19,"column":16}}},"fnMap":{"0":{"name":"pull","decl":{"start":{"line":8,"column":16},"end":{"line":8,"column":20}},"loc":{"start":{"line":8,"column":51},"end":{"line":10,"column":1}}},"1":{"name":"push","decl":{"start":{"line":19,"column":16},"end":{"line":19,"column":20}},"loc":{"start":{"line":19,"column":51},"end":{"line":21,"column":1}}}},"branchMap":{},"s":{"0":1,"1":1,"2":1,"3":1},"f":{"0":1,"1":1},"b":{}}
,"/Users/imagine/project/test/js-utils/src/equal.ts": {"path":"/Users/imagine/project/test/js-utils/src/equal.ts","statementMap":{"0":{"start":{"line":4,"column":13},"end":{"line":9,"column":2}},"1":{"start":{"line":22,"column":31},"end":{"line":25,"column":6}},"2":{"start":{"line":26,"column":4},"end":{"line":33,"column":6}},"3":{"start":{"line":18,"column":0},"end":{"line":18,"column":16}},"4":{"start":{"line":46,"column":31},"end":{"line":49,"column":6}},"5":{"start":{"line":50,"column":4},"end":{"line":50,"column":47}},"6":{"start":{"line":42,"column":0},"end":{"line":42,"column":16}},"7":{"start":{"line":61,"column":15},"end":{"line":61,"column":81}},"8":{"start":{"line":62,"column":25},"end":{"line":62,"column":29}},"9":{"start":{"line":64,"column":25},"end":{"line":64,"column":37}},"10":{"start":{"line":65,"column":4},"end":{"line":84,"column":null}},"11":{"start":{"line":67,"column":8},"end":{"line":67,"column":40}},"12":{"start":{"line":68,"column":8},"end":{"line":71,"column":null}},"13":{"start":{"line":70,"column":12},"end":{"line":70,"column":35}},"14":{"start":{"line":72,"column":8},"end":{"line":72,"column":40}},"15":{"start":{"line":73,"column":8},"end":{"line":76,"column":null}},"16":{"start":{"line":75,"column":12},"end":{"line":75,"column":35}},"17":{"start":{"line":77,"column":8},"end":{"line":77,"column":40}},"18":{"start":{"line":78,"column":8},"end":{"line":81,"column":null}},"19":{"start":{"line":80,"column":12},"end":{"line":80,"column":35}},"20":{"start":{"line":83,"column":8},"end":{"line":83,"column":31}},"21":{"start":{"line":85,"column":4},"end":{"line":85,"column":26}},"22":{"start":{"line":60,"column":0},"end":{"line":60,"column":16}},"23":{"start":{"line":94,"column":16},"end":{"line":94,"column":46}},"24":{"start":{"line":96,"column":4},"end":{"line":98,"column":null}},"25":{"start":{"line":97,"column":8},"end":{"line":97,"column":20}},"26":{"start":{"line":99,"column":4},"end":{"line":99,"column":17}},"27":{"start":{"line":93,"column":0},"end":{"line":93,"column":16}},"28":{"start":{"line":107,"column":4},"end":{"line":114,"column":null}},"29":{"start":{"line":108,"column":20},"end":{"line":108,"column":42}},"30":{"start":{"line":109,"column":8},"end":{"line":111,"column":null}},"31":{"start":{"line":110,"column":12},"end":{"line":110,"column":24}},"32":{"start":{"line":113,"column":8},"end":{"line":113,"column":21}},"33":{"start":{"line":115,"column":4},"end":{"line":115,"column":17}},"34":{"start":{"line":106,"column":0},"end":{"line":106,"column":16}}},"fnMap":{"0":{"name":"isEmpty","decl":{"start":{"line":18,"column":16},"end":{"line":18,"column":23}},"loc":{"start":{"line":21,"column":1},"end":{"line":34,"column":1}}},"1":{"name":"isNotEmpty","decl":{"start":{"line":42,"column":16},"end":{"line":42,"column":26}},"loc":{"start":{"line":45,"column":1},"end":{"line":51,"column":1}}},"2":{"name":"isDate","decl":{"start":{"line":60,"column":16},"end":{"line":60,"column":22}},"loc":{"start":{"line":60,"column":34},"end":{"line":86,"column":1}}},"3":{"name":"isIP","decl":{"start":{"line":93,"column":16},"end":{"line":93,"column":20}},"loc":{"start":{"line":93,"column":31},"end":{"line":100,"column":1}}},"4":{"name":"isJSON","decl":{"start":{"line":106,"column":16},"end":{"line":106,"column":22}},"loc":{"start":{"line":106,"column":41},"end":{"line":116,"column":1}}}},"branchMap":{"0":{"loc":{"start":{"line":23,"column":14},"end":{"line":23,"column":43}},"type":"cond-expr","locations":[{"start":{"line":23,"column":35},"end":{"line":23,"column":39}},{"start":{"line":23,"column":39},"end":{"line":23,"column":43}}]},"1":{"loc":{"start":{"line":23,"column":14},"end":{"line":23,"column":39}},"type":"binary-expr","locations":[{"start":{"line":23,"column":14},"end":{"line":23,"column":39}},{"start":{"line":23,"column":35},"end":{"line":23,"column":39}}]},"2":{"loc":{"start":{"line":23,"column":16},"end":{"line":23,"column":35}},"type":"cond-expr","locations":[{"start":{"line":23,"column":27},"end":{"line":23,"column":29}},{"start":{"line":23,"column":16},"end":{"line":23,"column":35}}]},"3":{"loc":{"start":{"line":23,"column":16},"end":{"line":23,"column":29}},"type":"binary-expr","locations":[{"start":{"line":23,"column":16},"end":{"line":23,"column":29}},{"start":{"line":23,"column":16},"end":{"line":23,"column":29}}]},"4":{"loc":{"start":{"line":24,"column":15},"end":{"line":24,"column":45}},"type":"cond-expr","locations":[{"start":{"line":24,"column":37},"end":{"line":24,"column":41}},{"start":{"line":24,"column":41},"end":{"line":24,"column":45}}]},"5":{"loc":{"start":{"line":24,"column":15},"end":{"line":24,"column":41}},"type":"binary-expr","locations":[{"start":{"line":24,"column":15},"end":{"line":24,"column":41}},{"start":{"line":24,"column":37},"end":{"line":24,"column":41}}]},"6":{"loc":{"start":{"line":24,"column":17},"end":{"line":24,"column":37}},"type":"cond-expr","locations":[{"start":{"line":24,"column":28},"end":{"line":24,"column":30}},{"start":{"line":24,"column":17},"end":{"line":24,"column":37}}]},"7":{"loc":{"start":{"line":24,"column":17},"end":{"line":24,"column":30}},"type":"binary-expr","locations":[{"start":{"line":24,"column":17},"end":{"line":24,"column":30}},{"start":{"line":24,"column":17},"end":{"line":24,"column":30}}]},"8":{"loc":{"start":{"line":27,"column":8},"end":{"line":32,"column":67}},"type":"binary-expr","locations":[{"start":{"line":27,"column":8},"end":{"line":27,"column":27}},{"start":{"line":28,"column":11},"end":{"line":28,"column":25}},{"start":{"line":29,"column":12},"end":{"line":29,"column":38}},{"start":{"line":29,"column":43},"end":{"line":29,"column":58}},{"start":{"line":29,"column":62},"end":{"line":29,"column":79}},{"start":{"line":30,"column":12},"end":{"line":30,"column":37}},{"start":{"line":30,"column":42},"end":{"line":30,"column":53}},{"start":{"line":30,"column":57},"end":{"line":30,"column":70}},{"start":{"line":31,"column":12},"end":{"line":31,"column":36}},{"start":{"line":31,"column":40},"end":{"line":31,"column":65}},{"start":{"line":31,"column":69},"end":{"line":31,"column":100}},{"start":{"line":32,"column":12},"end":{"line":32,"column":37}},{"start":{"line":32,"column":41},"end":{"line":32,"column":66}}]},"9":{"loc":{"start":{"line":47,"column":14},"end":{"line":47,"column":43}},"type":"cond-expr","locations":[{"start":{"line":47,"column":35},"end":{"line":47,"column":39}},{"start":{"line":47,"column":39},"end":{"line":47,"column":43}}]},"10":{"loc":{"start":{"line":47,"column":14},"end":{"line":47,"column":39}},"type":"binary-expr","locations":[{"start":{"line":47,"column":14},"end":{"line":47,"column":39}},{"start":{"line":47,"column":35},"end":{"line":47,"column":39}}]},"11":{"loc":{"start":{"line":47,"column":16},"end":{"line":47,"column":35}},"type":"cond-expr","locations":[{"start":{"line":47,"column":27},"end":{"line":47,"column":29}},{"start":{"line":47,"column":16},"end":{"line":47,"column":35}}]},"12":{"loc":{"start":{"line":47,"column":16},"end":{"line":47,"column":29}},"type":"binary-expr","locations":[{"start":{"line":47,"column":16},"end":{"line":47,"column":29}},{"start":{"line":47,"column":16},"end":{"line":47,"column":29}}]},"13":{"loc":{"start":{"line":48,"column":15},"end":{"line":48,"column":45}},"type":"cond-expr","locations":[{"start":{"line":48,"column":37},"end":{"line":48,"column":41}},{"start":{"line":48,"column":41},"end":{"line":48,"column":45}}]},"14":{"loc":{"start":{"line":48,"column":15},"end":{"line":48,"column":41}},"type":"binary-expr","locations":[{"start":{"line":48,"column":15},"end":{"line":48,"column":41}},{"start":{"line":48,"column":37},"end":{"line":48,"column":41}}]},"15":{"loc":{"start":{"line":48,"column":17},"end":{"line":48,"column":37}},"type":"cond-expr","locations":[{"start":{"line":48,"column":28},"end":{"line":48,"column":30}},{"start":{"line":48,"column":17},"end":{"line":48,"column":37}}]},"16":{"loc":{"start":{"line":48,"column":17},"end":{"line":48,"column":30}},"type":"binary-expr","locations":[{"start":{"line":48,"column":17},"end":{"line":48,"column":30}},{"start":{"line":48,"column":17},"end":{"line":48,"column":30}}]},"17":{"loc":{"start":{"line":65,"column":4},"end":{"line":84,"column":null}},"type":"if","locations":[{"start":{"line":65,"column":4},"end":{"line":84,"column":null}},{"start":{"line":82,"column":11},"end":{"line":84,"column":null}}]},"18":{"loc":{"start":{"line":68,"column":8},"end":{"line":71,"column":null}},"type":"if","locations":[{"start":{"line":68,"column":8},"end":{"line":71,"column":null}}]},"19":{"loc":{"start":{"line":68,"column":12},"end":{"line":68,"column":30}},"type":"binary-expr","locations":[{"start":{"line":68,"column":12},"end":{"line":68,"column":18}},{"start":{"line":68,"column":22},"end":{"line":68,"column":30}}]},"20":{"loc":{"start":{"line":73,"column":8},"end":{"line":76,"column":null}},"type":"if","locations":[{"start":{"line":73,"column":8},"end":{"line":76,"column":null}}]},"21":{"loc":{"start":{"line":73,"column":12},"end":{"line":73,"column":28}},"type":"binary-expr","locations":[{"start":{"line":73,"column":12},"end":{"line":73,"column":18}},{"start":{"line":73,"column":22},"end":{"line":73,"column":28}}]},"22":{"loc":{"start":{"line":78,"column":8},"end":{"line":81,"column":null}},"type":"if","locations":[{"start":{"line":78,"column":8},"end":{"line":81,"column":null}}]},"23":{"loc":{"start":{"line":78,"column":12},"end":{"line":78,"column":28}},"type":"binary-expr","locations":[{"start":{"line":78,"column":12},"end":{"line":78,"column":18}},{"start":{"line":78,"column":22},"end":{"line":78,"column":28}}]},"24":{"loc":{"start":{"line":96,"column":4},"end":{"line":98,"column":null}},"type":"if","locations":[{"start":{"line":96,"column":4},"end":{"line":98,"column":null}}]},"25":{"loc":{"start":{"line":96,"column":8},"end":{"line":96,"column":96}},"type":"binary-expr","locations":[{"start":{"line":96,"column":8},"end":{"line":96,"column":20}},{"start":{"line":96,"column":24},"end":{"line":96,"column":39}},{"start":{"line":96,"column":43},"end":{"line":96,"column":58}},{"start":{"line":96,"column":62},"end":{"line":96,"column":77}},{"start":{"line":96,"column":81},"end":{"line":96,"column":96}}]},"26":{"loc":{"start":{"line":109,"column":8},"end":{"line":111,"column":null}},"type":"if","locations":[{"start":{"line":109,"column":8},"end":{"line":111,"column":null}}]},"27":{"loc":{"start":{"line":109,"column":12},"end":{"line":109,"column":58}},"type":"binary-expr","locations":[{"start":{"line":109,"column":12},"end":{"line":109,"column":15}},{"start":{"line":109,"column":19},"end":{"line":109,"column":42}},{"start":{"line":109,"column":46},"end":{"line":109,"column":58}}]}},"s":{"0":2,"1":27,"2":27,"3":2,"4":13,"5":13,"6":2,"7":6,"8":6,"9":6,"10":6,"11":4,"12":4,"13":0,"14":4,"15":4,"16":1,"17":4,"18":4,"19":1,"20":2,"21":6,"22":2,"23":3,"24":3,"25":1,"26":2,"27":2,"28":2,"29":2,"30":1,"31":1,"32":1,"33":0,"34":2},"f":{"0":27,"1":13,"2":6,"3":3,"4":2},"b":{"0":[17,10],"1":[27,27],"2":[6,21],"3":[27,27],"4":[17,10],"5":[27,27],"6":[6,21],"7":[27,27],"8":[27,25,23,19,17,19,15,13,15,15,3,12,8],"9":[4,9],"10":[13,13],"11":[5,8],"12":[13,13],"13":[4,9],"14":[13,13],"15":[5,8],"16":[13,13],"17":[4,2],"18":[0],"19":[4,4],"20":[1],"21":[4,4],"22":[1],"23":[4,4],"24":[1],"25":[3,2,2,2,1],"26":[1],"27":[1,1,1]}}
,"/Users/imagine/project/test/js-utils/src/format.ts": {"path":"/Users/imagine/project/test/js-utils/src/format.ts","statementMap":{"0":{"start":{"line":8,"column":4},"end":{"line":8,"column":58}},"1":{"start":{"line":8,"column":40},"end":{"line":8,"column":56}},"2":{"start":{"line":7,"column":0},"end":{"line":7,"column":16}},"3":{"start":{"line":19,"column":4},"end":{"line":21,"column":7}},"4":{"start":{"line":20,"column":8},"end":{"line":20,"column":36}},"5":{"start":{"line":18,"column":0},"end":{"line":18,"column":16}},"6":{"start":{"line":32,"column":19},"end":{"line":32,"column":72}},"7":{"start":{"line":32,"column":55},"end":{"line":32,"column":71}},"8":{"start":{"line":33,"column":4},"end":{"line":33,"column":62}},"9":{"start":{"line":33,"column":44},"end":{"line":33,"column":60}},"10":{"start":{"line":31,"column":0},"end":{"line":31,"column":16}},"11":{"start":{"line":45,"column":4},"end":{"line":45,"column":55}},"12":{"start":{"line":44,"column":0},"end":{"line":44,"column":16}},"13":{"start":{"line":55,"column":22},"end":{"line":55,"column":102}},"14":{"start":{"line":56,"column":16},"end":{"line":58,"column":5}},"15":{"start":{"line":57,"column":8},"end":{"line":57,"column":89}},"16":{"start":{"line":59,"column":16},"end":{"line":59,"column":78}},"17":{"start":{"line":60,"column":4},"end":{"line":62,"column":null}},"18":{"start":{"line":61,"column":8},"end":{"line":61,"column":71}},"19":{"start":{"line":63,"column":4},"end":{"line":63,"column":21}},"20":{"start":{"line":54,"column":0},"end":{"line":54,"column":16}},"21":{"start":{"line":74,"column":20},"end":{"line":74,"column":43}},"22":{"start":{"line":75,"column":26},"end":{"line":75,"column":35}},"23":{"start":{"line":76,"column":17},"end":{"line":76,"column":19}},"24":{"start":{"line":78,"column":4},"end":{"line":97,"column":null}},"25":{"start":{"line":79,"column":8},"end":{"line":85,"column":null}},"26":{"start":{"line":80,"column":12},"end":{"line":80,"column":52}},"27":{"start":{"line":81,"column":12},"end":{"line":83,"column":null}},"28":{"start":{"line":82,"column":16},"end":{"line":82,"column":37}},"29":{"start":{"line":84,"column":12},"end":{"line":84,"column":106}},"30":{"start":{"line":87,"column":18},"end":{"line":87,"column":54}},"31":{"start":{"line":88,"column":18},"end":{"line":88,"column":54}},"32":{"start":{"line":89,"column":18},"end":{"line":89,"column":54}},"33":{"start":{"line":91,"column":8},"end":{"line":94,"column":null}},"34":{"start":{"line":92,"column":31},"end":{"line":92,"column":67}},"35":{"start":{"line":93,"column":12},"end":{"line":93,"column":59}},"36":{"start":{"line":95,"column":8},"end":{"line":95,"column":42}},"37":{"start":{"line":98,"column":4},"end":{"line":98,"column":25}},"38":{"start":{"line":73,"column":0},"end":{"line":73,"column":16}},"39":{"start":{"line":111,"column":23},"end":{"line":111,"column":34}},"40":{"start":{"line":112,"column":4},"end":{"line":114,"column":null}},"41":{"start":{"line":113,"column":8},"end":{"line":113,"column":53}},"42":{"start":{"line":115,"column":4},"end":{"line":115,"column":22}},"43":{"start":{"line":110,"column":0},"end":{"line":110,"column":16}},"44":{"start":{"line":130,"column":15},"end":{"line":130,"column":24}},"45":{"start":{"line":131,"column":4},"end":{"line":135,"column":13}},"46":{"start":{"line":132,"column":23},"end":{"line":132,"column":42}},"47":{"start":{"line":133,"column":8},"end":{"line":133,"column":29}},"48":{"start":{"line":134,"column":8},"end":{"line":134,"column":20}},"49":{"start":{"line":129,"column":0},"end":{"line":129,"column":16}},"50":{"start":{"line":147,"column":15},"end":{"line":147,"column":24}},"51":{"start":{"line":148,"column":4},"end":{"line":151,"column":17}},"52":{"start":{"line":150,"column":12},"end":{"line":150,"column":43}},"53":{"start":{"line":146,"column":0},"end":{"line":146,"column":16}},"54":{"start":{"line":165,"column":21},"end":{"line":165,"column":42}},"55":{"start":{"line":167,"column":23},"end":{"line":187,"column":5}},"56":{"start":{"line":168,"column":8},"end":{"line":186,"column":null}},"57":{"start":{"line":169,"column":12},"end":{"line":185,"column":null}},"58":{"start":{"line":170,"column":24},"end":{"line":170,"column":25}},"59":{"start":{"line":171,"column":16},"end":{"line":181,"column":null}},"60":{"start":{"line":172,"column":20},"end":{"line":179,"column":null}},"61":{"start":{"line":173,"column":24},"end":{"line":176,"column":null}},"62":{"start":{"line":175,"column":28},"end":{"line":175,"column":79}},"63":{"start":{"line":178,"column":24},"end":{"line":178,"column":59}},"64":{"start":{"line":180,"column":20},"end":{"line":180,"column":27}},"65":{"start":{"line":182,"column":18},"end":{"line":185,"column":null}},"66":{"start":{"line":184,"column":16},"end":{"line":184,"column":44}},"67":{"start":{"line":189,"column":4},"end":{"line":189,"column":21}},"68":{"start":{"line":190,"column":4},"end":{"line":190,"column":20}},"69":{"start":{"line":164,"column":0},"end":{"line":164,"column":16}},"70":{"start":{"line":203,"column":4},"end":{"line":208,"column":20}},"71":{"start":{"line":204,"column":20},"end":{"line":204,"column":42}},"72":{"start":{"line":205,"column":8},"end":{"line":207,"column":null}},"73":{"start":{"line":206,"column":12},"end":{"line":206,"column":23}},"74":{"start":{"line":210,"column":4},"end":{"line":210,"column":21}},"75":{"start":{"line":202,"column":0},"end":{"line":202,"column":16}},"76":{"start":{"line":220,"column":4},"end":{"line":222,"column":20}},"77":{"start":{"line":221,"column":8},"end":{"line":221,"column":35}},"78":{"start":{"line":224,"column":4},"end":{"line":224,"column":14}},"79":{"start":{"line":218,"column":0},"end":{"line":218,"column":16}},"80":{"start":{"line":235,"column":4},"end":{"line":237,"column":20}},"81":{"start":{"line":236,"column":8},"end":{"line":236,"column":36}},"82":{"start":{"line":239,"column":4},"end":{"line":239,"column":14}},"83":{"start":{"line":233,"column":0},"end":{"line":233,"column":16}},"84":{"start":{"line":253,"column":16},"end":{"line":253,"column":18}},"85":{"start":{"line":254,"column":4},"end":{"line":259,"column":null}},"86":{"start":{"line":256,"column":8},"end":{"line":258,"column":null}},"87":{"start":{"line":257,"column":12},"end":{"line":257,"column":49}},"88":{"start":{"line":260,"column":4},"end":{"line":260,"column":15}},"89":{"start":{"line":250,"column":0},"end":{"line":250,"column":16}},"90":{"start":{"line":272,"column":4},"end":{"line":272,"column":32}},"91":{"start":{"line":271,"column":0},"end":{"line":271,"column":16}},"92":{"start":{"line":283,"column":19},"end":{"line":283,"column":35}},"93":{"start":{"line":284,"column":4},"end":{"line":290,"column":7}},"94":{"start":{"line":285,"column":8},"end":{"line":288,"column":10}},"95":{"start":{"line":287,"column":12},"end":{"line":287,"column":38}},"96":{"start":{"line":289,"column":8},"end":{"line":289,"column":35}},"97":{"start":{"line":282,"column":0},"end":{"line":282,"column":16}},"98":{"start":{"line":300,"column":16},"end":{"line":300,"column":35}},"99":{"start":{"line":301,"column":4},"end":{"line":303,"column":null}},"100":{"start":{"line":302,"column":8},"end":{"line":302,"column":29}},"101":{"start":{"line":305,"column":4},"end":{"line":305,"column":13}},"102":{"start":{"line":299,"column":0},"end":{"line":299,"column":16}},"103":{"start":{"line":316,"column":4},"end":{"line":324,"column":null}},"104":{"start":{"line":317,"column":8},"end":{"line":317,"column":20}},"105":{"start":{"line":319,"column":10},"end":{"line":324,"column":null}},"106":{"start":{"line":320,"column":8},"end":{"line":320,"column":21}},"107":{"start":{"line":322,"column":10},"end":{"line":324,"column":null}},"108":{"start":{"line":323,"column":8},"end":{"line":323,"column":25}},"109":{"start":{"line":326,"column":4},"end":{"line":326,"column":17}},"110":{"start":{"line":315,"column":0},"end":{"line":315,"column":16}}},"fnMap":{"0":{"name":"toCapitalize","decl":{"start":{"line":7,"column":16},"end":{"line":7,"column":28}},"loc":{"start":{"line":7,"column":40},"end":{"line":9,"column":1}}},"1":{"name":"(anonymous_1)","decl":{"start":{"line":8,"column":34},"end":{"line":8,"column":36}},"loc":{"start":{"line":8,"column":40},"end":{"line":8,"column":56}}},"2":{"name":"upperLineToLowerCase","decl":{"start":{"line":18,"column":16},"end":{"line":18,"column":36}},"loc":{"start":{"line":18,"column":48},"end":{"line":22,"column":1}}},"3":{"name":"(anonymous_3)","decl":{"start":{"line":19,"column":48},"end":{"line":19,"column":57}},"loc":{"start":{"line":19,"column":68},"end":{"line":21,"column":5}}},"4":{"name":"lowerLocaleToISOCode","decl":{"start":{"line":31,"column":16},"end":{"line":31,"column":36}},"loc":{"start":{"line":31,"column":55},"end":{"line":34,"column":1}}},"5":{"name":"(anonymous_5)","decl":{"start":{"line":32,"column":49},"end":{"line":32,"column":51}},"loc":{"start":{"line":32,"column":55},"end":{"line":32,"column":71}}},"6":{"name":"(anonymous_6)","decl":{"start":{"line":33,"column":38},"end":{"line":33,"column":40}},"loc":{"start":{"line":33,"column":44},"end":{"line":33,"column":60}}},"7":{"name":"lowerCaseToUpLineCase","decl":{"start":{"line":44,"column":16},"end":{"line":44,"column":37}},"loc":{"start":{"line":44,"column":49},"end":{"line":46,"column":1}}},"8":{"name":"rgbToHex","decl":{"start":{"line":54,"column":16},"end":{"line":54,"column":24}},"loc":{"start":{"line":54,"column":39},"end":{"line":64,"column":1}}},"9":{"name":"(anonymous_9)","decl":{"start":{"line":56,"column":16},"end":{"line":56,"column":26}},"loc":{"start":{"line":56,"column":32},"end":{"line":58,"column":5}}},"10":{"name":"hexToRGB","decl":{"start":{"line":73,"column":16},"end":{"line":73,"column":24}},"loc":{"start":{"line":73,"column":52},"end":{"line":99,"column":1}}},"11":{"name":"paddingLeft","decl":{"start":{"line":110,"column":16},"end":{"line":110,"column":27}},"loc":{"start":{"line":110,"column":62},"end":{"line":116,"column":1}}},"12":{"name":"autoMapper","decl":{"start":{"line":129,"column":16},"end":{"line":129,"column":26}},"loc":{"start":{"line":129,"column":61},"end":{"line":136,"column":1}}},"13":{"name":"(anonymous_13)","decl":{"start":{"line":131,"column":38},"end":{"line":131,"column":39}},"loc":{"start":{"line":131,"column":61},"end":{"line":135,"column":5}}},"14":{"name":"reverseObj","decl":{"start":{"line":146,"column":16},"end":{"line":146,"column":26}},"loc":{"start":{"line":146,"column":61},"end":{"line":152,"column":1}}},"15":{"name":"(anonymous_15)","decl":{"start":{"line":149,"column":16},"end":{"line":149,"column":17}},"loc":{"start":{"line":149,"column":44},"end":{"line":151,"column":9}}},"16":{"name":"objToFormData","decl":{"start":{"line":164,"column":16},"end":{"line":164,"column":29}},"loc":{"start":{"line":164,"column":56},"end":{"line":191,"column":1}}},"17":{"name":"(anonymous_17)","decl":{"start":{"line":167,"column":23},"end":{"line":167,"column":24}},"loc":{"start":{"line":167,"column":42},"end":{"line":187,"column":5}}},"18":{"name":"jsonDecode","decl":{"start":{"line":202,"column":16},"end":{"line":202,"column":26}},"loc":{"start":{"line":202,"column":54},"end":{"line":211,"column":1}}},"19":{"name":"arrayJoin","decl":{"start":{"line":218,"column":16},"end":{"line":218,"column":25}},"loc":{"start":{"line":218,"column":58},"end":{"line":225,"column":1}}},"20":{"name":"stringSplit","decl":{"start":{"line":233,"column":16},"end":{"line":233,"column":27}},"loc":{"start":{"line":233,"column":58},"end":{"line":240,"column":1}}},"21":{"name":"objFilterNotTrue2Array","decl":{"start":{"line":250,"column":16},"end":{"line":250,"column":38}},"loc":{"start":{"line":252,"column":1},"end":{"line":261,"column":1}}},"22":{"name":"arrayFilterSameValue","decl":{"start":{"line":271,"column":16},"end":{"line":271,"column":36}},"loc":{"start":{"line":271,"column":48},"end":{"line":273,"column":1}}},"23":{"name":"fileConvertBase64","decl":{"start":{"line":282,"column":16},"end":{"line":282,"column":33}},"loc":{"start":{"line":282,"column":44},"end":{"line":291,"column":1}}},"24":{"name":"(anonymous_24)","decl":{"start":{"line":284,"column":23},"end":{"line":284,"column":30}},"loc":{"start":{"line":284,"column":33},"end":{"line":290,"column":5}}},"25":{"name":"(anonymous_25)","decl":{"start":{"line":285,"column":24},"end":{"line":285,"column":26}},"loc":{"start":{"line":285,"column":29},"end":{"line":288,"column":9}}},"26":{"name":"toNumber","decl":{"start":{"line":299,"column":16},"end":{"line":299,"column":24}},"loc":{"start":{"line":299,"column":35},"end":{"line":306,"column":1}}},"27":{"name":"toBoolean","decl":{"start":{"line":315,"column":16},"end":{"line":315,"column":25}},"loc":{"start":{"line":315,"column":68},"end":{"line":327,"column":1}}}},"branchMap":{"0":{"loc":{"start":{"line":57,"column":15},"end":{"line":57,"column":88}},"type":"cond-expr","locations":[{"start":{"line":57,"column":33},"end":{"line":57,"column":37}},{"start":{"line":57,"column":40},"end":{"line":57,"column":88}}]},"1":{"loc":{"start":{"line":60,"column":4},"end":{"line":62,"column":null}},"type":"if","locations":[{"start":{"line":60,"column":4},"end":{"line":62,"column":null}}]},"2":{"loc":{"start":{"line":60,"column":7},"end":{"line":60,"column":36}},"type":"binary-expr","locations":[{"start":{"line":60,"column":7},"end":{"line":60,"column":18}},{"start":{"line":60,"column":22},"end":{"line":60,"column":36}}]},"3":{"loc":{"start":{"line":73,"column":41},"end":{"line":73,"column":52}},"type":"default-arg","locations":[{"start":{"line":73,"column":51},"end":{"line":73,"column":52}}]},"4":{"loc":{"start":{"line":78,"column":4},"end":{"line":97,"column":null}},"type":"if","locations":[{"start":{"line":78,"column":4},"end":{"line":97,"column":null}}]},"5":{"loc":{"start":{"line":79,"column":8},"end":{"line":85,"column":null}},"type":"if","locations":[{"start":{"line":79,"column":8},"end":{"line":85,"column":null}}]},"6":{"loc":{"start":{"line":81,"column":12},"end":{"line":83,"column":null}},"type":"if","locations":[{"start":{"line":81,"column":12},"end":{"line":83,"column":null}}]},"7":{"loc":{"start":{"line":91,"column":8},"end":{"line":94,"column":null}},"type":"if","locations":[{"start":{"line":91,"column":8},"end":{"line":94,"column":null}}]},"8":{"loc":{"start":{"line":112,"column":4},"end":{"line":114,"column":null}},"type":"if","locations":[{"start":{"line":112,"column":4},"end":{"line":114,"column":null}}]},"9":{"loc":{"start":{"line":132,"column":23},"end":{"line":132,"column":42}},"type":"binary-expr","locations":[{"start":{"line":132,"column":23},"end":{"line":132,"column":35}},{"start":{"line":132,"column":39},"end":{"line":132,"column":42}}]},"10":{"loc":{"start":{"line":169,"column":12},"end":{"line":185,"column":null}},"type":"if","locations":[{"start":{"line":169,"column":12},"end":{"line":185,"column":null}},{"start":{"line":182,"column":18},"end":{"line":185,"column":null}}]},"11":{"loc":{"start":{"line":172,"column":20},"end":{"line":179,"column":null}},"type":"if","locations":[{"start":{"line":172,"column":20},"end":{"line":179,"column":null}},{"start":{"line":177,"column":25},"end":{"line":179,"column":null}}]},"12":{"loc":{"start":{"line":182,"column":18},"end":{"line":185,"column":null}},"type":"if","locations":[{"start":{"line":182,"column":18},"end":{"line":185,"column":null}}]},"13":{"loc":{"start":{"line":182,"column":21},"end":{"line":182,"column":67}},"type":"binary-expr","locations":[{"start":{"line":182,"column":21},"end":{"line":182,"column":49}},{"start":{"line":182,"column":53},"end":{"line":182,"column":67}}]},"14":{"loc":{"start":{"line":205,"column":8},"end":{"line":207,"column":null}},"type":"if","locations":[{"start":{"line":205,"column":8},"end":{"line":207,"column":null}}]},"15":{"loc":{"start":{"line":205,"column":12},"end":{"line":205,"column":58}},"type":"binary-expr","locations":[{"start":{"line":205,"column":12},"end":{"line":205,"column":15}},{"start":{"line":205,"column":19},"end":{"line":205,"column":42}},{"start":{"line":205,"column":46},"end":{"line":205,"column":58}}]},"16":{"loc":{"start":{"line":256,"column":8},"end":{"line":258,"column":null}},"type":"if","locations":[{"start":{"line":256,"column":8},"end":{"line":258,"column":null}}]},"17":{"loc":{"start":{"line":301,"column":4},"end":{"line":303,"column":null}},"type":"if","locations":[{"start":{"line":301,"column":4},"end":{"line":303,"column":null}}]},"18":{"loc":{"start":{"line":315,"column":38},"end":{"line":315,"column":68}},"type":"default-arg","locations":[{"start":{"line":315,"column":64},"end":{"line":315,"column":68}}]},"19":{"loc":{"start":{"line":316,"column":4},"end":{"line":324,"column":null}},"type":"if","locations":[{"start":{"line":316,"column":4},"end":{"line":324,"column":null}},{"start":{"line":319,"column":10},"end":{"line":324,"column":null}}]},"20":{"loc":{"start":{"line":316,"column":7},"end":{"line":316,"column":56}},"type":"binary-expr","locations":[{"start":{"line":316,"column":7},"end":{"line":316,"column":23}},{"start":{"line":316,"column":27},"end":{"line":316,"column":41}},{"start":{"line":316,"column":45},"end":{"line":316,"column":56}}]},"21":{"loc":{"start":{"line":319,"column":10},"end":{"line":324,"column":null}},"type":"if","locations":[{"start":{"line":319,"column":10},"end":{"line":324,"column":null}},{"start":{"line":322,"column":10},"end":{"line":324,"column":null}}]},"22":{"loc":{"start":{"line":319,"column":13},"end":{"line":319,"column":64}},"type":"binary-expr","locations":[{"start":{"line":319,"column":13},"end":{"line":319,"column":30}},{"start":{"line":319,"column":34},"end":{"line":319,"column":45}},{"start":{"line":319,"column":49},"end":{"line":319,"column":64}}]},"23":{"loc":{"start":{"line":322,"column":10},"end":{"line":324,"column":null}},"type":"if","locations":[{"start":{"line":322,"column":10},"end":{"line":324,"column":null}}]}},"s":{"0":1,"1":1,"2":1,"3":1,"4":1,"5":1,"6":1,"7":1,"8":1,"9":1,"10":1,"11":1,"12":1,"13":3,"14":3,"15":6,"16":3,"17":3,"18":2,"19":1,"20":1,"21":3,"22":3,"23":3,"24":3,"25":2,"26":0,"27":0,"28":0,"29":0,"30":2,"31":2,"32":2,"33":2,"34":1,"35":1,"36":1,"37":1,"38":1,"39":3,"40":3,"41":2,"42":1,"43":1,"44":1,"45":1,"46":1,"47":1,"48":1,"49":1,"50":1,"51":1,"52":1,"53":1,"54":0,"55":0,"56":0,"57":0,"58":0,"59":0,"60":0,"61":0,"62":0,"63":0,"64":0,"65":0,"66":0,"67":0,"68":0,"69":1,"70":2,"71":2,"72":1,"73":1,"74":1,"75":1,"76":2,"77":2,"78":1,"79":1,"80":2,"81":2,"82":1,"83":1,"84":1,"85":1,"86":3,"87":2,"88":1,"89":1,"90":1,"91":1,"92":0,"93":0,"94":0,"95":0,"96":0,"97":1,"98":4,"99":4,"100":2,"101":2,"102":1,"103":7,"104":3,"105":4,"106":1,"107":3,"108":3,"109":0,"110":1},"f":{"0":1,"1":1,"2":1,"3":1,"4":1,"5":1,"6":1,"7":1,"8":3,"9":6,"10":3,"11":3,"12":1,"13":1,"14":1,"15":1,"16":0,"17":0,"18":2,"19":2,"20":2,"21":1,"22":1,"23":0,"24":0,"25":0,"26":4,"27":7},"b":{"0":[0,6],"1":[2],"2":[3,2],"3":[2],"4":[2],"5":[0],"6":[0],"7":[1],"8":[2],"9":[1,0],"10":[0,0],"11":[0,0],"12":[0],"13":[0,0],"14":[1],"15":[1,1,1],"16":[2],"17":[2],"18":[6],"19":[3,4],"20":[7,6,5],"21":[1,3],"22":[4,3,3],"23":[3]}}
,"/Users/imagine/project/test/js-utils/src/url.ts": {"path":"/Users/imagine/project/test/js-utils/src/url.ts","statementMap":{"0":{"start":{"line":1,"column":0},"end":{"line":1,"column":35}},"1":{"start":{"line":13,"column":38},"end":{"line":13,"column":40}},"2":{"start":{"line":16,"column":4},"end":{"line":19,"column":7}},"3":{"start":{"line":17,"column":22},"end":{"line":17,"column":35}},"4":{"start":{"line":18,"column":8},"end":{"line":18,"column":88}},"5":{"start":{"line":20,"column":4},"end":{"line":22,"column":null}},"6":{"start":{"line":21,"column":8},"end":{"line":21,"column":47}},"7":{"start":{"line":23,"column":4},"end":{"line":23,"column":null}},"8":{"start":{"line":10,"column":0},"end":{"line":10,"column":16}},"9":{"start":{"line":33,"column":18},"end":{"line":33,"column":53}},"10":{"start":{"line":34,"column":21},"end":{"line":34,"column":23}},"11":{"start":{"line":36,"column":4},"end":{"line":44,"column":null}},"12":{"start":{"line":37,"column":8},"end":{"line":42,"column":11}},"13":{"start":{"line":38,"column":22},"end":{"line":38,"column":34}},"14":{"start":{"line":39,"column":12},"end":{"line":41,"column":null}},"15":{"start":{"line":40,"column":16},"end":{"line":40,"column":33}},"16":{"start":{"line":43,"column":8},"end":{"line":43,"column":61}},"17":{"start":{"line":45,"column":4},"end":{"line":45,"column":21}},"18":{"start":{"line":32,"column":0},"end":{"line":32,"column":16}},"19":{"start":{"line":55,"column":4},"end":{"line":62,"column":null}},"20":{"start":{"line":57,"column":20},"end":{"line":57,"column":57}},"21":{"start":{"line":58,"column":23},"end":{"line":58,"column":36}},"22":{"start":{"line":59,"column":8},"end":{"line":61,"column":null}},"23":{"start":{"line":60,"column":12},"end":{"line":60,"column":29}},"24":{"start":{"line":63,"column":4},"end":{"line":63,"column":14}},"25":{"start":{"line":54,"column":0},"end":{"line":54,"column":16}},"26":{"start":{"line":72,"column":23},"end":{"line":72,"column":52}},"27":{"start":{"line":73,"column":21},"end":{"line":73,"column":46}},"28":{"start":{"line":74,"column":4},"end":{"line":81,"column":null}},"29":{"start":{"line":75,"column":28},"end":{"line":75,"column":50}},"30":{"start":{"line":76,"column":8},"end":{"line":80,"column":null}},"31":{"start":{"line":77,"column":12},"end":{"line":77,"column":31}},"32":{"start":{"line":78,"column":14},"end":{"line":80,"column":null}},"33":{"start":{"line":79,"column":12},"end":{"line":79,"column":61}},"34":{"start":{"line":82,"column":4},"end":{"line":82,"column":14}},"35":{"start":{"line":71,"column":0},"end":{"line":71,"column":16}},"36":{"start":{"line":91,"column":23},"end":{"line":91,"column":52}},"37":{"start":{"line":92,"column":21},"end":{"line":92,"column":46}},"38":{"start":{"line":93,"column":4},"end":{"line":98,"column":null}},"39":{"start":{"line":94,"column":28},"end":{"line":94,"column":50}},"40":{"start":{"line":95,"column":8},"end":{"line":97,"column":null}},"41":{"start":{"line":96,"column":12},"end":{"line":96,"column":34}},"42":{"start":{"line":99,"column":4},"end":{"line":99,"column":14}},"43":{"start":{"line":90,"column":0},"end":{"line":90,"column":16}}},"fnMap":{"0":{"name":"encodeQueryString","decl":{"start":{"line":10,"column":16},"end":{"line":10,"column":33}},"loc":{"start":{"line":12,"column":6},"end":{"line":24,"column":1}}},"1":{"name":"(anonymous_1)","decl":{"start":{"line":16,"column":34},"end":{"line":16,"column":37}},"loc":{"start":{"line":16,"column":40},"end":{"line":19,"column":5}}},"2":{"name":"decodeQueryString","decl":{"start":{"line":32,"column":16},"end":{"line":32,"column":33}},"loc":{"start":{"line":32,"column":45},"end":{"line":46,"column":1}}},"3":{"name":"(anonymous_3)","decl":{"start":{"line":37,"column":22},"end":{"line":37,"column":23}},"loc":{"start":{"line":37,"column":26},"end":{"line":42,"column":9}}},"4":{"name":"getProtocolDomain","decl":{"start":{"line":54,"column":16},"end":{"line":54,"column":33}},"loc":{"start":{"line":54,"column":45},"end":{"line":64,"column":1}}},"5":{"name":"getMainDomain","decl":{"start":{"line":71,"column":16},"end":{"line":71,"column":29}},"loc":{"start":{"line":71,"column":46},"end":{"line":83,"column":1}}},"6":{"name":"getSubDomain","decl":{"start":{"line":90,"column":16},"end":{"line":90,"column":28}},"loc":{"start":{"line":90,"column":45},"end":{"line":101,"column":1}}}},"branchMap":{"0":{"loc":{"start":{"line":10,"column":34},"end":{"line":12,"column":6}},"type":"default-arg","locations":[{"start":{"line":12,"column":4},"end":{"line":12,"column":6}}]},"1":{"loc":{"start":{"line":20,"column":4},"end":{"line":22,"column":null}},"type":"if","locations":[{"start":{"line":20,"column":4},"end":{"line":22,"column":null}}]},"2":{"loc":{"start":{"line":32,"column":37},"end":{"line":32,"column":45}},"type":"default-arg","locations":[{"start":{"line":32,"column":43},"end":{"line":32,"column":45}}]},"3":{"loc":{"start":{"line":36,"column":4},"end":{"line":44,"column":null}},"type":"if","locations":[{"start":{"line":36,"column":4},"end":{"line":44,"column":null}}]},"4":{"loc":{"start":{"line":39,"column":12},"end":{"line":41,"column":null}},"type":"if","locations":[{"start":{"line":39,"column":12},"end":{"line":41,"column":null}}]},"5":{"loc":{"start":{"line":43,"column":15},"end":{"line":43,"column":60}},"type":"cond-expr","locations":[{"start":{"line":43,"column":45},"end":{"line":43,"column":48}},{"start":{"line":43,"column":51},"end":{"line":43,"column":60}}]},"6":{"loc":{"start":{"line":55,"column":4},"end":{"line":62,"column":null}},"type":"if","locations":[{"start":{"line":55,"column":4},"end":{"line":62,"column":null}}]},"7":{"loc":{"start":{"line":59,"column":8},"end":{"line":61,"column":null}},"type":"if","locations":[{"start":{"line":59,"column":8},"end":{"line":61,"column":null}}]},"8":{"loc":{"start":{"line":74,"column":4},"end":{"line":81,"column":null}},"type":"if","locations":[{"start":{"line":74,"column":4},"end":{"line":81,"column":null}}]},"9":{"loc":{"start":{"line":74,"column":8},"end":{"line":74,"column":31}},"type":"binary-expr","locations":[{"start":{"line":74,"column":8},"end":{"line":74,"column":16}},{"start":{"line":74,"column":20},"end":{"line":74,"column":31}}]},"10":{"loc":{"start":{"line":76,"column":8},"end":{"line":80,"column":null}},"type":"if","locations":[{"start":{"line":76,"column":8},"end":{"line":80,"column":null}},{"start":{"line":78,"column":14},"end":{"line":80,"column":null}}]},"11":{"loc":{"start":{"line":78,"column":14},"end":{"line":80,"column":null}},"type":"if","locations":[{"start":{"line":78,"column":14},"end":{"line":80,"column":null}}]},"12":{"loc":{"start":{"line":93,"column":4},"end":{"line":98,"column":null}},"type":"if","locations":[{"start":{"line":93,"column":4},"end":{"line":98,"column":null}}]},"13":{"loc":{"start":{"line":93,"column":8},"end":{"line":93,"column":31}},"type":"binary-expr","locations":[{"start":{"line":93,"column":8},"end":{"line":93,"column":16}},{"start":{"line":93,"column":20},"end":{"line":93,"column":31}}]},"14":{"loc":{"start":{"line":95,"column":8},"end":{"line":97,"column":null}},"type":"if","locations":[{"start":{"line":95,"column":8},"end":{"line":97,"column":null}}]}},"s":{"0":1,"1":2,"2":2,"3":2,"4":2,"5":2,"6":1,"7":1,"8":1,"9":3,"10":3,"11":3,"12":3,"13":5,"14":5,"15":4,"16":3,"17":0,"18":1,"19":2,"20":2,"21":2,"22":2,"23":2,"24":0,"25":1,"26":3,"27":3,"28":3,"29":3,"30":3,"31":1,"32":2,"33":2,"34":0,"35":1,"36":3,"37":3,"38":3,"39":3,"40":3,"41":2,"42":1,"43":1},"f":{"0":2,"1":2,"2":3,"3":5,"4":2,"5":3,"6":3},"b":{"0":[0],"1":[1],"2":[0],"3":[3],"4":[4],"5":[2,1],"6":[2],"7":[2],"8":[3],"9":[3,3],"10":[1,2],"11":[2],"12":[3],"13":[3,3],"14":[2]}}
}
