{"/Users/imagine/project/my/bear-jsutils/src/array.ts": {"path":"/Users/imagine/project/my/bear-jsutils/src/array.ts","statementMap":{"0":{"start":{"line":9,"column":4},"end":{"line":9,"column":49}},"1":{"start":{"line":8,"column":0},"end":{"line":8,"column":16}},"2":{"start":{"line":20,"column":4},"end":{"line":20,"column":47}},"3":{"start":{"line":19,"column":0},"end":{"line":19,"column":16}},"4":{"start":{"line":31,"column":4},"end":{"line":31,"column":70}},"5":{"start":{"line":31,"column":53},"end":{"line":31,"column":70}},"6":{"start":{"line":32,"column":4},"end":{"line":32,"column":73}},"7":{"start":{"line":30,"column":0},"end":{"line":30,"column":16}},"8":{"start":{"line":44,"column":4},"end":{"line":44,"column":32}},"9":{"start":{"line":43,"column":0},"end":{"line":43,"column":16}},"10":{"start":{"line":56,"column":4},"end":{"line":58,"column":20}},"11":{"start":{"line":57,"column":8},"end":{"line":57,"column":35}},"12":{"start":{"line":60,"column":4},"end":{"line":60,"column":14}},"13":{"start":{"line":54,"column":0},"end":{"line":54,"column":16}}},"fnMap":{"0":{"name":"pull","decl":{"start":{"line":8,"column":16},"end":{"line":8,"column":20}},"loc":{"start":{"line":8,"column":51},"end":{"line":10,"column":1}}},"1":{"name":"push","decl":{"start":{"line":19,"column":16},"end":{"line":19,"column":20}},"loc":{"start":{"line":19,"column":51},"end":{"line":21,"column":1}}},"2":{"name":"removeByIndex","decl":{"start":{"line":30,"column":16},"end":{"line":30,"column":29}},"loc":{"start":{"line":30,"column":62},"end":{"line":33,"column":1}}},"3":{"name":"getUnique","decl":{"start":{"line":43,"column":16},"end":{"line":43,"column":25}},"loc":{"start":{"line":43,"column":52},"end":{"line":45,"column":1}}},"4":{"name":"arrayJoin","decl":{"start":{"line":54,"column":16},"end":{"line":54,"column":25}},"loc":{"start":{"line":54,"column":58},"end":{"line":61,"column":1}}}},"branchMap":{"0":{"loc":{"start":{"line":31,"column":4},"end":{"line":31,"column":70}},"type":"if","locations":[{"start":{"line":31,"column":4},"end":{"line":31,"column":70}}]},"1":{"loc":{"start":{"line":31,"column":7},"end":{"line":31,"column":51}},"type":"binary-expr","locations":[{"start":{"line":31,"column":7},"end":{"line":31,"column":19}},{"start":{"line":31,"column":23},"end":{"line":31,"column":51}}]}},"s":{"0":1,"1":1,"2":1,"3":1,"4":1,"5":0,"6":1,"7":1,"8":1,"9":1,"10":2,"11":2,"12":1,"13":1},"f":{"0":1,"1":1,"2":1,"3":1,"4":2},"b":{"0":[0],"1":[1,1]}}
,"/Users/imagine/project/my/bear-jsutils/src/convert.ts": {"path":"/Users/imagine/project/my/bear-jsutils/src/convert.ts","statementMap":{"0":{"start":{"line":8,"column":22},"end":{"line":8,"column":102}},"1":{"start":{"line":9,"column":16},"end":{"line":11,"column":5}},"2":{"start":{"line":10,"column":8},"end":{"line":10,"column":89}},"3":{"start":{"line":12,"column":16},"end":{"line":12,"column":78}},"4":{"start":{"line":13,"column":4},"end":{"line":15,"column":null}},"5":{"start":{"line":14,"column":8},"end":{"line":14,"column":71}},"6":{"start":{"line":16,"column":4},"end":{"line":16,"column":21}},"7":{"start":{"line":7,"column":0},"end":{"line":7,"column":16}},"8":{"start":{"line":27,"column":20},"end":{"line":27,"column":43}},"9":{"start":{"line":28,"column":26},"end":{"line":28,"column":35}},"10":{"start":{"line":30,"column":4},"end":{"line":49,"column":null}},"11":{"start":{"line":31,"column":8},"end":{"line":37,"column":null}},"12":{"start":{"line":32,"column":12},"end":{"line":32,"column":52}},"13":{"start":{"line":33,"column":12},"end":{"line":35,"column":null}},"14":{"start":{"line":34,"column":16},"end":{"line":34,"column":37}},"15":{"start":{"line":36,"column":12},"end":{"line":36,"column":106}},"16":{"start":{"line":39,"column":18},"end":{"line":39,"column":54}},"17":{"start":{"line":40,"column":18},"end":{"line":40,"column":54}},"18":{"start":{"line":41,"column":18},"end":{"line":41,"column":54}},"19":{"start":{"line":43,"column":8},"end":{"line":46,"column":null}},"20":{"start":{"line":44,"column":31},"end":{"line":44,"column":67}},"21":{"start":{"line":45,"column":12},"end":{"line":45,"column":59}},"22":{"start":{"line":47,"column":8},"end":{"line":47,"column":42}},"23":{"start":{"line":50,"column":4},"end":{"line":50,"column":25}},"24":{"start":{"line":26,"column":0},"end":{"line":26,"column":16}},"25":{"start":{"line":64,"column":16},"end":{"line":64,"column":35}},"26":{"start":{"line":65,"column":4},"end":{"line":67,"column":null}},"27":{"start":{"line":66,"column":8},"end":{"line":66,"column":29}},"28":{"start":{"line":69,"column":4},"end":{"line":69,"column":24}},"29":{"start":{"line":63,"column":0},"end":{"line":63,"column":16}},"30":{"start":{"line":82,"column":24},"end":{"line":82,"column":37}},"31":{"start":{"line":83,"column":4},"end":{"line":85,"column":null}},"32":{"start":{"line":84,"column":8},"end":{"line":84,"column":27}},"33":{"start":{"line":87,"column":4},"end":{"line":87,"column":24}},"34":{"start":{"line":81,"column":0},"end":{"line":81,"column":16}},"35":{"start":{"line":98,"column":4},"end":{"line":106,"column":null}},"36":{"start":{"line":99,"column":8},"end":{"line":99,"column":20}},"37":{"start":{"line":101,"column":10},"end":{"line":106,"column":null}},"38":{"start":{"line":102,"column":8},"end":{"line":102,"column":21}},"39":{"start":{"line":104,"column":10},"end":{"line":106,"column":null}},"40":{"start":{"line":105,"column":8},"end":{"line":105,"column":25}},"41":{"start":{"line":108,"column":4},"end":{"line":108,"column":17}},"42":{"start":{"line":97,"column":0},"end":{"line":97,"column":16}}},"fnMap":{"0":{"name":"rgbToHex","decl":{"start":{"line":7,"column":16},"end":{"line":7,"column":24}},"loc":{"start":{"line":7,"column":39},"end":{"line":17,"column":1}}},"1":{"name":"(anonymous_1)","decl":{"start":{"line":9,"column":16},"end":{"line":9,"column":26}},"loc":{"start":{"line":9,"column":32},"end":{"line":11,"column":5}}},"2":{"name":"hexToRGB","decl":{"start":{"line":26,"column":16},"end":{"line":26,"column":24}},"loc":{"start":{"line":26,"column":52},"end":{"line":51,"column":1}}},"3":{"name":"filterNumber","decl":{"start":{"line":63,"column":16},"end":{"line":63,"column":28}},"loc":{"start":{"line":63,"column":57},"end":{"line":70,"column":1}}},"4":{"name":"anyToNumber","decl":{"start":{"line":81,"column":16},"end":{"line":81,"column":27}},"loc":{"start":{"line":81,"column":56},"end":{"line":88,"column":1}}},"5":{"name":"anyToBoolean","decl":{"start":{"line":97,"column":16},"end":{"line":97,"column":28}},"loc":{"start":{"line":97,"column":71},"end":{"line":109,"column":1}}}},"branchMap":{"0":{"loc":{"start":{"line":10,"column":15},"end":{"line":10,"column":88}},"type":"cond-expr","locations":[{"start":{"line":10,"column":33},"end":{"line":10,"column":37}},{"start":{"line":10,"column":40},"end":{"line":10,"column":88}}]},"1":{"loc":{"start":{"line":13,"column":4},"end":{"line":15,"column":null}},"type":"if","locations":[{"start":{"line":13,"column":4},"end":{"line":15,"column":null}}]},"2":{"loc":{"start":{"line":13,"column":7},"end":{"line":13,"column":36}},"type":"binary-expr","locations":[{"start":{"line":13,"column":7},"end":{"line":13,"column":18}},{"start":{"line":13,"column":22},"end":{"line":13,"column":36}}]},"3":{"loc":{"start":{"line":26,"column":41},"end":{"line":26,"column":52}},"type":"default-arg","locations":[{"start":{"line":26,"column":51},"end":{"line":26,"column":52}}]},"4":{"loc":{"start":{"line":30,"column":4},"end":{"line":49,"column":null}},"type":"if","locations":[{"start":{"line":30,"column":4},"end":{"line":49,"column":null}}]},"5":{"loc":{"start":{"line":31,"column":8},"end":{"line":37,"column":null}},"type":"if","locations":[{"start":{"line":31,"column":8},"end":{"line":37,"column":null}}]},"6":{"loc":{"start":{"line":33,"column":12},"end":{"line":35,"column":null}},"type":"if","locations":[{"start":{"line":33,"column":12},"end":{"line":35,"column":null}}]},"7":{"loc":{"start":{"line":43,"column":8},"end":{"line":46,"column":null}},"type":"if","locations":[{"start":{"line":43,"column":8},"end":{"line":46,"column":null}}]},"8":{"loc":{"start":{"line":63,"column":41},"end":{"line":63,"column":57}},"type":"default-arg","locations":[{"start":{"line":63,"column":56},"end":{"line":63,"column":57}}]},"9":{"loc":{"start":{"line":65,"column":4},"end":{"line":67,"column":null}},"type":"if","locations":[{"start":{"line":65,"column":4},"end":{"line":67,"column":null}}]},"10":{"loc":{"start":{"line":81,"column":40},"end":{"line":81,"column":56}},"type":"default-arg","locations":[{"start":{"line":81,"column":55},"end":{"line":81,"column":56}}]},"11":{"loc":{"start":{"line":83,"column":4},"end":{"line":85,"column":null}},"type":"if","locations":[{"start":{"line":83,"column":4},"end":{"line":85,"column":null}}]},"12":{"loc":{"start":{"line":97,"column":41},"end":{"line":97,"column":71}},"type":"default-arg","locations":[{"start":{"line":97,"column":67},"end":{"line":97,"column":71}}]},"13":{"loc":{"start":{"line":98,"column":4},"end":{"line":106,"column":null}},"type":"if","locations":[{"start":{"line":98,"column":4},"end":{"line":106,"column":null}},{"start":{"line":101,"column":10},"end":{"line":106,"column":null}}]},"14":{"loc":{"start":{"line":98,"column":7},"end":{"line":98,"column":56}},"type":"binary-expr","locations":[{"start":{"line":98,"column":7},"end":{"line":98,"column":23}},{"start":{"line":98,"column":27},"end":{"line":98,"column":41}},{"start":{"line":98,"column":45},"end":{"line":98,"column":56}}]},"15":{"loc":{"start":{"line":101,"column":10},"end":{"line":106,"column":null}},"type":"if","locations":[{"start":{"line":101,"column":10},"end":{"line":106,"column":null}},{"start":{"line":104,"column":10},"end":{"line":106,"column":null}}]},"16":{"loc":{"start":{"line":101,"column":13},"end":{"line":101,"column":64}},"type":"binary-expr","locations":[{"start":{"line":101,"column":13},"end":{"line":101,"column":30}},{"start":{"line":101,"column":34},"end":{"line":101,"column":45}},{"start":{"line":101,"column":49},"end":{"line":101,"column":64}}]},"17":{"loc":{"start":{"line":104,"column":10},"end":{"line":106,"column":null}},"type":"if","locations":[{"start":{"line":104,"column":10},"end":{"line":106,"column":null}}]}},"s":{"0":3,"1":3,"2":6,"3":3,"4":3,"5":2,"6":1,"7":1,"8":3,"9":3,"10":3,"11":2,"12":0,"13":0,"14":0,"15":0,"16":2,"17":2,"18":2,"19":2,"20":1,"21":1,"22":1,"23":1,"24":1,"25":0,"26":0,"27":0,"28":0,"29":1,"30":4,"31":4,"32":3,"33":1,"34":1,"35":7,"36":3,"37":4,"38":1,"39":3,"40":3,"41":0,"42":1},"f":{"0":3,"1":6,"2":3,"3":0,"4":4,"5":7},"b":{"0":[0,6],"1":[2],"2":[3,2],"3":[2],"4":[2],"5":[0],"6":[0],"7":[1],"8":[0],"9":[0],"10":[4],"11":[3],"12":[6],"13":[3,4],"14":[7,6,5],"15":[1,3],"16":[4,3,3],"17":[3]}}
,"/Users/imagine/project/my/bear-jsutils/src/enum.ts": {"path":"/Users/imagine/project/my/bear-jsutils/src/enum.ts","statementMap":{"0":{"start":{"line":12,"column":4},"end":{"line":18,"column":null}},"1":{"start":{"line":13,"column":8},"end":{"line":17,"column":null}},"2":{"start":{"line":14,"column":12},"end":{"line":16,"column":null}},"3":{"start":{"line":15,"column":16},"end":{"line":15,"column":27}},"4":{"start":{"line":20,"column":4},"end":{"line":20,"column":21}},"5":{"start":{"line":11,"column":0},"end":{"line":11,"column":16}}},"fnMap":{"0":{"name":"enumFindKey","decl":{"start":{"line":11,"column":16},"end":{"line":11,"column":27}},"loc":{"start":{"line":11,"column":72},"end":{"line":21,"column":1}}}},"branchMap":{"0":{"loc":{"start":{"line":12,"column":4},"end":{"line":18,"column":null}},"type":"if","locations":[{"start":{"line":12,"column":4},"end":{"line":18,"column":null}}]},"1":{"loc":{"start":{"line":14,"column":12},"end":{"line":16,"column":null}},"type":"if","locations":[{"start":{"line":14,"column":12},"end":{"line":16,"column":null}}]}},"s":{"0":2,"1":2,"2":3,"3":2,"4":0,"5":1},"f":{"0":2},"b":{"0":[2],"1":[2]}}
,"/Users/imagine/project/my/bear-jsutils/src/equal.ts": {"path":"/Users/imagine/project/my/bear-jsutils/src/equal.ts","statementMap":{"0":{"start":{"line":1,"column":0},"end":{"line":1,"column":8}},"1":{"start":{"line":1,"column":8},"end":{"line":1,"column":30}},"2":{"start":{"line":6,"column":13},"end":{"line":11,"column":2}},"3":{"start":{"line":24,"column":31},"end":{"line":27,"column":6}},"4":{"start":{"line":28,"column":4},"end":{"line":35,"column":6}},"5":{"start":{"line":20,"column":0},"end":{"line":20,"column":16}},"6":{"start":{"line":48,"column":31},"end":{"line":51,"column":6}},"7":{"start":{"line":52,"column":4},"end":{"line":52,"column":47}},"8":{"start":{"line":44,"column":0},"end":{"line":44,"column":16}},"9":{"start":{"line":62,"column":15},"end":{"line":62,"column":81}},"10":{"start":{"line":63,"column":25},"end":{"line":63,"column":29}},"11":{"start":{"line":65,"column":25},"end":{"line":65,"column":37}},"12":{"start":{"line":66,"column":4},"end":{"line":85,"column":null}},"13":{"start":{"line":68,"column":8},"end":{"line":68,"column":40}},"14":{"start":{"line":69,"column":8},"end":{"line":72,"column":null}},"15":{"start":{"line":71,"column":12},"end":{"line":71,"column":35}},"16":{"start":{"line":73,"column":8},"end":{"line":73,"column":40}},"17":{"start":{"line":74,"column":8},"end":{"line":77,"column":null}},"18":{"start":{"line":76,"column":12},"end":{"line":76,"column":35}},"19":{"start":{"line":78,"column":8},"end":{"line":78,"column":40}},"20":{"start":{"line":79,"column":8},"end":{"line":82,"column":null}},"21":{"start":{"line":81,"column":12},"end":{"line":81,"column":35}},"22":{"start":{"line":84,"column":8},"end":{"line":84,"column":31}},"23":{"start":{"line":86,"column":4},"end":{"line":86,"column":26}},"24":{"start":{"line":61,"column":0},"end":{"line":61,"column":16}},"25":{"start":{"line":95,"column":16},"end":{"line":95,"column":46}},"26":{"start":{"line":97,"column":4},"end":{"line":99,"column":null}},"27":{"start":{"line":98,"column":8},"end":{"line":98,"column":20}},"28":{"start":{"line":100,"column":4},"end":{"line":100,"column":17}},"29":{"start":{"line":94,"column":0},"end":{"line":94,"column":16}},"30":{"start":{"line":108,"column":4},"end":{"line":115,"column":null}},"31":{"start":{"line":109,"column":20},"end":{"line":109,"column":42}},"32":{"start":{"line":110,"column":8},"end":{"line":112,"column":null}},"33":{"start":{"line":111,"column":12},"end":{"line":111,"column":24}},"34":{"start":{"line":114,"column":8},"end":{"line":114,"column":21}},"35":{"start":{"line":116,"column":4},"end":{"line":116,"column":17}},"36":{"start":{"line":107,"column":0},"end":{"line":107,"column":16}}},"fnMap":{"0":{"name":"(anonymous_1)","decl":{"start":{"line":1,"column":8},"end":{"line":1,"column":15}},"loc":{"start":{"line":1,"column":8},"end":{"line":1,"column":30}}},"1":{"name":"isEmpty","decl":{"start":{"line":20,"column":16},"end":{"line":20,"column":23}},"loc":{"start":{"line":23,"column":1},"end":{"line":36,"column":1}}},"2":{"name":"isNotEmpty","decl":{"start":{"line":44,"column":16},"end":{"line":44,"column":26}},"loc":{"start":{"line":47,"column":1},"end":{"line":53,"column":1}}},"3":{"name":"isDate","decl":{"start":{"line":61,"column":16},"end":{"line":61,"column":22}},"loc":{"start":{"line":61,"column":34},"end":{"line":87,"column":1}}},"4":{"name":"isIP","decl":{"start":{"line":94,"column":16},"end":{"line":94,"column":20}},"loc":{"start":{"line":94,"column":31},"end":{"line":101,"column":1}}},"5":{"name":"isJSON","decl":{"start":{"line":107,"column":16},"end":{"line":107,"column":22}},"loc":{"start":{"line":107,"column":41},"end":{"line":117,"column":1}}}},"branchMap":{"0":{"loc":{"start":{"line":25,"column":14},"end":{"line":25,"column":43}},"type":"cond-expr","locations":[{"start":{"line":25,"column":35},"end":{"line":25,"column":39}},{"start":{"line":25,"column":39},"end":{"line":25,"column":43}}]},"1":{"loc":{"start":{"line":25,"column":14},"end":{"line":25,"column":39}},"type":"binary-expr","locations":[{"start":{"line":25,"column":14},"end":{"line":25,"column":39}},{"start":{"line":25,"column":35},"end":{"line":25,"column":39}}]},"2":{"loc":{"start":{"line":25,"column":16},"end":{"line":25,"column":35}},"type":"cond-expr","locations":[{"start":{"line":25,"column":27},"end":{"line":25,"column":29}},{"start":{"line":25,"column":16},"end":{"line":25,"column":35}}]},"3":{"loc":{"start":{"line":25,"column":16},"end":{"line":25,"column":29}},"type":"binary-expr","locations":[{"start":{"line":25,"column":16},"end":{"line":25,"column":29}},{"start":{"line":25,"column":16},"end":{"line":25,"column":29}}]},"4":{"loc":{"start":{"line":26,"column":15},"end":{"line":26,"column":45}},"type":"cond-expr","locations":[{"start":{"line":26,"column":37},"end":{"line":26,"column":41}},{"start":{"line":26,"column":41},"end":{"line":26,"column":45}}]},"5":{"loc":{"start":{"line":26,"column":15},"end":{"line":26,"column":41}},"type":"binary-expr","locations":[{"start":{"line":26,"column":15},"end":{"line":26,"column":41}},{"start":{"line":26,"column":37},"end":{"line":26,"column":41}}]},"6":{"loc":{"start":{"line":26,"column":17},"end":{"line":26,"column":37}},"type":"cond-expr","locations":[{"start":{"line":26,"column":28},"end":{"line":26,"column":30}},{"start":{"line":26,"column":17},"end":{"line":26,"column":37}}]},"7":{"loc":{"start":{"line":26,"column":17},"end":{"line":26,"column":30}},"type":"binary-expr","locations":[{"start":{"line":26,"column":17},"end":{"line":26,"column":30}},{"start":{"line":26,"column":17},"end":{"line":26,"column":30}}]},"8":{"loc":{"start":{"line":29,"column":8},"end":{"line":34,"column":67}},"type":"binary-expr","locations":[{"start":{"line":29,"column":8},"end":{"line":29,"column":27}},{"start":{"line":30,"column":11},"end":{"line":30,"column":25}},{"start":{"line":31,"column":12},"end":{"line":31,"column":38}},{"start":{"line":31,"column":43},"end":{"line":31,"column":58}},{"start":{"line":31,"column":62},"end":{"line":31,"column":79}},{"start":{"line":32,"column":12},"end":{"line":32,"column":37}},{"start":{"line":32,"column":42},"end":{"line":32,"column":53}},{"start":{"line":32,"column":57},"end":{"line":32,"column":70}},{"start":{"line":33,"column":12},"end":{"line":33,"column":36}},{"start":{"line":33,"column":40},"end":{"line":33,"column":65}},{"start":{"line":33,"column":69},"end":{"line":33,"column":100}},{"start":{"line":34,"column":12},"end":{"line":34,"column":37}},{"start":{"line":34,"column":41},"end":{"line":34,"column":66}}]},"9":{"loc":{"start":{"line":49,"column":14},"end":{"line":49,"column":43}},"type":"cond-expr","locations":[{"start":{"line":49,"column":35},"end":{"line":49,"column":39}},{"start":{"line":49,"column":39},"end":{"line":49,"column":43}}]},"10":{"loc":{"start":{"line":49,"column":14},"end":{"line":49,"column":39}},"type":"binary-expr","locations":[{"start":{"line":49,"column":14},"end":{"line":49,"column":39}},{"start":{"line":49,"column":35},"end":{"line":49,"column":39}}]},"11":{"loc":{"start":{"line":49,"column":16},"end":{"line":49,"column":35}},"type":"cond-expr","locations":[{"start":{"line":49,"column":27},"end":{"line":49,"column":29}},{"start":{"line":49,"column":16},"end":{"line":49,"column":35}}]},"12":{"loc":{"start":{"line":49,"column":16},"end":{"line":49,"column":29}},"type":"binary-expr","locations":[{"start":{"line":49,"column":16},"end":{"line":49,"column":29}},{"start":{"line":49,"column":16},"end":{"line":49,"column":29}}]},"13":{"loc":{"start":{"line":50,"column":15},"end":{"line":50,"column":45}},"type":"cond-expr","locations":[{"start":{"line":50,"column":37},"end":{"line":50,"column":41}},{"start":{"line":50,"column":41},"end":{"line":50,"column":45}}]},"14":{"loc":{"start":{"line":50,"column":15},"end":{"line":50,"column":41}},"type":"binary-expr","locations":[{"start":{"line":50,"column":15},"end":{"line":50,"column":41}},{"start":{"line":50,"column":37},"end":{"line":50,"column":41}}]},"15":{"loc":{"start":{"line":50,"column":17},"end":{"line":50,"column":37}},"type":"cond-expr","locations":[{"start":{"line":50,"column":28},"end":{"line":50,"column":30}},{"start":{"line":50,"column":17},"end":{"line":50,"column":37}}]},"16":{"loc":{"start":{"line":50,"column":17},"end":{"line":50,"column":30}},"type":"binary-expr","locations":[{"start":{"line":50,"column":17},"end":{"line":50,"column":30}},{"start":{"line":50,"column":17},"end":{"line":50,"column":30}}]},"17":{"loc":{"start":{"line":66,"column":4},"end":{"line":85,"column":null}},"type":"if","locations":[{"start":{"line":66,"column":4},"end":{"line":85,"column":null}},{"start":{"line":83,"column":11},"end":{"line":85,"column":null}}]},"18":{"loc":{"start":{"line":69,"column":8},"end":{"line":72,"column":null}},"type":"if","locations":[{"start":{"line":69,"column":8},"end":{"line":72,"column":null}}]},"19":{"loc":{"start":{"line":69,"column":12},"end":{"line":69,"column":30}},"type":"binary-expr","locations":[{"start":{"line":69,"column":12},"end":{"line":69,"column":18}},{"start":{"line":69,"column":22},"end":{"line":69,"column":30}}]},"20":{"loc":{"start":{"line":74,"column":8},"end":{"line":77,"column":null}},"type":"if","locations":[{"start":{"line":74,"column":8},"end":{"line":77,"column":null}}]},"21":{"loc":{"start":{"line":74,"column":12},"end":{"line":74,"column":28}},"type":"binary-expr","locations":[{"start":{"line":74,"column":12},"end":{"line":74,"column":18}},{"start":{"line":74,"column":22},"end":{"line":74,"column":28}}]},"22":{"loc":{"start":{"line":79,"column":8},"end":{"line":82,"column":null}},"type":"if","locations":[{"start":{"line":79,"column":8},"end":{"line":82,"column":null}}]},"23":{"loc":{"start":{"line":79,"column":12},"end":{"line":79,"column":28}},"type":"binary-expr","locations":[{"start":{"line":79,"column":12},"end":{"line":79,"column":18}},{"start":{"line":79,"column":22},"end":{"line":79,"column":28}}]},"24":{"loc":{"start":{"line":97,"column":4},"end":{"line":99,"column":null}},"type":"if","locations":[{"start":{"line":97,"column":4},"end":{"line":99,"column":null}}]},"25":{"loc":{"start":{"line":97,"column":8},"end":{"line":97,"column":96}},"type":"binary-expr","locations":[{"start":{"line":97,"column":8},"end":{"line":97,"column":20}},{"start":{"line":97,"column":24},"end":{"line":97,"column":39}},{"start":{"line":97,"column":43},"end":{"line":97,"column":58}},{"start":{"line":97,"column":62},"end":{"line":97,"column":77}},{"start":{"line":97,"column":81},"end":{"line":97,"column":96}}]},"26":{"loc":{"start":{"line":110,"column":8},"end":{"line":112,"column":null}},"type":"if","locations":[{"start":{"line":110,"column":8},"end":{"line":112,"column":null}}]},"27":{"loc":{"start":{"line":110,"column":12},"end":{"line":110,"column":58}},"type":"binary-expr","locations":[{"start":{"line":110,"column":12},"end":{"line":110,"column":15}},{"start":{"line":110,"column":19},"end":{"line":110,"column":42}},{"start":{"line":110,"column":46},"end":{"line":110,"column":58}}]}},"s":{"0":2,"1":8,"2":2,"3":27,"4":27,"5":2,"6":13,"7":13,"8":2,"9":6,"10":6,"11":6,"12":6,"13":4,"14":4,"15":0,"16":4,"17":4,"18":1,"19":4,"20":4,"21":1,"22":2,"23":6,"24":2,"25":3,"26":3,"27":1,"28":2,"29":2,"30":2,"31":2,"32":1,"33":1,"34":1,"35":0,"36":2},"f":{"0":6,"1":27,"2":13,"3":6,"4":3,"5":2},"b":{"0":[17,10],"1":[27,27],"2":[6,21],"3":[27,27],"4":[17,10],"5":[27,27],"6":[6,21],"7":[27,27],"8":[27,25,23,19,17,19,15,13,15,15,3,12,8],"9":[4,9],"10":[13,13],"11":[5,8],"12":[13,13],"13":[4,9],"14":[13,13],"15":[5,8],"16":[13,13],"17":[4,2],"18":[0],"19":[4,4],"20":[1],"21":[4,4],"22":[1],"23":[4,4],"24":[1],"25":[3,2,2,2,1],"26":[1],"27":[1,1,1]}}
,"/Users/imagine/project/my/bear-jsutils/src/key.ts": {"path":"/Users/imagine/project/my/bear-jsutils/src/key.ts","statementMap":{"0":{"start":{"line":6,"column":12},"end":{"line":6,"column":22}},"1":{"start":{"line":7,"column":4},"end":{"line":9,"column":null}},"2":{"start":{"line":8,"column":8},"end":{"line":8,"column":31}},"3":{"start":{"line":10,"column":4},"end":{"line":14,"column":7}},"4":{"start":{"line":11,"column":16},"end":{"line":11,"column":49}},"5":{"start":{"line":12,"column":8},"end":{"line":12,"column":31}},"6":{"start":{"line":13,"column":8},"end":{"line":13,"column":62}},"7":{"start":{"line":5,"column":0},"end":{"line":5,"column":16}},"8":{"start":{"line":21,"column":14},"end":{"line":21,"column":24}},"9":{"start":{"line":22,"column":17},"end":{"line":22,"column":55}},"10":{"start":{"line":23,"column":18},"end":{"line":23,"column":30}},"11":{"start":{"line":24,"column":16},"end":{"line":24,"column":26}},"12":{"start":{"line":25,"column":18},"end":{"line":25,"column":30}},"13":{"start":{"line":26,"column":20},"end":{"line":26,"column":34}},"14":{"start":{"line":27,"column":20},"end":{"line":27,"column":34}},"15":{"start":{"line":28,"column":25},"end":{"line":28,"column":44}},"16":{"start":{"line":30,"column":4},"end":{"line":30,"column":78}},"17":{"start":{"line":20,"column":0},"end":{"line":20,"column":16}}},"fnMap":{"0":{"name":"uuid","decl":{"start":{"line":5,"column":16},"end":{"line":5,"column":20}},"loc":{"start":{"line":5,"column":20},"end":{"line":15,"column":1}}},"1":{"name":"(anonymous_1)","decl":{"start":{"line":10,"column":67},"end":{"line":10,"column":77}},"loc":{"start":{"line":10,"column":78},"end":{"line":14,"column":5}}},"2":{"name":"timeKey","decl":{"start":{"line":20,"column":16},"end":{"line":20,"column":23}},"loc":{"start":{"line":20,"column":23},"end":{"line":31,"column":1}}}},"branchMap":{"0":{"loc":{"start":{"line":7,"column":4},"end":{"line":9,"column":null}},"type":"if","locations":[{"start":{"line":7,"column":4},"end":{"line":9,"column":null}}]},"1":{"loc":{"start":{"line":7,"column":8},"end":{"line":7,"column":83}},"type":"binary-expr","locations":[{"start":{"line":7,"column":8},"end":{"line":7,"column":42}},{"start":{"line":7,"column":46},"end":{"line":7,"column":83}}]},"2":{"loc":{"start":{"line":13,"column":16},"end":{"line":13,"column":47}},"type":"cond-expr","locations":[{"start":{"line":13,"column":28},"end":{"line":13,"column":29}},{"start":{"line":13,"column":33},"end":{"line":13,"column":46}}]}},"s":{"0":1,"1":1,"2":0,"3":1,"4":31,"5":31,"6":31,"7":1,"8":1,"9":1,"10":1,"11":1,"12":1,"13":1,"14":1,"15":1,"16":1,"17":1},"f":{"0":1,"1":31,"2":1},"b":{"0":[0],"1":[1,0],"2":[30,1]}}
,"/Users/imagine/project/my/bear-jsutils/src/number.ts": {"path":"/Users/imagine/project/my/bear-jsutils/src/number.ts","statementMap":{"0":{"start":{"line":9,"column":14},"end":{"line":9,"column":41}},"1":{"start":{"line":10,"column":12},"end":{"line":10,"column":24}},"2":{"start":{"line":11,"column":13},"end":{"line":11,"column":27}},"3":{"start":{"line":12,"column":4},"end":{"line":15,"column":null}},"4":{"start":{"line":13,"column":8},"end":{"line":13,"column":22}},"5":{"start":{"line":14,"column":8},"end":{"line":14,"column":17}},"6":{"start":{"line":16,"column":4},"end":{"line":18,"column":null}},"7":{"start":{"line":17,"column":8},"end":{"line":17,"column":17}},"8":{"start":{"line":19,"column":4},"end":{"line":19,"column":21}},"9":{"start":{"line":8,"column":0},"end":{"line":8,"column":16}},"10":{"start":{"line":30,"column":16},"end":{"line":30,"column":65}},"11":{"start":{"line":31,"column":18},"end":{"line":31,"column":43}},"12":{"start":{"line":32,"column":4},"end":{"line":32,"column":62}},"13":{"start":{"line":33,"column":4},"end":{"line":33,"column":27}},"14":{"start":{"line":29,"column":0},"end":{"line":29,"column":16}},"15":{"start":{"line":52,"column":4},"end":{"line":55,"column":7}},"16":{"start":{"line":53,"column":8},"end":{"line":53,"column":59}},"17":{"start":{"line":54,"column":8},"end":{"line":54,"column":59}},"18":{"start":{"line":57,"column":4},"end":{"line":57,"column":42}},"19":{"start":{"line":48,"column":0},"end":{"line":48,"column":16}}},"fnMap":{"0":{"name":"numToDecimal2","decl":{"start":{"line":8,"column":16},"end":{"line":8,"column":29}},"loc":{"start":{"line":8,"column":41},"end":{"line":20,"column":1}}},"1":{"name":"formatCurrency","decl":{"start":{"line":29,"column":16},"end":{"line":29,"column":30}},"loc":{"start":{"line":29,"column":58},"end":{"line":34,"column":1}}},"2":{"name":"intersectionMin","decl":{"start":{"line":48,"column":16},"end":{"line":48,"column":31}},"loc":{"start":{"line":48,"column":68},"end":{"line":58,"column":1}}},"3":{"name":"(anonymous_3)","decl":{"start":{"line":52,"column":24},"end":{"line":52,"column":25}},"loc":{"start":{"line":52,"column":32},"end":{"line":55,"column":5}}}},"branchMap":{"0":{"loc":{"start":{"line":12,"column":4},"end":{"line":15,"column":null}},"type":"if","locations":[{"start":{"line":12,"column":4},"end":{"line":15,"column":null}}]},"1":{"loc":{"start":{"line":29,"column":31},"end":{"line":29,"column":38}},"type":"default-arg","locations":[{"start":{"line":29,"column":37},"end":{"line":29,"column":38}}]},"2":{"loc":{"start":{"line":29,"column":40},"end":{"line":29,"column":58}},"type":"default-arg","locations":[{"start":{"line":29,"column":53},"end":{"line":29,"column":58}}]},"3":{"loc":{"start":{"line":30,"column":16},"end":{"line":30,"column":65}},"type":"cond-expr","locations":[{"start":{"line":30,"column":29},"end":{"line":30,"column":47}},{"start":{"line":30,"column":50},"end":{"line":30,"column":65}}]},"4":{"loc":{"start":{"line":53,"column":14},"end":{"line":53,"column":58}},"type":"cond-expr","locations":[{"start":{"line":53,"column":21},"end":{"line":53,"column":48}},{"start":{"line":53,"column":52},"end":{"line":53,"column":58}}]},"5":{"loc":{"start":{"line":53,"column":21},"end":{"line":53,"column":48}},"type":"cond-expr","locations":[{"start":{"line":53,"column":36},"end":{"line":53,"column":42}},{"start":{"line":53,"column":45},"end":{"line":53,"column":48}}]},"6":{"loc":{"start":{"line":54,"column":14},"end":{"line":54,"column":58}},"type":"cond-expr","locations":[{"start":{"line":54,"column":21},"end":{"line":54,"column":48}},{"start":{"line":54,"column":52},"end":{"line":54,"column":58}}]},"7":{"loc":{"start":{"line":54,"column":21},"end":{"line":54,"column":48}},"type":"cond-expr","locations":[{"start":{"line":54,"column":36},"end":{"line":54,"column":42}},{"start":{"line":54,"column":45},"end":{"line":54,"column":48}}]},"8":{"loc":{"start":{"line":57,"column":17},"end":{"line":57,"column":25}},"type":"cond-expr","locations":[{"start":{"line":57,"column":17},"end":{"line":57,"column":20}},{"start":{"line":57,"column":24},"end":{"line":57,"column":25}}]},"9":{"loc":{"start":{"line":57,"column":17},"end":{"line":57,"column":24}},"type":"binary-expr","locations":[{"start":{"line":57,"column":17},"end":{"line":57,"column":24}},{"start":{"line":57,"column":17},"end":{"line":57,"column":24}}]},"10":{"loc":{"start":{"line":57,"column":32},"end":{"line":57,"column":40}},"type":"cond-expr","locations":[{"start":{"line":57,"column":32},"end":{"line":57,"column":35}},{"start":{"line":57,"column":39},"end":{"line":57,"column":40}}]},"11":{"loc":{"start":{"line":57,"column":32},"end":{"line":57,"column":39}},"type":"binary-expr","locations":[{"start":{"line":57,"column":32},"end":{"line":57,"column":39}},{"start":{"line":57,"column":32},"end":{"line":57,"column":39}}]}},"s":{"0":3,"1":3,"2":3,"3":3,"4":2,"5":2,"6":3,"7":4,"8":3,"9":1,"10":3,"11":3,"12":3,"13":3,"14":1,"15":1,"16":2,"17":2,"18":1,"19":1},"f":{"0":3,"1":3,"2":1,"3":2},"b":{"0":[2],"1":[0],"2":[1],"3":[2,1],"4":[1,1],"5":[1,0],"6":[1,1],"7":[0,1],"8":[1,0],"9":[1,1],"10":[1,0],"11":[1,1]}}
,"/Users/imagine/project/my/bear-jsutils/src/object.ts": {"path":"/Users/imagine/project/my/bear-jsutils/src/object.ts","statementMap":{"0":{"start":{"line":12,"column":16},"end":{"line":12,"column":18}},"1":{"start":{"line":13,"column":4},"end":{"line":18,"column":null}},"2":{"start":{"line":15,"column":8},"end":{"line":17,"column":null}},"3":{"start":{"line":16,"column":12},"end":{"line":16,"column":49}},"4":{"start":{"line":19,"column":4},"end":{"line":19,"column":15}},"5":{"start":{"line":9,"column":0},"end":{"line":9,"column":16}},"6":{"start":{"line":33,"column":21},"end":{"line":33,"column":42}},"7":{"start":{"line":35,"column":23},"end":{"line":55,"column":5}},"8":{"start":{"line":36,"column":8},"end":{"line":54,"column":null}},"9":{"start":{"line":37,"column":12},"end":{"line":53,"column":null}},"10":{"start":{"line":38,"column":24},"end":{"line":38,"column":25}},"11":{"start":{"line":39,"column":16},"end":{"line":49,"column":null}},"12":{"start":{"line":40,"column":20},"end":{"line":47,"column":null}},"13":{"start":{"line":41,"column":24},"end":{"line":44,"column":null}},"14":{"start":{"line":43,"column":28},"end":{"line":43,"column":79}},"15":{"start":{"line":46,"column":24},"end":{"line":46,"column":59}},"16":{"start":{"line":48,"column":20},"end":{"line":48,"column":27}},"17":{"start":{"line":50,"column":18},"end":{"line":53,"column":null}},"18":{"start":{"line":52,"column":16},"end":{"line":52,"column":44}},"19":{"start":{"line":57,"column":4},"end":{"line":57,"column":21}},"20":{"start":{"line":58,"column":4},"end":{"line":58,"column":20}},"21":{"start":{"line":32,"column":0},"end":{"line":32,"column":16}},"22":{"start":{"line":71,"column":17},"end":{"line":71,"column":26}},"23":{"start":{"line":72,"column":4},"end":{"line":75,"column":17}},"24":{"start":{"line":74,"column":12},"end":{"line":74,"column":43}},"25":{"start":{"line":70,"column":0},"end":{"line":70,"column":16}},"26":{"start":{"line":92,"column":17},"end":{"line":92,"column":26}},"27":{"start":{"line":93,"column":4},"end":{"line":97,"column":13}},"28":{"start":{"line":94,"column":23},"end":{"line":94,"column":42}},"29":{"start":{"line":95,"column":8},"end":{"line":95,"column":29}},"30":{"start":{"line":96,"column":8},"end":{"line":96,"column":20}},"31":{"start":{"line":91,"column":0},"end":{"line":91,"column":16}}},"fnMap":{"0":{"name":"getTrueKey","decl":{"start":{"line":9,"column":16},"end":{"line":9,"column":26}},"loc":{"start":{"line":11,"column":1},"end":{"line":20,"column":1}}},"1":{"name":"objToFormData","decl":{"start":{"line":32,"column":16},"end":{"line":32,"column":29}},"loc":{"start":{"line":32,"column":56},"end":{"line":59,"column":1}}},"2":{"name":"(anonymous_2)","decl":{"start":{"line":35,"column":23},"end":{"line":35,"column":24}},"loc":{"start":{"line":35,"column":42},"end":{"line":55,"column":5}}},"3":{"name":"reverseObj","decl":{"start":{"line":70,"column":16},"end":{"line":70,"column":26}},"loc":{"start":{"line":70,"column":61},"end":{"line":76,"column":1}}},"4":{"name":"(anonymous_4)","decl":{"start":{"line":73,"column":16},"end":{"line":73,"column":17}},"loc":{"start":{"line":73,"column":44},"end":{"line":75,"column":9}}},"5":{"name":"autoMapper","decl":{"start":{"line":91,"column":16},"end":{"line":91,"column":26}},"loc":{"start":{"line":91,"column":61},"end":{"line":98,"column":1}}},"6":{"name":"(anonymous_6)","decl":{"start":{"line":93,"column":38},"end":{"line":93,"column":39}},"loc":{"start":{"line":93,"column":61},"end":{"line":97,"column":5}}}},"branchMap":{"0":{"loc":{"start":{"line":15,"column":8},"end":{"line":17,"column":null}},"type":"if","locations":[{"start":{"line":15,"column":8},"end":{"line":17,"column":null}}]},"1":{"loc":{"start":{"line":37,"column":12},"end":{"line":53,"column":null}},"type":"if","locations":[{"start":{"line":37,"column":12},"end":{"line":53,"column":null}},{"start":{"line":50,"column":18},"end":{"line":53,"column":null}}]},"2":{"loc":{"start":{"line":40,"column":20},"end":{"line":47,"column":null}},"type":"if","locations":[{"start":{"line":40,"column":20},"end":{"line":47,"column":null}},{"start":{"line":45,"column":25},"end":{"line":47,"column":null}}]},"3":{"loc":{"start":{"line":50,"column":18},"end":{"line":53,"column":null}},"type":"if","locations":[{"start":{"line":50,"column":18},"end":{"line":53,"column":null}}]},"4":{"loc":{"start":{"line":50,"column":21},"end":{"line":50,"column":67}},"type":"binary-expr","locations":[{"start":{"line":50,"column":21},"end":{"line":50,"column":49}},{"start":{"line":50,"column":53},"end":{"line":50,"column":67}}]},"5":{"loc":{"start":{"line":94,"column":23},"end":{"line":94,"column":42}},"type":"binary-expr","locations":[{"start":{"line":94,"column":23},"end":{"line":94,"column":35}},{"start":{"line":94,"column":39},"end":{"line":94,"column":42}}]}},"s":{"0":1,"1":1,"2":3,"3":2,"4":1,"5":1,"6":0,"7":0,"8":0,"9":0,"10":0,"11":0,"12":0,"13":0,"14":0,"15":0,"16":0,"17":0,"18":0,"19":0,"20":0,"21":1,"22":1,"23":1,"24":1,"25":1,"26":1,"27":1,"28":1,"29":1,"30":1,"31":1},"f":{"0":1,"1":0,"2":0,"3":1,"4":1,"5":1,"6":1},"b":{"0":[2],"1":[0,0],"2":[0,0],"3":[0],"4":[0,0],"5":[1,0]}}
,"/Users/imagine/project/my/bear-jsutils/src/string.ts": {"path":"/Users/imagine/project/my/bear-jsutils/src/string.ts","statementMap":{"0":{"start":{"line":9,"column":4},"end":{"line":9,"column":58}},"1":{"start":{"line":9,"column":40},"end":{"line":9,"column":56}},"2":{"start":{"line":8,"column":0},"end":{"line":8,"column":16}},"3":{"start":{"line":20,"column":4},"end":{"line":22,"column":7}},"4":{"start":{"line":21,"column":8},"end":{"line":21,"column":36}},"5":{"start":{"line":19,"column":0},"end":{"line":19,"column":16}},"6":{"start":{"line":33,"column":19},"end":{"line":33,"column":72}},"7":{"start":{"line":33,"column":55},"end":{"line":33,"column":71}},"8":{"start":{"line":34,"column":4},"end":{"line":34,"column":62}},"9":{"start":{"line":34,"column":44},"end":{"line":34,"column":60}},"10":{"start":{"line":32,"column":0},"end":{"line":32,"column":16}},"11":{"start":{"line":46,"column":4},"end":{"line":46,"column":55}},"12":{"start":{"line":45,"column":0},"end":{"line":45,"column":16}},"13":{"start":{"line":60,"column":23},"end":{"line":60,"column":34}},"14":{"start":{"line":61,"column":4},"end":{"line":63,"column":null}},"15":{"start":{"line":62,"column":8},"end":{"line":62,"column":53}},"16":{"start":{"line":64,"column":4},"end":{"line":64,"column":22}},"17":{"start":{"line":59,"column":0},"end":{"line":59,"column":16}},"18":{"start":{"line":76,"column":4},"end":{"line":78,"column":20}},"19":{"start":{"line":77,"column":8},"end":{"line":77,"column":36}},"20":{"start":{"line":80,"column":4},"end":{"line":80,"column":14}},"21":{"start":{"line":74,"column":0},"end":{"line":74,"column":16}},"22":{"start":{"line":94,"column":4},"end":{"line":99,"column":20}},"23":{"start":{"line":95,"column":20},"end":{"line":95,"column":42}},"24":{"start":{"line":96,"column":8},"end":{"line":98,"column":null}},"25":{"start":{"line":97,"column":12},"end":{"line":97,"column":23}},"26":{"start":{"line":101,"column":4},"end":{"line":101,"column":21}},"27":{"start":{"line":93,"column":0},"end":{"line":93,"column":16}}},"fnMap":{"0":{"name":"toCapitalize","decl":{"start":{"line":8,"column":16},"end":{"line":8,"column":28}},"loc":{"start":{"line":8,"column":40},"end":{"line":10,"column":1}}},"1":{"name":"(anonymous_1)","decl":{"start":{"line":9,"column":34},"end":{"line":9,"column":36}},"loc":{"start":{"line":9,"column":40},"end":{"line":9,"column":56}}},"2":{"name":"upperLineToLowerCase","decl":{"start":{"line":19,"column":16},"end":{"line":19,"column":36}},"loc":{"start":{"line":19,"column":48},"end":{"line":23,"column":1}}},"3":{"name":"(anonymous_3)","decl":{"start":{"line":20,"column":48},"end":{"line":20,"column":57}},"loc":{"start":{"line":20,"column":68},"end":{"line":22,"column":5}}},"4":{"name":"lowerLocaleToISOCode","decl":{"start":{"line":32,"column":16},"end":{"line":32,"column":36}},"loc":{"start":{"line":32,"column":55},"end":{"line":35,"column":1}}},"5":{"name":"(anonymous_5)","decl":{"start":{"line":33,"column":49},"end":{"line":33,"column":51}},"loc":{"start":{"line":33,"column":55},"end":{"line":33,"column":71}}},"6":{"name":"(anonymous_6)","decl":{"start":{"line":34,"column":38},"end":{"line":34,"column":40}},"loc":{"start":{"line":34,"column":44},"end":{"line":34,"column":60}}},"7":{"name":"lowerCaseToUpLineCase","decl":{"start":{"line":45,"column":16},"end":{"line":45,"column":37}},"loc":{"start":{"line":45,"column":49},"end":{"line":47,"column":1}}},"8":{"name":"paddingLeft","decl":{"start":{"line":59,"column":16},"end":{"line":59,"column":27}},"loc":{"start":{"line":59,"column":62},"end":{"line":65,"column":1}}},"9":{"name":"stringSplit","decl":{"start":{"line":74,"column":16},"end":{"line":74,"column":27}},"loc":{"start":{"line":74,"column":58},"end":{"line":81,"column":1}}},"10":{"name":"decodeToJson","decl":{"start":{"line":93,"column":16},"end":{"line":93,"column":28}},"loc":{"start":{"line":93,"column":60},"end":{"line":102,"column":1}}}},"branchMap":{"0":{"loc":{"start":{"line":61,"column":4},"end":{"line":63,"column":null}},"type":"if","locations":[{"start":{"line":61,"column":4},"end":{"line":63,"column":null}}]},"1":{"loc":{"start":{"line":96,"column":8},"end":{"line":98,"column":null}},"type":"if","locations":[{"start":{"line":96,"column":8},"end":{"line":98,"column":null}}]},"2":{"loc":{"start":{"line":96,"column":12},"end":{"line":96,"column":58}},"type":"binary-expr","locations":[{"start":{"line":96,"column":12},"end":{"line":96,"column":15}},{"start":{"line":96,"column":19},"end":{"line":96,"column":42}},{"start":{"line":96,"column":46},"end":{"line":96,"column":58}}]}},"s":{"0":1,"1":1,"2":1,"3":1,"4":1,"5":1,"6":1,"7":1,"8":1,"9":1,"10":1,"11":1,"12":1,"13":3,"14":3,"15":2,"16":1,"17":1,"18":2,"19":2,"20":1,"21":1,"22":2,"23":2,"24":1,"25":1,"26":1,"27":1},"f":{"0":1,"1":1,"2":1,"3":1,"4":1,"5":1,"6":1,"7":1,"8":3,"9":2,"10":2},"b":{"0":[2],"1":[1],"2":[1,1,1]}}
,"/Users/imagine/project/my/bear-jsutils/src/uri.ts": {"path":"/Users/imagine/project/my/bear-jsutils/src/uri.ts","statementMap":{"0":{"start":{"line":1,"column":0},"end":{"line":1,"column":35}},"1":{"start":{"line":13,"column":38},"end":{"line":13,"column":40}},"2":{"start":{"line":16,"column":4},"end":{"line":19,"column":7}},"3":{"start":{"line":17,"column":22},"end":{"line":17,"column":35}},"4":{"start":{"line":18,"column":8},"end":{"line":18,"column":88}},"5":{"start":{"line":20,"column":4},"end":{"line":22,"column":null}},"6":{"start":{"line":21,"column":8},"end":{"line":21,"column":47}},"7":{"start":{"line":23,"column":4},"end":{"line":23,"column":14}},"8":{"start":{"line":10,"column":0},"end":{"line":10,"column":16}},"9":{"start":{"line":33,"column":18},"end":{"line":33,"column":53}},"10":{"start":{"line":34,"column":21},"end":{"line":34,"column":23}},"11":{"start":{"line":36,"column":4},"end":{"line":44,"column":null}},"12":{"start":{"line":37,"column":8},"end":{"line":42,"column":11}},"13":{"start":{"line":38,"column":22},"end":{"line":38,"column":34}},"14":{"start":{"line":39,"column":12},"end":{"line":41,"column":null}},"15":{"start":{"line":40,"column":16},"end":{"line":40,"column":33}},"16":{"start":{"line":43,"column":8},"end":{"line":43,"column":61}},"17":{"start":{"line":45,"column":4},"end":{"line":45,"column":21}},"18":{"start":{"line":32,"column":0},"end":{"line":32,"column":16}},"19":{"start":{"line":55,"column":4},"end":{"line":62,"column":null}},"20":{"start":{"line":57,"column":20},"end":{"line":57,"column":57}},"21":{"start":{"line":58,"column":23},"end":{"line":58,"column":36}},"22":{"start":{"line":59,"column":8},"end":{"line":61,"column":null}},"23":{"start":{"line":60,"column":12},"end":{"line":60,"column":29}},"24":{"start":{"line":63,"column":4},"end":{"line":63,"column":14}},"25":{"start":{"line":54,"column":0},"end":{"line":54,"column":16}},"26":{"start":{"line":72,"column":23},"end":{"line":72,"column":52}},"27":{"start":{"line":73,"column":21},"end":{"line":73,"column":46}},"28":{"start":{"line":74,"column":4},"end":{"line":81,"column":null}},"29":{"start":{"line":75,"column":28},"end":{"line":75,"column":50}},"30":{"start":{"line":76,"column":8},"end":{"line":80,"column":null}},"31":{"start":{"line":77,"column":12},"end":{"line":77,"column":31}},"32":{"start":{"line":78,"column":14},"end":{"line":80,"column":null}},"33":{"start":{"line":79,"column":12},"end":{"line":79,"column":61}},"34":{"start":{"line":82,"column":4},"end":{"line":82,"column":14}},"35":{"start":{"line":71,"column":0},"end":{"line":71,"column":16}},"36":{"start":{"line":91,"column":23},"end":{"line":91,"column":52}},"37":{"start":{"line":92,"column":21},"end":{"line":92,"column":46}},"38":{"start":{"line":93,"column":4},"end":{"line":98,"column":null}},"39":{"start":{"line":94,"column":28},"end":{"line":94,"column":50}},"40":{"start":{"line":95,"column":8},"end":{"line":97,"column":null}},"41":{"start":{"line":96,"column":12},"end":{"line":96,"column":34}},"42":{"start":{"line":99,"column":4},"end":{"line":99,"column":14}},"43":{"start":{"line":90,"column":0},"end":{"line":90,"column":16}}},"fnMap":{"0":{"name":"encodeQueryString","decl":{"start":{"line":10,"column":16},"end":{"line":10,"column":33}},"loc":{"start":{"line":12,"column":6},"end":{"line":24,"column":1}}},"1":{"name":"(anonymous_1)","decl":{"start":{"line":16,"column":34},"end":{"line":16,"column":37}},"loc":{"start":{"line":16,"column":40},"end":{"line":19,"column":5}}},"2":{"name":"decodeQueryString","decl":{"start":{"line":32,"column":16},"end":{"line":32,"column":33}},"loc":{"start":{"line":32,"column":45},"end":{"line":46,"column":1}}},"3":{"name":"(anonymous_3)","decl":{"start":{"line":37,"column":22},"end":{"line":37,"column":23}},"loc":{"start":{"line":37,"column":26},"end":{"line":42,"column":9}}},"4":{"name":"getProtocolDomain","decl":{"start":{"line":54,"column":16},"end":{"line":54,"column":33}},"loc":{"start":{"line":54,"column":45},"end":{"line":64,"column":1}}},"5":{"name":"getMainDomain","decl":{"start":{"line":71,"column":16},"end":{"line":71,"column":29}},"loc":{"start":{"line":71,"column":46},"end":{"line":83,"column":1}}},"6":{"name":"getSubDomain","decl":{"start":{"line":90,"column":16},"end":{"line":90,"column":28}},"loc":{"start":{"line":90,"column":45},"end":{"line":101,"column":1}}}},"branchMap":{"0":{"loc":{"start":{"line":10,"column":34},"end":{"line":12,"column":6}},"type":"default-arg","locations":[{"start":{"line":12,"column":4},"end":{"line":12,"column":6}}]},"1":{"loc":{"start":{"line":20,"column":4},"end":{"line":22,"column":null}},"type":"if","locations":[{"start":{"line":20,"column":4},"end":{"line":22,"column":null}}]},"2":{"loc":{"start":{"line":32,"column":37},"end":{"line":32,"column":45}},"type":"default-arg","locations":[{"start":{"line":32,"column":43},"end":{"line":32,"column":45}}]},"3":{"loc":{"start":{"line":36,"column":4},"end":{"line":44,"column":null}},"type":"if","locations":[{"start":{"line":36,"column":4},"end":{"line":44,"column":null}}]},"4":{"loc":{"start":{"line":39,"column":12},"end":{"line":41,"column":null}},"type":"if","locations":[{"start":{"line":39,"column":12},"end":{"line":41,"column":null}}]},"5":{"loc":{"start":{"line":43,"column":15},"end":{"line":43,"column":60}},"type":"cond-expr","locations":[{"start":{"line":43,"column":45},"end":{"line":43,"column":48}},{"start":{"line":43,"column":51},"end":{"line":43,"column":60}}]},"6":{"loc":{"start":{"line":55,"column":4},"end":{"line":62,"column":null}},"type":"if","locations":[{"start":{"line":55,"column":4},"end":{"line":62,"column":null}}]},"7":{"loc":{"start":{"line":59,"column":8},"end":{"line":61,"column":null}},"type":"if","locations":[{"start":{"line":59,"column":8},"end":{"line":61,"column":null}}]},"8":{"loc":{"start":{"line":74,"column":4},"end":{"line":81,"column":null}},"type":"if","locations":[{"start":{"line":74,"column":4},"end":{"line":81,"column":null}}]},"9":{"loc":{"start":{"line":74,"column":8},"end":{"line":74,"column":31}},"type":"binary-expr","locations":[{"start":{"line":74,"column":8},"end":{"line":74,"column":16}},{"start":{"line":74,"column":20},"end":{"line":74,"column":31}}]},"10":{"loc":{"start":{"line":76,"column":8},"end":{"line":80,"column":null}},"type":"if","locations":[{"start":{"line":76,"column":8},"end":{"line":80,"column":null}},{"start":{"line":78,"column":14},"end":{"line":80,"column":null}}]},"11":{"loc":{"start":{"line":78,"column":14},"end":{"line":80,"column":null}},"type":"if","locations":[{"start":{"line":78,"column":14},"end":{"line":80,"column":null}}]},"12":{"loc":{"start":{"line":93,"column":4},"end":{"line":98,"column":null}},"type":"if","locations":[{"start":{"line":93,"column":4},"end":{"line":98,"column":null}}]},"13":{"loc":{"start":{"line":93,"column":8},"end":{"line":93,"column":31}},"type":"binary-expr","locations":[{"start":{"line":93,"column":8},"end":{"line":93,"column":16}},{"start":{"line":93,"column":20},"end":{"line":93,"column":31}}]},"14":{"loc":{"start":{"line":95,"column":8},"end":{"line":97,"column":null}},"type":"if","locations":[{"start":{"line":95,"column":8},"end":{"line":97,"column":null}}]}},"s":{"0":1,"1":2,"2":2,"3":2,"4":2,"5":2,"6":1,"7":1,"8":1,"9":3,"10":3,"11":3,"12":3,"13":5,"14":5,"15":4,"16":3,"17":0,"18":1,"19":2,"20":2,"21":2,"22":2,"23":2,"24":0,"25":1,"26":3,"27":3,"28":3,"29":3,"30":3,"31":1,"32":2,"33":2,"34":0,"35":1,"36":3,"37":3,"38":3,"39":3,"40":3,"41":2,"42":1,"43":1},"f":{"0":2,"1":2,"2":3,"3":5,"4":2,"5":3,"6":3},"b":{"0":[0],"1":[1],"2":[0],"3":[3],"4":[4],"5":[2,1],"6":[2],"7":[2],"8":[3],"9":[3,3],"10":[1,2],"11":[2],"12":[3],"13":[3,3],"14":[2]}}
,"/Users/imagine/project/my/bear-jsutils/src/equal/deepCompare.ts": {"path":"/Users/imagine/project/my/bear-jsutils/src/equal/deepCompare.ts","statementMap":{"0":{"start":{"line":2,"column":15},"end":{"line":2,"column":17}},"1":{"start":{"line":3,"column":4},"end":{"line":7,"column":null}},"2":{"start":{"line":4,"column":8},"end":{"line":6,"column":null}},"3":{"start":{"line":5,"column":12},"end":{"line":5,"column":27}},"4":{"start":{"line":8,"column":4},"end":{"line":14,"column":6}},"5":{"start":{"line":11,"column":17},"end":{"line":12,"column":31}},"6":{"start":{"line":18,"column":4},"end":{"line":18,"column":58}},"7":{"start":{"line":22,"column":4},"end":{"line":22,"column":54}},"8":{"start":{"line":27,"column":4},"end":{"line":33,"column":6}},"9":{"start":{"line":38,"column":4},"end":{"line":38,"column":82}},"10":{"start":{"line":42,"column":4},"end":{"line":42,"column":57}},"11":{"start":{"line":46,"column":22},"end":{"line":46,"column":37}},"12":{"start":{"line":47,"column":22},"end":{"line":47,"column":37}},"13":{"start":{"line":49,"column":4},"end":{"line":51,"column":null}},"14":{"start":{"line":50,"column":8},"end":{"line":50,"column":25}},"15":{"start":{"line":53,"column":4},"end":{"line":55,"column":null}},"16":{"start":{"line":54,"column":8},"end":{"line":54,"column":36}},"17":{"start":{"line":57,"column":4},"end":{"line":59,"column":null}},"18":{"start":{"line":58,"column":8},"end":{"line":58,"column":36}},"19":{"start":{"line":75,"column":11},"end":{"line":197,"column":1}},"20":{"start":{"line":84,"column":4},"end":{"line":84,"column":40}},"21":{"start":{"line":86,"column":17},"end":{"line":86,"column":21}},"22":{"start":{"line":88,"column":27},"end":{"line":88,"column":48}},"23":{"start":{"line":89,"column":4},"end":{"line":91,"column":null}},"24":{"start":{"line":90,"column":8},"end":{"line":90,"column":32}},"25":{"start":{"line":93,"column":4},"end":{"line":98,"column":null}},"26":{"start":{"line":93,"column":17},"end":{"line":93,"column":18}},"27":{"start":{"line":94,"column":33},"end":{"line":94,"column":55}},"28":{"start":{"line":95,"column":8},"end":{"line":97,"column":null}},"29":{"start":{"line":96,"column":12},"end":{"line":96,"column":38}},"30":{"start":{"line":100,"column":4},"end":{"line":102,"column":null}},"31":{"start":{"line":101,"column":8},"end":{"line":101,"column":38}},"32":{"start":{"line":104,"column":4},"end":{"line":106,"column":null}},"33":{"start":{"line":105,"column":8},"end":{"line":105,"column":20}},"34":{"start":{"line":108,"column":4},"end":{"line":110,"column":null}},"35":{"start":{"line":109,"column":8},"end":{"line":109,"column":23}},"36":{"start":{"line":111,"column":20},"end":{"line":111,"column":53}},"37":{"start":{"line":112,"column":4},"end":{"line":114,"column":null}},"38":{"start":{"line":113,"column":8},"end":{"line":113,"column":21}},"39":{"start":{"line":115,"column":4},"end":{"line":137,"column":null}},"40":{"start":{"line":119,"column":12},"end":{"line":128,"column":null}},"41":{"start":{"line":121,"column":16},"end":{"line":121,"column":29}},"42":{"start":{"line":122,"column":19},"end":{"line":128,"column":null}},"43":{"start":{"line":124,"column":16},"end":{"line":124,"column":39}},"44":{"start":{"line":127,"column":16},"end":{"line":127,"column":59}},"45":{"start":{"line":133,"column":12},"end":{"line":133,"column":28}},"46":{"start":{"line":136,"column":12},"end":{"line":136,"column":64}},"47":{"start":{"line":138,"column":4},"end":{"line":140,"column":null}},"48":{"start":{"line":139,"column":8},"end":{"line":139,"column":21}},"49":{"start":{"line":143,"column":4},"end":{"line":145,"column":null}},"50":{"start":{"line":144,"column":8},"end":{"line":144,"column":32}},"51":{"start":{"line":148,"column":17},"end":{"line":148,"column":30}},"52":{"start":{"line":149,"column":4},"end":{"line":159,"column":null}},"53":{"start":{"line":154,"column":8},"end":{"line":158,"column":null}},"54":{"start":{"line":155,"column":12},"end":{"line":155,"column":40}},"55":{"start":{"line":156,"column":15},"end":{"line":158,"column":null}},"56":{"start":{"line":157,"column":12},"end":{"line":157,"column":25}},"57":{"start":{"line":161,"column":4},"end":{"line":161,"column":19}},"58":{"start":{"line":162,"column":4},"end":{"line":162,"column":19}},"59":{"start":{"line":165,"column":4},"end":{"line":167,"column":null}},"60":{"start":{"line":166,"column":8},"end":{"line":166,"column":21}},"61":{"start":{"line":170,"column":16},"end":{"line":170,"column":31}},"62":{"start":{"line":172,"column":15},"end":{"line":172,"column":27}},"63":{"start":{"line":175,"column":4},"end":{"line":177,"column":null}},"64":{"start":{"line":176,"column":8},"end":{"line":176,"column":21}},"65":{"start":{"line":179,"column":4},"end":{"line":190,"column":null}},"66":{"start":{"line":180,"column":8},"end":{"line":180,"column":26}},"67":{"start":{"line":183,"column":8},"end":{"line":185,"column":70}},"68":{"start":{"line":187,"column":8},"end":{"line":189,"column":null}},"69":{"start":{"line":188,"column":12},"end":{"line":188,"column":25}},"70":{"start":{"line":192,"column":4},"end":{"line":192,"column":17}},"71":{"start":{"line":193,"column":4},"end":{"line":193,"column":17}},"72":{"start":{"line":195,"column":4},"end":{"line":195,"column":18}},"73":{"start":{"line":215,"column":26},"end":{"line":215,"column":54}},"74":{"start":{"line":216,"column":4},"end":{"line":216,"column":83}},"75":{"start":{"line":219,"column":0},"end":{"line":219,"column":27}}},"fnMap":{"0":{"name":"keys","decl":{"start":{"line":1,"column":9},"end":{"line":1,"column":13}},"loc":{"start":{"line":1,"column":72},"end":{"line":15,"column":1}}},"1":{"name":"(anonymous_1)","decl":{"start":{"line":10,"column":12},"end":{"line":10,"column":18}},"loc":{"start":{"line":11,"column":17},"end":{"line":12,"column":31}}},"2":{"name":"hasKey","decl":{"start":{"line":17,"column":9},"end":{"line":17,"column":15}},"loc":{"start":{"line":17,"column":37},"end":{"line":19,"column":1}}},"3":{"name":"hasDefinedKey","decl":{"start":{"line":21,"column":9},"end":{"line":21,"column":22}},"loc":{"start":{"line":21,"column":44},"end":{"line":23,"column":1}}},"4":{"name":"isDomNode","decl":{"start":{"line":26,"column":9},"end":{"line":26,"column":18}},"loc":{"start":{"line":26,"column":27},"end":{"line":34,"column":1}}},"5":{"name":"isA","decl":{"start":{"line":37,"column":9},"end":{"line":37,"column":12}},"loc":{"start":{"line":37,"column":45},"end":{"line":39,"column":1}}},"6":{"name":"isAsymmetric","decl":{"start":{"line":41,"column":9},"end":{"line":41,"column":21}},"loc":{"start":{"line":41,"column":30},"end":{"line":43,"column":1}}},"7":{"name":"asymmetricMatch","decl":{"start":{"line":45,"column":9},"end":{"line":45,"column":24}},"loc":{"start":{"line":45,"column":39},"end":{"line":60,"column":1}}},"8":{"name":"(anonymous_8)","decl":{"start":{"line":75,"column":11},"end":{"line":75,"column":null}},"loc":{"start":{"line":82,"column":13},"end":{"line":197,"column":1}}},"9":{"name":"deepCompare","decl":{"start":{"line":207,"column":9},"end":{"line":207,"column":20}},"loc":{"start":{"line":213,"column":5},"end":{"line":217,"column":1}}}},"branchMap":{"0":{"loc":{"start":{"line":4,"column":8},"end":{"line":6,"column":null}},"type":"if","locations":[{"start":{"line":4,"column":8},"end":{"line":6,"column":null}}]},"1":{"loc":{"start":{"line":22,"column":11},"end":{"line":22,"column":53}},"type":"binary-expr","locations":[{"start":{"line":22,"column":11},"end":{"line":22,"column":27}},{"start":{"line":22,"column":31},"end":{"line":22,"column":53}}]},"2":{"loc":{"start":{"line":28,"column":8},"end":{"line":32,"column":45}},"type":"binary-expr","locations":[{"start":{"line":28,"column":8},"end":{"line":28,"column":20}},{"start":{"line":29,"column":8},"end":{"line":29,"column":31}},{"start":{"line":30,"column":8},"end":{"line":30,"column":40}},{"start":{"line":31,"column":8},"end":{"line":31,"column":40}},{"start":{"line":32,"column":8},"end":{"line":32,"column":45}}]},"3":{"loc":{"start":{"line":42,"column":11},"end":{"line":42,"column":56}},"type":"binary-expr","locations":[{"start":{"line":42,"column":11},"end":{"line":42,"column":16}},{"start":{"line":42,"column":20},"end":{"line":42,"column":56}}]},"4":{"loc":{"start":{"line":49,"column":4},"end":{"line":51,"column":null}},"type":"if","locations":[{"start":{"line":49,"column":4},"end":{"line":51,"column":null}}]},"5":{"loc":{"start":{"line":49,"column":8},"end":{"line":49,"column":34}},"type":"binary-expr","locations":[{"start":{"line":49,"column":8},"end":{"line":49,"column":19}},{"start":{"line":49,"column":23},"end":{"line":49,"column":34}}]},"6":{"loc":{"start":{"line":53,"column":4},"end":{"line":55,"column":null}},"type":"if","locations":[{"start":{"line":53,"column":4},"end":{"line":55,"column":null}}]},"7":{"loc":{"start":{"line":57,"column":4},"end":{"line":59,"column":null}},"type":"if","locations":[{"start":{"line":57,"column":4},"end":{"line":59,"column":null}}]},"8":{"loc":{"start":{"line":84,"column":20},"end":{"line":84,"column":39}},"type":"binary-expr","locations":[{"start":{"line":84,"column":20},"end":{"line":84,"column":33}},{"start":{"line":84,"column":37},"end":{"line":84,"column":39}}]},"9":{"loc":{"start":{"line":89,"column":4},"end":{"line":91,"column":null}},"type":"if","locations":[{"start":{"line":89,"column":4},"end":{"line":91,"column":null}}]},"10":{"loc":{"start":{"line":95,"column":8},"end":{"line":97,"column":null}},"type":"if","locations":[{"start":{"line":95,"column":8},"end":{"line":97,"column":null}}]},"11":{"loc":{"start":{"line":100,"column":4},"end":{"line":102,"column":null}},"type":"if","locations":[{"start":{"line":100,"column":4},"end":{"line":102,"column":null}}]},"12":{"loc":{"start":{"line":100,"column":8},"end":{"line":100,"column":48}},"type":"binary-expr","locations":[{"start":{"line":100,"column":8},"end":{"line":100,"column":26}},{"start":{"line":100,"column":30},"end":{"line":100,"column":48}}]},"13":{"loc":{"start":{"line":104,"column":4},"end":{"line":106,"column":null}},"type":"if","locations":[{"start":{"line":104,"column":4},"end":{"line":106,"column":null}}]},"14":{"loc":{"start":{"line":108,"column":4},"end":{"line":110,"column":null}},"type":"if","locations":[{"start":{"line":108,"column":4},"end":{"line":110,"column":null}}]},"15":{"loc":{"start":{"line":108,"column":8},"end":{"line":108,"column":32}},"type":"binary-expr","locations":[{"start":{"line":108,"column":8},"end":{"line":108,"column":18}},{"start":{"line":108,"column":22},"end":{"line":108,"column":32}}]},"16":{"loc":{"start":{"line":112,"column":4},"end":{"line":114,"column":null}},"type":"if","locations":[{"start":{"line":112,"column":4},"end":{"line":114,"column":null}}]},"17":{"loc":{"start":{"line":115,"column":4},"end":{"line":137,"column":null}},"type":"switch","locations":[{"start":{"line":116,"column":8},"end":{"line":116,"column":32}},{"start":{"line":117,"column":8},"end":{"line":117,"column":31}},{"start":{"line":118,"column":8},"end":{"line":128,"column":null}},{"start":{"line":129,"column":8},"end":{"line":133,"column":28}},{"start":{"line":135,"column":8},"end":{"line":136,"column":64}}]},"18":{"loc":{"start":{"line":119,"column":12},"end":{"line":128,"column":null}},"type":"if","locations":[{"start":{"line":119,"column":12},"end":{"line":128,"column":null}},{"start":{"line":122,"column":19},"end":{"line":128,"column":null}}]},"19":{"loc":{"start":{"line":122,"column":19},"end":{"line":128,"column":null}},"type":"if","locations":[{"start":{"line":122,"column":19},"end":{"line":128,"column":null}},{"start":{"line":125,"column":19},"end":{"line":128,"column":null}}]},"20":{"loc":{"start":{"line":122,"column":23},"end":{"line":122,"column":69}},"type":"binary-expr","locations":[{"start":{"line":122,"column":23},"end":{"line":122,"column":44}},{"start":{"line":122,"column":48},"end":{"line":122,"column":69}}]},"21":{"loc":{"start":{"line":136,"column":19},"end":{"line":136,"column":63}},"type":"binary-expr","locations":[{"start":{"line":136,"column":19},"end":{"line":136,"column":40}},{"start":{"line":136,"column":44},"end":{"line":136,"column":63}}]},"22":{"loc":{"start":{"line":138,"column":4},"end":{"line":140,"column":null}},"type":"if","locations":[{"start":{"line":138,"column":4},"end":{"line":140,"column":null}}]},"23":{"loc":{"start":{"line":138,"column":8},"end":{"line":138,"column":54}},"type":"binary-expr","locations":[{"start":{"line":138,"column":8},"end":{"line":138,"column":29}},{"start":{"line":138,"column":33},"end":{"line":138,"column":54}}]},"24":{"loc":{"start":{"line":143,"column":4},"end":{"line":145,"column":null}},"type":"if","locations":[{"start":{"line":143,"column":4},"end":{"line":145,"column":null}}]},"25":{"loc":{"start":{"line":143,"column":8},"end":{"line":143,"column":36}},"type":"binary-expr","locations":[{"start":{"line":143,"column":8},"end":{"line":143,"column":20}},{"start":{"line":143,"column":24},"end":{"line":143,"column":36}}]},"26":{"loc":{"start":{"line":154,"column":8},"end":{"line":158,"column":null}},"type":"if","locations":[{"start":{"line":154,"column":8},"end":{"line":158,"column":null}},{"start":{"line":156,"column":15},"end":{"line":158,"column":null}}]},"27":{"loc":{"start":{"line":156,"column":15},"end":{"line":158,"column":null}},"type":"if","locations":[{"start":{"line":156,"column":15},"end":{"line":158,"column":null}}]},"28":{"loc":{"start":{"line":165,"column":4},"end":{"line":167,"column":null}},"type":"if","locations":[{"start":{"line":165,"column":4},"end":{"line":167,"column":null}}]},"29":{"loc":{"start":{"line":165,"column":8},"end":{"line":165,"column":62}},"type":"binary-expr","locations":[{"start":{"line":165,"column":8},"end":{"line":165,"column":37}},{"start":{"line":165,"column":41},"end":{"line":165,"column":62}}]},"30":{"loc":{"start":{"line":175,"column":4},"end":{"line":177,"column":null}},"type":"if","locations":[{"start":{"line":175,"column":4},"end":{"line":177,"column":null}}]},"31":{"loc":{"start":{"line":184,"column":12},"end":{"line":185,"column":69}},"type":"binary-expr","locations":[{"start":{"line":184,"column":12},"end":{"line":184,"column":26}},{"start":{"line":185,"column":12},"end":{"line":185,"column":69}}]},"32":{"loc":{"start":{"line":187,"column":8},"end":{"line":189,"column":null}},"type":"if","locations":[{"start":{"line":187,"column":8},"end":{"line":189,"column":null}}]},"33":{"loc":{"start":{"line":215,"column":26},"end":{"line":215,"column":54}},"type":"binary-expr","locations":[{"start":{"line":215,"column":26},"end":{"line":215,"column":48}},{"start":{"line":215,"column":52},"end":{"line":215,"column":54}}]},"34":{"loc":{"start":{"line":215,"column":26},"end":{"line":215,"column":48}},"type":"cond-expr","locations":[{"start":{"line":215,"column":33},"end":{"line":215,"column":35}},{"start":{"line":215,"column":26},"end":{"line":215,"column":48}}]},"35":{"loc":{"start":{"line":215,"column":26},"end":{"line":215,"column":35}},"type":"binary-expr","locations":[{"start":{"line":215,"column":26},"end":{"line":215,"column":35}},{"start":{"line":215,"column":26},"end":{"line":215,"column":35}}]},"36":{"loc":{"start":{"line":216,"column":43},"end":{"line":216,"column":81}},"type":"cond-expr","locations":[{"start":{"line":216,"column":59},"end":{"line":216,"column":65}},{"start":{"line":216,"column":68},"end":{"line":216,"column":81}}]}},"s":{"0":10,"1":10,"2":12,"3":11,"4":10,"5":0,"6":16,"7":10,"8":5,"9":20,"10":20,"11":10,"12":10,"13":10,"14":0,"15":10,"16":0,"17":10,"18":0,"19":2,"20":10,"21":10,"22":10,"23":10,"24":0,"25":10,"26":10,"27":0,"28":0,"29":0,"30":10,"31":0,"32":10,"33":3,"34":7,"35":0,"36":7,"37":7,"38":1,"39":6,"40":0,"41":0,"42":0,"43":0,"44":0,"45":0,"46":0,"47":6,"48":1,"49":5,"50":0,"51":5,"52":5,"53":2,"54":0,"55":2,"56":0,"57":5,"58":5,"59":5,"60":0,"61":5,"62":5,"63":5,"64":1,"65":4,"66":4,"67":4,"68":4,"69":1,"70":3,"71":3,"72":3,"73":6,"74":6,"75":2},"f":{"0":10,"1":0,"2":16,"3":10,"4":5,"5":20,"6":20,"7":10,"8":10,"9":6},"b":{"0":[11],"1":[10,10],"2":[5,5,5,0,0],"3":[20,20],"4":[0],"5":[10,0],"6":[0],"7":[0],"8":[10,0],"9":[0],"10":[0],"11":[0],"12":[10,0],"13":[3],"14":[0],"15":[7,7],"16":[1],"17":[0,0,0,0,0],"18":[0,0],"19":[0,0],"20":[0,0],"21":[0,0],"22":[1],"23":[6,5],"24":[0],"25":[5,0],"26":[0,2],"27":[0],"28":[0],"29":[5,1],"30":[1],"31":[4,4],"32":[1],"33":[6,6],"34":[6,0],"35":[6,6],"36":[1,5]}}
}
