{"/Users/imagine/project/test/js-utils/src/array.ts": {"path":"/Users/imagine/project/test/js-utils/src/array.ts","statementMap":{"0":{"start":{"line":9,"column":4},"end":{"line":9,"column":49}},"1":{"start":{"line":8,"column":0},"end":{"line":8,"column":16}},"2":{"start":{"line":20,"column":4},"end":{"line":20,"column":47}},"3":{"start":{"line":19,"column":0},"end":{"line":19,"column":16}},"4":{"start":{"line":32,"column":4},"end":{"line":32,"column":32}},"5":{"start":{"line":31,"column":0},"end":{"line":31,"column":16}},"6":{"start":{"line":44,"column":4},"end":{"line":46,"column":20}},"7":{"start":{"line":45,"column":8},"end":{"line":45,"column":35}},"8":{"start":{"line":48,"column":4},"end":{"line":48,"column":14}},"9":{"start":{"line":42,"column":0},"end":{"line":42,"column":16}}},"fnMap":{"0":{"name":"pull","decl":{"start":{"line":8,"column":16},"end":{"line":8,"column":20}},"loc":{"start":{"line":8,"column":51},"end":{"line":10,"column":1}}},"1":{"name":"push","decl":{"start":{"line":19,"column":16},"end":{"line":19,"column":20}},"loc":{"start":{"line":19,"column":51},"end":{"line":21,"column":1}}},"2":{"name":"getUnique","decl":{"start":{"line":31,"column":16},"end":{"line":31,"column":25}},"loc":{"start":{"line":31,"column":52},"end":{"line":33,"column":1}}},"3":{"name":"arrayJoin","decl":{"start":{"line":42,"column":16},"end":{"line":42,"column":25}},"loc":{"start":{"line":42,"column":58},"end":{"line":49,"column":1}}}},"branchMap":{},"s":{"0":1,"1":1,"2":1,"3":1,"4":1,"5":1,"6":2,"7":2,"8":1,"9":1},"f":{"0":1,"1":1,"2":1,"3":2},"b":{}}
,"/Users/imagine/project/test/js-utils/src/convert.ts": {"path":"/Users/imagine/project/test/js-utils/src/convert.ts","statementMap":{"0":{"start":{"line":8,"column":22},"end":{"line":8,"column":102}},"1":{"start":{"line":9,"column":16},"end":{"line":11,"column":5}},"2":{"start":{"line":10,"column":8},"end":{"line":10,"column":89}},"3":{"start":{"line":12,"column":16},"end":{"line":12,"column":78}},"4":{"start":{"line":13,"column":4},"end":{"line":15,"column":null}},"5":{"start":{"line":14,"column":8},"end":{"line":14,"column":71}},"6":{"start":{"line":16,"column":4},"end":{"line":16,"column":21}},"7":{"start":{"line":7,"column":0},"end":{"line":7,"column":16}},"8":{"start":{"line":27,"column":20},"end":{"line":27,"column":43}},"9":{"start":{"line":28,"column":26},"end":{"line":28,"column":35}},"10":{"start":{"line":29,"column":17},"end":{"line":29,"column":19}},"11":{"start":{"line":31,"column":4},"end":{"line":50,"column":null}},"12":{"start":{"line":32,"column":8},"end":{"line":38,"column":null}},"13":{"start":{"line":33,"column":12},"end":{"line":33,"column":52}},"14":{"start":{"line":34,"column":12},"end":{"line":36,"column":null}},"15":{"start":{"line":35,"column":16},"end":{"line":35,"column":37}},"16":{"start":{"line":37,"column":12},"end":{"line":37,"column":106}},"17":{"start":{"line":40,"column":18},"end":{"line":40,"column":54}},"18":{"start":{"line":41,"column":18},"end":{"line":41,"column":54}},"19":{"start":{"line":42,"column":18},"end":{"line":42,"column":54}},"20":{"start":{"line":44,"column":8},"end":{"line":47,"column":null}},"21":{"start":{"line":45,"column":31},"end":{"line":45,"column":67}},"22":{"start":{"line":46,"column":12},"end":{"line":46,"column":59}},"23":{"start":{"line":48,"column":8},"end":{"line":48,"column":42}},"24":{"start":{"line":51,"column":4},"end":{"line":51,"column":25}},"25":{"start":{"line":26,"column":0},"end":{"line":26,"column":16}},"26":{"start":{"line":64,"column":16},"end":{"line":64,"column":35}},"27":{"start":{"line":65,"column":4},"end":{"line":67,"column":null}},"28":{"start":{"line":66,"column":8},"end":{"line":66,"column":29}},"29":{"start":{"line":69,"column":4},"end":{"line":69,"column":13}},"30":{"start":{"line":63,"column":0},"end":{"line":63,"column":16}},"31":{"start":{"line":80,"column":4},"end":{"line":88,"column":null}},"32":{"start":{"line":81,"column":8},"end":{"line":81,"column":20}},"33":{"start":{"line":83,"column":10},"end":{"line":88,"column":null}},"34":{"start":{"line":84,"column":8},"end":{"line":84,"column":21}},"35":{"start":{"line":86,"column":10},"end":{"line":88,"column":null}},"36":{"start":{"line":87,"column":8},"end":{"line":87,"column":25}},"37":{"start":{"line":90,"column":4},"end":{"line":90,"column":17}},"38":{"start":{"line":79,"column":0},"end":{"line":79,"column":16}}},"fnMap":{"0":{"name":"rgbToHex","decl":{"start":{"line":7,"column":16},"end":{"line":7,"column":24}},"loc":{"start":{"line":7,"column":39},"end":{"line":17,"column":1}}},"1":{"name":"(anonymous_1)","decl":{"start":{"line":9,"column":16},"end":{"line":9,"column":26}},"loc":{"start":{"line":9,"column":32},"end":{"line":11,"column":5}}},"2":{"name":"hexToRGB","decl":{"start":{"line":26,"column":16},"end":{"line":26,"column":24}},"loc":{"start":{"line":26,"column":52},"end":{"line":52,"column":1}}},"3":{"name":"anyToNumber","decl":{"start":{"line":63,"column":16},"end":{"line":63,"column":27}},"loc":{"start":{"line":63,"column":38},"end":{"line":70,"column":1}}},"4":{"name":"anyToBoolean","decl":{"start":{"line":79,"column":16},"end":{"line":79,"column":28}},"loc":{"start":{"line":79,"column":71},"end":{"line":91,"column":1}}}},"branchMap":{"0":{"loc":{"start":{"line":10,"column":15},"end":{"line":10,"column":88}},"type":"cond-expr","locations":[{"start":{"line":10,"column":33},"end":{"line":10,"column":37}},{"start":{"line":10,"column":40},"end":{"line":10,"column":88}}]},"1":{"loc":{"start":{"line":13,"column":4},"end":{"line":15,"column":null}},"type":"if","locations":[{"start":{"line":13,"column":4},"end":{"line":15,"column":null}}]},"2":{"loc":{"start":{"line":13,"column":7},"end":{"line":13,"column":36}},"type":"binary-expr","locations":[{"start":{"line":13,"column":7},"end":{"line":13,"column":18}},{"start":{"line":13,"column":22},"end":{"line":13,"column":36}}]},"3":{"loc":{"start":{"line":26,"column":41},"end":{"line":26,"column":52}},"type":"default-arg","locations":[{"start":{"line":26,"column":51},"end":{"line":26,"column":52}}]},"4":{"loc":{"start":{"line":31,"column":4},"end":{"line":50,"column":null}},"type":"if","locations":[{"start":{"line":31,"column":4},"end":{"line":50,"column":null}}]},"5":{"loc":{"start":{"line":32,"column":8},"end":{"line":38,"column":null}},"type":"if","locations":[{"start":{"line":32,"column":8},"end":{"line":38,"column":null}}]},"6":{"loc":{"start":{"line":34,"column":12},"end":{"line":36,"column":null}},"type":"if","locations":[{"start":{"line":34,"column":12},"end":{"line":36,"column":null}}]},"7":{"loc":{"start":{"line":44,"column":8},"end":{"line":47,"column":null}},"type":"if","locations":[{"start":{"line":44,"column":8},"end":{"line":47,"column":null}}]},"8":{"loc":{"start":{"line":65,"column":4},"end":{"line":67,"column":null}},"type":"if","locations":[{"start":{"line":65,"column":4},"end":{"line":67,"column":null}}]},"9":{"loc":{"start":{"line":79,"column":41},"end":{"line":79,"column":71}},"type":"default-arg","locations":[{"start":{"line":79,"column":67},"end":{"line":79,"column":71}}]},"10":{"loc":{"start":{"line":80,"column":4},"end":{"line":88,"column":null}},"type":"if","locations":[{"start":{"line":80,"column":4},"end":{"line":88,"column":null}},{"start":{"line":83,"column":10},"end":{"line":88,"column":null}}]},"11":{"loc":{"start":{"line":80,"column":7},"end":{"line":80,"column":56}},"type":"binary-expr","locations":[{"start":{"line":80,"column":7},"end":{"line":80,"column":23}},{"start":{"line":80,"column":27},"end":{"line":80,"column":41}},{"start":{"line":80,"column":45},"end":{"line":80,"column":56}}]},"12":{"loc":{"start":{"line":83,"column":10},"end":{"line":88,"column":null}},"type":"if","locations":[{"start":{"line":83,"column":10},"end":{"line":88,"column":null}},{"start":{"line":86,"column":10},"end":{"line":88,"column":null}}]},"13":{"loc":{"start":{"line":83,"column":13},"end":{"line":83,"column":64}},"type":"binary-expr","locations":[{"start":{"line":83,"column":13},"end":{"line":83,"column":30}},{"start":{"line":83,"column":34},"end":{"line":83,"column":45}},{"start":{"line":83,"column":49},"end":{"line":83,"column":64}}]},"14":{"loc":{"start":{"line":86,"column":10},"end":{"line":88,"column":null}},"type":"if","locations":[{"start":{"line":86,"column":10},"end":{"line":88,"column":null}}]}},"s":{"0":3,"1":3,"2":6,"3":3,"4":3,"5":2,"6":1,"7":1,"8":3,"9":3,"10":3,"11":3,"12":2,"13":0,"14":0,"15":0,"16":0,"17":2,"18":2,"19":2,"20":2,"21":1,"22":1,"23":1,"24":1,"25":1,"26":4,"27":4,"28":2,"29":2,"30":1,"31":7,"32":3,"33":4,"34":1,"35":3,"36":3,"37":0,"38":1},"f":{"0":3,"1":6,"2":3,"3":4,"4":7},"b":{"0":[0,6],"1":[2],"2":[3,2],"3":[2],"4":[2],"5":[0],"6":[0],"7":[1],"8":[2],"9":[6],"10":[3,4],"11":[7,6,5],"12":[1,3],"13":[4,3,3],"14":[3]}}
,"/Users/imagine/project/test/js-utils/src/enum.ts": {"path":"/Users/imagine/project/test/js-utils/src/enum.ts","statementMap":{"0":{"start":{"line":12,"column":4},"end":{"line":18,"column":null}},"1":{"start":{"line":13,"column":8},"end":{"line":17,"column":null}},"2":{"start":{"line":14,"column":12},"end":{"line":16,"column":null}},"3":{"start":{"line":15,"column":16},"end":{"line":15,"column":27}},"4":{"start":{"line":20,"column":4},"end":{"line":20,"column":21}},"5":{"start":{"line":11,"column":0},"end":{"line":11,"column":16}}},"fnMap":{"0":{"name":"enumFindKey","decl":{"start":{"line":11,"column":16},"end":{"line":11,"column":27}},"loc":{"start":{"line":11,"column":72},"end":{"line":21,"column":1}}}},"branchMap":{"0":{"loc":{"start":{"line":12,"column":4},"end":{"line":18,"column":null}},"type":"if","locations":[{"start":{"line":12,"column":4},"end":{"line":18,"column":null}}]},"1":{"loc":{"start":{"line":14,"column":12},"end":{"line":16,"column":null}},"type":"if","locations":[{"start":{"line":14,"column":12},"end":{"line":16,"column":null}}]}},"s":{"0":2,"1":2,"2":3,"3":2,"4":0,"5":1},"f":{"0":2},"b":{"0":[2],"1":[2]}}
,"/Users/imagine/project/test/js-utils/src/equal.ts": {"path":"/Users/imagine/project/test/js-utils/src/equal.ts","statementMap":{"0":{"start":{"line":4,"column":13},"end":{"line":9,"column":2}},"1":{"start":{"line":22,"column":31},"end":{"line":25,"column":6}},"2":{"start":{"line":26,"column":4},"end":{"line":33,"column":6}},"3":{"start":{"line":18,"column":0},"end":{"line":18,"column":16}},"4":{"start":{"line":46,"column":31},"end":{"line":49,"column":6}},"5":{"start":{"line":50,"column":4},"end":{"line":50,"column":47}},"6":{"start":{"line":42,"column":0},"end":{"line":42,"column":16}},"7":{"start":{"line":61,"column":15},"end":{"line":61,"column":81}},"8":{"start":{"line":62,"column":25},"end":{"line":62,"column":29}},"9":{"start":{"line":64,"column":25},"end":{"line":64,"column":37}},"10":{"start":{"line":65,"column":4},"end":{"line":84,"column":null}},"11":{"start":{"line":67,"column":8},"end":{"line":67,"column":40}},"12":{"start":{"line":68,"column":8},"end":{"line":71,"column":null}},"13":{"start":{"line":70,"column":12},"end":{"line":70,"column":35}},"14":{"start":{"line":72,"column":8},"end":{"line":72,"column":40}},"15":{"start":{"line":73,"column":8},"end":{"line":76,"column":null}},"16":{"start":{"line":75,"column":12},"end":{"line":75,"column":35}},"17":{"start":{"line":77,"column":8},"end":{"line":77,"column":40}},"18":{"start":{"line":78,"column":8},"end":{"line":81,"column":null}},"19":{"start":{"line":80,"column":12},"end":{"line":80,"column":35}},"20":{"start":{"line":83,"column":8},"end":{"line":83,"column":31}},"21":{"start":{"line":85,"column":4},"end":{"line":85,"column":26}},"22":{"start":{"line":60,"column":0},"end":{"line":60,"column":16}},"23":{"start":{"line":94,"column":16},"end":{"line":94,"column":46}},"24":{"start":{"line":96,"column":4},"end":{"line":98,"column":null}},"25":{"start":{"line":97,"column":8},"end":{"line":97,"column":20}},"26":{"start":{"line":99,"column":4},"end":{"line":99,"column":17}},"27":{"start":{"line":93,"column":0},"end":{"line":93,"column":16}},"28":{"start":{"line":107,"column":4},"end":{"line":114,"column":null}},"29":{"start":{"line":108,"column":20},"end":{"line":108,"column":42}},"30":{"start":{"line":109,"column":8},"end":{"line":111,"column":null}},"31":{"start":{"line":110,"column":12},"end":{"line":110,"column":24}},"32":{"start":{"line":113,"column":8},"end":{"line":113,"column":21}},"33":{"start":{"line":115,"column":4},"end":{"line":115,"column":17}},"34":{"start":{"line":106,"column":0},"end":{"line":106,"column":16}}},"fnMap":{"0":{"name":"isEmpty","decl":{"start":{"line":18,"column":16},"end":{"line":18,"column":23}},"loc":{"start":{"line":21,"column":1},"end":{"line":34,"column":1}}},"1":{"name":"isNotEmpty","decl":{"start":{"line":42,"column":16},"end":{"line":42,"column":26}},"loc":{"start":{"line":45,"column":1},"end":{"line":51,"column":1}}},"2":{"name":"isDate","decl":{"start":{"line":60,"column":16},"end":{"line":60,"column":22}},"loc":{"start":{"line":60,"column":34},"end":{"line":86,"column":1}}},"3":{"name":"isIP","decl":{"start":{"line":93,"column":16},"end":{"line":93,"column":20}},"loc":{"start":{"line":93,"column":31},"end":{"line":100,"column":1}}},"4":{"name":"isJSON","decl":{"start":{"line":106,"column":16},"end":{"line":106,"column":22}},"loc":{"start":{"line":106,"column":41},"end":{"line":116,"column":1}}}},"branchMap":{"0":{"loc":{"start":{"line":23,"column":14},"end":{"line":23,"column":43}},"type":"cond-expr","locations":[{"start":{"line":23,"column":35},"end":{"line":23,"column":39}},{"start":{"line":23,"column":39},"end":{"line":23,"column":43}}]},"1":{"loc":{"start":{"line":23,"column":14},"end":{"line":23,"column":39}},"type":"binary-expr","locations":[{"start":{"line":23,"column":14},"end":{"line":23,"column":39}},{"start":{"line":23,"column":35},"end":{"line":23,"column":39}}]},"2":{"loc":{"start":{"line":23,"column":16},"end":{"line":23,"column":35}},"type":"cond-expr","locations":[{"start":{"line":23,"column":27},"end":{"line":23,"column":29}},{"start":{"line":23,"column":16},"end":{"line":23,"column":35}}]},"3":{"loc":{"start":{"line":23,"column":16},"end":{"line":23,"column":29}},"type":"binary-expr","locations":[{"start":{"line":23,"column":16},"end":{"line":23,"column":29}},{"start":{"line":23,"column":16},"end":{"line":23,"column":29}}]},"4":{"loc":{"start":{"line":24,"column":15},"end":{"line":24,"column":45}},"type":"cond-expr","locations":[{"start":{"line":24,"column":37},"end":{"line":24,"column":41}},{"start":{"line":24,"column":41},"end":{"line":24,"column":45}}]},"5":{"loc":{"start":{"line":24,"column":15},"end":{"line":24,"column":41}},"type":"binary-expr","locations":[{"start":{"line":24,"column":15},"end":{"line":24,"column":41}},{"start":{"line":24,"column":37},"end":{"line":24,"column":41}}]},"6":{"loc":{"start":{"line":24,"column":17},"end":{"line":24,"column":37}},"type":"cond-expr","locations":[{"start":{"line":24,"column":28},"end":{"line":24,"column":30}},{"start":{"line":24,"column":17},"end":{"line":24,"column":37}}]},"7":{"loc":{"start":{"line":24,"column":17},"end":{"line":24,"column":30}},"type":"binary-expr","locations":[{"start":{"line":24,"column":17},"end":{"line":24,"column":30}},{"start":{"line":24,"column":17},"end":{"line":24,"column":30}}]},"8":{"loc":{"start":{"line":27,"column":8},"end":{"line":32,"column":67}},"type":"binary-expr","locations":[{"start":{"line":27,"column":8},"end":{"line":27,"column":27}},{"start":{"line":28,"column":11},"end":{"line":28,"column":25}},{"start":{"line":29,"column":12},"end":{"line":29,"column":38}},{"start":{"line":29,"column":43},"end":{"line":29,"column":58}},{"start":{"line":29,"column":62},"end":{"line":29,"column":79}},{"start":{"line":30,"column":12},"end":{"line":30,"column":37}},{"start":{"line":30,"column":42},"end":{"line":30,"column":53}},{"start":{"line":30,"column":57},"end":{"line":30,"column":70}},{"start":{"line":31,"column":12},"end":{"line":31,"column":36}},{"start":{"line":31,"column":40},"end":{"line":31,"column":65}},{"start":{"line":31,"column":69},"end":{"line":31,"column":100}},{"start":{"line":32,"column":12},"end":{"line":32,"column":37}},{"start":{"line":32,"column":41},"end":{"line":32,"column":66}}]},"9":{"loc":{"start":{"line":47,"column":14},"end":{"line":47,"column":43}},"type":"cond-expr","locations":[{"start":{"line":47,"column":35},"end":{"line":47,"column":39}},{"start":{"line":47,"column":39},"end":{"line":47,"column":43}}]},"10":{"loc":{"start":{"line":47,"column":14},"end":{"line":47,"column":39}},"type":"binary-expr","locations":[{"start":{"line":47,"column":14},"end":{"line":47,"column":39}},{"start":{"line":47,"column":35},"end":{"line":47,"column":39}}]},"11":{"loc":{"start":{"line":47,"column":16},"end":{"line":47,"column":35}},"type":"cond-expr","locations":[{"start":{"line":47,"column":27},"end":{"line":47,"column":29}},{"start":{"line":47,"column":16},"end":{"line":47,"column":35}}]},"12":{"loc":{"start":{"line":47,"column":16},"end":{"line":47,"column":29}},"type":"binary-expr","locations":[{"start":{"line":47,"column":16},"end":{"line":47,"column":29}},{"start":{"line":47,"column":16},"end":{"line":47,"column":29}}]},"13":{"loc":{"start":{"line":48,"column":15},"end":{"line":48,"column":45}},"type":"cond-expr","locations":[{"start":{"line":48,"column":37},"end":{"line":48,"column":41}},{"start":{"line":48,"column":41},"end":{"line":48,"column":45}}]},"14":{"loc":{"start":{"line":48,"column":15},"end":{"line":48,"column":41}},"type":"binary-expr","locations":[{"start":{"line":48,"column":15},"end":{"line":48,"column":41}},{"start":{"line":48,"column":37},"end":{"line":48,"column":41}}]},"15":{"loc":{"start":{"line":48,"column":17},"end":{"line":48,"column":37}},"type":"cond-expr","locations":[{"start":{"line":48,"column":28},"end":{"line":48,"column":30}},{"start":{"line":48,"column":17},"end":{"line":48,"column":37}}]},"16":{"loc":{"start":{"line":48,"column":17},"end":{"line":48,"column":30}},"type":"binary-expr","locations":[{"start":{"line":48,"column":17},"end":{"line":48,"column":30}},{"start":{"line":48,"column":17},"end":{"line":48,"column":30}}]},"17":{"loc":{"start":{"line":65,"column":4},"end":{"line":84,"column":null}},"type":"if","locations":[{"start":{"line":65,"column":4},"end":{"line":84,"column":null}},{"start":{"line":82,"column":11},"end":{"line":84,"column":null}}]},"18":{"loc":{"start":{"line":68,"column":8},"end":{"line":71,"column":null}},"type":"if","locations":[{"start":{"line":68,"column":8},"end":{"line":71,"column":null}}]},"19":{"loc":{"start":{"line":68,"column":12},"end":{"line":68,"column":30}},"type":"binary-expr","locations":[{"start":{"line":68,"column":12},"end":{"line":68,"column":18}},{"start":{"line":68,"column":22},"end":{"line":68,"column":30}}]},"20":{"loc":{"start":{"line":73,"column":8},"end":{"line":76,"column":null}},"type":"if","locations":[{"start":{"line":73,"column":8},"end":{"line":76,"column":null}}]},"21":{"loc":{"start":{"line":73,"column":12},"end":{"line":73,"column":28}},"type":"binary-expr","locations":[{"start":{"line":73,"column":12},"end":{"line":73,"column":18}},{"start":{"line":73,"column":22},"end":{"line":73,"column":28}}]},"22":{"loc":{"start":{"line":78,"column":8},"end":{"line":81,"column":null}},"type":"if","locations":[{"start":{"line":78,"column":8},"end":{"line":81,"column":null}}]},"23":{"loc":{"start":{"line":78,"column":12},"end":{"line":78,"column":28}},"type":"binary-expr","locations":[{"start":{"line":78,"column":12},"end":{"line":78,"column":18}},{"start":{"line":78,"column":22},"end":{"line":78,"column":28}}]},"24":{"loc":{"start":{"line":96,"column":4},"end":{"line":98,"column":null}},"type":"if","locations":[{"start":{"line":96,"column":4},"end":{"line":98,"column":null}}]},"25":{"loc":{"start":{"line":96,"column":8},"end":{"line":96,"column":96}},"type":"binary-expr","locations":[{"start":{"line":96,"column":8},"end":{"line":96,"column":20}},{"start":{"line":96,"column":24},"end":{"line":96,"column":39}},{"start":{"line":96,"column":43},"end":{"line":96,"column":58}},{"start":{"line":96,"column":62},"end":{"line":96,"column":77}},{"start":{"line":96,"column":81},"end":{"line":96,"column":96}}]},"26":{"loc":{"start":{"line":109,"column":8},"end":{"line":111,"column":null}},"type":"if","locations":[{"start":{"line":109,"column":8},"end":{"line":111,"column":null}}]},"27":{"loc":{"start":{"line":109,"column":12},"end":{"line":109,"column":58}},"type":"binary-expr","locations":[{"start":{"line":109,"column":12},"end":{"line":109,"column":15}},{"start":{"line":109,"column":19},"end":{"line":109,"column":42}},{"start":{"line":109,"column":46},"end":{"line":109,"column":58}}]}},"s":{"0":2,"1":27,"2":27,"3":2,"4":13,"5":13,"6":2,"7":6,"8":6,"9":6,"10":6,"11":4,"12":4,"13":0,"14":4,"15":4,"16":1,"17":4,"18":4,"19":1,"20":2,"21":6,"22":2,"23":3,"24":3,"25":1,"26":2,"27":2,"28":2,"29":2,"30":1,"31":1,"32":1,"33":0,"34":2},"f":{"0":27,"1":13,"2":6,"3":3,"4":2},"b":{"0":[17,10],"1":[27,27],"2":[6,21],"3":[27,27],"4":[17,10],"5":[27,27],"6":[6,21],"7":[27,27],"8":[27,25,23,19,17,19,15,13,15,15,3,12,8],"9":[4,9],"10":[13,13],"11":[5,8],"12":[13,13],"13":[4,9],"14":[13,13],"15":[5,8],"16":[13,13],"17":[4,2],"18":[0],"19":[4,4],"20":[1],"21":[4,4],"22":[1],"23":[4,4],"24":[1],"25":[3,2,2,2,1],"26":[1],"27":[1,1,1]}}
,"/Users/imagine/project/test/js-utils/src/number.ts": {"path":"/Users/imagine/project/test/js-utils/src/number.ts","statementMap":{"0":{"start":{"line":9,"column":14},"end":{"line":9,"column":41}},"1":{"start":{"line":10,"column":12},"end":{"line":10,"column":24}},"2":{"start":{"line":11,"column":13},"end":{"line":11,"column":27}},"3":{"start":{"line":12,"column":4},"end":{"line":15,"column":null}},"4":{"start":{"line":13,"column":8},"end":{"line":13,"column":22}},"5":{"start":{"line":14,"column":8},"end":{"line":14,"column":17}},"6":{"start":{"line":16,"column":4},"end":{"line":18,"column":null}},"7":{"start":{"line":17,"column":8},"end":{"line":17,"column":17}},"8":{"start":{"line":19,"column":4},"end":{"line":19,"column":21}},"9":{"start":{"line":8,"column":0},"end":{"line":8,"column":16}},"10":{"start":{"line":30,"column":16},"end":{"line":30,"column":65}},"11":{"start":{"line":31,"column":18},"end":{"line":31,"column":43}},"12":{"start":{"line":32,"column":4},"end":{"line":32,"column":62}},"13":{"start":{"line":33,"column":4},"end":{"line":33,"column":27}},"14":{"start":{"line":29,"column":0},"end":{"line":29,"column":16}},"15":{"start":{"line":52,"column":4},"end":{"line":55,"column":7}},"16":{"start":{"line":53,"column":8},"end":{"line":53,"column":59}},"17":{"start":{"line":54,"column":8},"end":{"line":54,"column":59}},"18":{"start":{"line":57,"column":4},"end":{"line":57,"column":42}},"19":{"start":{"line":48,"column":0},"end":{"line":48,"column":16}}},"fnMap":{"0":{"name":"numToDecimal2","decl":{"start":{"line":8,"column":16},"end":{"line":8,"column":29}},"loc":{"start":{"line":8,"column":41},"end":{"line":20,"column":1}}},"1":{"name":"formatCurrency","decl":{"start":{"line":29,"column":16},"end":{"line":29,"column":30}},"loc":{"start":{"line":29,"column":58},"end":{"line":34,"column":1}}},"2":{"name":"intersectionMin","decl":{"start":{"line":48,"column":16},"end":{"line":48,"column":31}},"loc":{"start":{"line":48,"column":68},"end":{"line":58,"column":1}}},"3":{"name":"(anonymous_3)","decl":{"start":{"line":52,"column":24},"end":{"line":52,"column":25}},"loc":{"start":{"line":52,"column":32},"end":{"line":55,"column":5}}}},"branchMap":{"0":{"loc":{"start":{"line":12,"column":4},"end":{"line":15,"column":null}},"type":"if","locations":[{"start":{"line":12,"column":4},"end":{"line":15,"column":null}}]},"1":{"loc":{"start":{"line":29,"column":31},"end":{"line":29,"column":38}},"type":"default-arg","locations":[{"start":{"line":29,"column":37},"end":{"line":29,"column":38}}]},"2":{"loc":{"start":{"line":29,"column":40},"end":{"line":29,"column":58}},"type":"default-arg","locations":[{"start":{"line":29,"column":53},"end":{"line":29,"column":58}}]},"3":{"loc":{"start":{"line":30,"column":16},"end":{"line":30,"column":65}},"type":"cond-expr","locations":[{"start":{"line":30,"column":29},"end":{"line":30,"column":47}},{"start":{"line":30,"column":50},"end":{"line":30,"column":65}}]},"4":{"loc":{"start":{"line":53,"column":14},"end":{"line":53,"column":58}},"type":"cond-expr","locations":[{"start":{"line":53,"column":21},"end":{"line":53,"column":48}},{"start":{"line":53,"column":52},"end":{"line":53,"column":58}}]},"5":{"loc":{"start":{"line":53,"column":21},"end":{"line":53,"column":48}},"type":"cond-expr","locations":[{"start":{"line":53,"column":36},"end":{"line":53,"column":42}},{"start":{"line":53,"column":45},"end":{"line":53,"column":48}}]},"6":{"loc":{"start":{"line":54,"column":14},"end":{"line":54,"column":58}},"type":"cond-expr","locations":[{"start":{"line":54,"column":21},"end":{"line":54,"column":48}},{"start":{"line":54,"column":52},"end":{"line":54,"column":58}}]},"7":{"loc":{"start":{"line":54,"column":21},"end":{"line":54,"column":48}},"type":"cond-expr","locations":[{"start":{"line":54,"column":36},"end":{"line":54,"column":42}},{"start":{"line":54,"column":45},"end":{"line":54,"column":48}}]},"8":{"loc":{"start":{"line":57,"column":17},"end":{"line":57,"column":25}},"type":"cond-expr","locations":[{"start":{"line":57,"column":17},"end":{"line":57,"column":20}},{"start":{"line":57,"column":24},"end":{"line":57,"column":25}}]},"9":{"loc":{"start":{"line":57,"column":17},"end":{"line":57,"column":24}},"type":"binary-expr","locations":[{"start":{"line":57,"column":17},"end":{"line":57,"column":24}},{"start":{"line":57,"column":17},"end":{"line":57,"column":24}}]},"10":{"loc":{"start":{"line":57,"column":32},"end":{"line":57,"column":40}},"type":"cond-expr","locations":[{"start":{"line":57,"column":32},"end":{"line":57,"column":35}},{"start":{"line":57,"column":39},"end":{"line":57,"column":40}}]},"11":{"loc":{"start":{"line":57,"column":32},"end":{"line":57,"column":39}},"type":"binary-expr","locations":[{"start":{"line":57,"column":32},"end":{"line":57,"column":39}},{"start":{"line":57,"column":32},"end":{"line":57,"column":39}}]}},"s":{"0":3,"1":3,"2":3,"3":3,"4":2,"5":2,"6":3,"7":4,"8":3,"9":1,"10":3,"11":3,"12":3,"13":3,"14":1,"15":1,"16":2,"17":2,"18":1,"19":1},"f":{"0":3,"1":3,"2":1,"3":2},"b":{"0":[2],"1":[0],"2":[1],"3":[2,1],"4":[1,1],"5":[1,0],"6":[1,1],"7":[0,1],"8":[1,0],"9":[1,1],"10":[1,0],"11":[1,1]}}
,"/Users/imagine/project/test/js-utils/src/object.ts": {"path":"/Users/imagine/project/test/js-utils/src/object.ts","statementMap":{"0":{"start":{"line":12,"column":16},"end":{"line":12,"column":18}},"1":{"start":{"line":13,"column":4},"end":{"line":18,"column":null}},"2":{"start":{"line":15,"column":8},"end":{"line":17,"column":null}},"3":{"start":{"line":16,"column":12},"end":{"line":16,"column":49}},"4":{"start":{"line":19,"column":4},"end":{"line":19,"column":15}},"5":{"start":{"line":9,"column":0},"end":{"line":9,"column":16}},"6":{"start":{"line":33,"column":21},"end":{"line":33,"column":42}},"7":{"start":{"line":35,"column":23},"end":{"line":55,"column":5}},"8":{"start":{"line":36,"column":8},"end":{"line":54,"column":null}},"9":{"start":{"line":37,"column":12},"end":{"line":53,"column":null}},"10":{"start":{"line":38,"column":24},"end":{"line":38,"column":25}},"11":{"start":{"line":39,"column":16},"end":{"line":49,"column":null}},"12":{"start":{"line":40,"column":20},"end":{"line":47,"column":null}},"13":{"start":{"line":41,"column":24},"end":{"line":44,"column":null}},"14":{"start":{"line":43,"column":28},"end":{"line":43,"column":79}},"15":{"start":{"line":46,"column":24},"end":{"line":46,"column":59}},"16":{"start":{"line":48,"column":20},"end":{"line":48,"column":27}},"17":{"start":{"line":50,"column":18},"end":{"line":53,"column":null}},"18":{"start":{"line":52,"column":16},"end":{"line":52,"column":44}},"19":{"start":{"line":57,"column":4},"end":{"line":57,"column":21}},"20":{"start":{"line":58,"column":4},"end":{"line":58,"column":20}},"21":{"start":{"line":32,"column":0},"end":{"line":32,"column":16}},"22":{"start":{"line":71,"column":15},"end":{"line":71,"column":24}},"23":{"start":{"line":72,"column":4},"end":{"line":75,"column":17}},"24":{"start":{"line":74,"column":12},"end":{"line":74,"column":43}},"25":{"start":{"line":70,"column":0},"end":{"line":70,"column":16}},"26":{"start":{"line":92,"column":15},"end":{"line":92,"column":24}},"27":{"start":{"line":93,"column":4},"end":{"line":97,"column":13}},"28":{"start":{"line":94,"column":23},"end":{"line":94,"column":42}},"29":{"start":{"line":95,"column":8},"end":{"line":95,"column":29}},"30":{"start":{"line":96,"column":8},"end":{"line":96,"column":20}},"31":{"start":{"line":91,"column":0},"end":{"line":91,"column":16}}},"fnMap":{"0":{"name":"getTrueKey","decl":{"start":{"line":9,"column":16},"end":{"line":9,"column":26}},"loc":{"start":{"line":11,"column":1},"end":{"line":20,"column":1}}},"1":{"name":"objToFormData","decl":{"start":{"line":32,"column":16},"end":{"line":32,"column":29}},"loc":{"start":{"line":32,"column":56},"end":{"line":59,"column":1}}},"2":{"name":"(anonymous_2)","decl":{"start":{"line":35,"column":23},"end":{"line":35,"column":24}},"loc":{"start":{"line":35,"column":42},"end":{"line":55,"column":5}}},"3":{"name":"reverseObj","decl":{"start":{"line":70,"column":16},"end":{"line":70,"column":26}},"loc":{"start":{"line":70,"column":61},"end":{"line":76,"column":1}}},"4":{"name":"(anonymous_4)","decl":{"start":{"line":73,"column":16},"end":{"line":73,"column":17}},"loc":{"start":{"line":73,"column":44},"end":{"line":75,"column":9}}},"5":{"name":"autoMapper","decl":{"start":{"line":91,"column":16},"end":{"line":91,"column":26}},"loc":{"start":{"line":91,"column":61},"end":{"line":98,"column":1}}},"6":{"name":"(anonymous_6)","decl":{"start":{"line":93,"column":38},"end":{"line":93,"column":39}},"loc":{"start":{"line":93,"column":61},"end":{"line":97,"column":5}}}},"branchMap":{"0":{"loc":{"start":{"line":15,"column":8},"end":{"line":17,"column":null}},"type":"if","locations":[{"start":{"line":15,"column":8},"end":{"line":17,"column":null}}]},"1":{"loc":{"start":{"line":37,"column":12},"end":{"line":53,"column":null}},"type":"if","locations":[{"start":{"line":37,"column":12},"end":{"line":53,"column":null}},{"start":{"line":50,"column":18},"end":{"line":53,"column":null}}]},"2":{"loc":{"start":{"line":40,"column":20},"end":{"line":47,"column":null}},"type":"if","locations":[{"start":{"line":40,"column":20},"end":{"line":47,"column":null}},{"start":{"line":45,"column":25},"end":{"line":47,"column":null}}]},"3":{"loc":{"start":{"line":50,"column":18},"end":{"line":53,"column":null}},"type":"if","locations":[{"start":{"line":50,"column":18},"end":{"line":53,"column":null}}]},"4":{"loc":{"start":{"line":50,"column":21},"end":{"line":50,"column":67}},"type":"binary-expr","locations":[{"start":{"line":50,"column":21},"end":{"line":50,"column":49}},{"start":{"line":50,"column":53},"end":{"line":50,"column":67}}]},"5":{"loc":{"start":{"line":94,"column":23},"end":{"line":94,"column":42}},"type":"binary-expr","locations":[{"start":{"line":94,"column":23},"end":{"line":94,"column":35}},{"start":{"line":94,"column":39},"end":{"line":94,"column":42}}]}},"s":{"0":1,"1":1,"2":3,"3":2,"4":1,"5":1,"6":0,"7":0,"8":0,"9":0,"10":0,"11":0,"12":0,"13":0,"14":0,"15":0,"16":0,"17":0,"18":0,"19":0,"20":0,"21":1,"22":1,"23":1,"24":1,"25":1,"26":1,"27":1,"28":1,"29":1,"30":1,"31":1},"f":{"0":1,"1":0,"2":0,"3":1,"4":1,"5":1,"6":1},"b":{"0":[2],"1":[0,0],"2":[0,0],"3":[0],"4":[0,0],"5":[1,0]}}
,"/Users/imagine/project/test/js-utils/src/string.ts": {"path":"/Users/imagine/project/test/js-utils/src/string.ts","statementMap":{"0":{"start":{"line":9,"column":4},"end":{"line":9,"column":58}},"1":{"start":{"line":9,"column":40},"end":{"line":9,"column":56}},"2":{"start":{"line":8,"column":0},"end":{"line":8,"column":16}},"3":{"start":{"line":20,"column":4},"end":{"line":22,"column":7}},"4":{"start":{"line":21,"column":8},"end":{"line":21,"column":36}},"5":{"start":{"line":19,"column":0},"end":{"line":19,"column":16}},"6":{"start":{"line":33,"column":19},"end":{"line":33,"column":72}},"7":{"start":{"line":33,"column":55},"end":{"line":33,"column":71}},"8":{"start":{"line":34,"column":4},"end":{"line":34,"column":62}},"9":{"start":{"line":34,"column":44},"end":{"line":34,"column":60}},"10":{"start":{"line":32,"column":0},"end":{"line":32,"column":16}},"11":{"start":{"line":46,"column":4},"end":{"line":46,"column":55}},"12":{"start":{"line":45,"column":0},"end":{"line":45,"column":16}},"13":{"start":{"line":60,"column":23},"end":{"line":60,"column":34}},"14":{"start":{"line":61,"column":4},"end":{"line":63,"column":null}},"15":{"start":{"line":62,"column":8},"end":{"line":62,"column":53}},"16":{"start":{"line":64,"column":4},"end":{"line":64,"column":22}},"17":{"start":{"line":59,"column":0},"end":{"line":59,"column":16}},"18":{"start":{"line":76,"column":4},"end":{"line":78,"column":20}},"19":{"start":{"line":77,"column":8},"end":{"line":77,"column":36}},"20":{"start":{"line":80,"column":4},"end":{"line":80,"column":14}},"21":{"start":{"line":74,"column":0},"end":{"line":74,"column":16}},"22":{"start":{"line":94,"column":4},"end":{"line":99,"column":20}},"23":{"start":{"line":95,"column":20},"end":{"line":95,"column":42}},"24":{"start":{"line":96,"column":8},"end":{"line":98,"column":null}},"25":{"start":{"line":97,"column":12},"end":{"line":97,"column":23}},"26":{"start":{"line":101,"column":4},"end":{"line":101,"column":21}},"27":{"start":{"line":93,"column":0},"end":{"line":93,"column":16}}},"fnMap":{"0":{"name":"toCapitalize","decl":{"start":{"line":8,"column":16},"end":{"line":8,"column":28}},"loc":{"start":{"line":8,"column":40},"end":{"line":10,"column":1}}},"1":{"name":"(anonymous_1)","decl":{"start":{"line":9,"column":34},"end":{"line":9,"column":36}},"loc":{"start":{"line":9,"column":40},"end":{"line":9,"column":56}}},"2":{"name":"upperLineToLowerCase","decl":{"start":{"line":19,"column":16},"end":{"line":19,"column":36}},"loc":{"start":{"line":19,"column":48},"end":{"line":23,"column":1}}},"3":{"name":"(anonymous_3)","decl":{"start":{"line":20,"column":48},"end":{"line":20,"column":57}},"loc":{"start":{"line":20,"column":68},"end":{"line":22,"column":5}}},"4":{"name":"lowerLocaleToISOCode","decl":{"start":{"line":32,"column":16},"end":{"line":32,"column":36}},"loc":{"start":{"line":32,"column":55},"end":{"line":35,"column":1}}},"5":{"name":"(anonymous_5)","decl":{"start":{"line":33,"column":49},"end":{"line":33,"column":51}},"loc":{"start":{"line":33,"column":55},"end":{"line":33,"column":71}}},"6":{"name":"(anonymous_6)","decl":{"start":{"line":34,"column":38},"end":{"line":34,"column":40}},"loc":{"start":{"line":34,"column":44},"end":{"line":34,"column":60}}},"7":{"name":"lowerCaseToUpLineCase","decl":{"start":{"line":45,"column":16},"end":{"line":45,"column":37}},"loc":{"start":{"line":45,"column":49},"end":{"line":47,"column":1}}},"8":{"name":"paddingLeft","decl":{"start":{"line":59,"column":16},"end":{"line":59,"column":27}},"loc":{"start":{"line":59,"column":62},"end":{"line":65,"column":1}}},"9":{"name":"stringSplit","decl":{"start":{"line":74,"column":16},"end":{"line":74,"column":27}},"loc":{"start":{"line":74,"column":58},"end":{"line":81,"column":1}}},"10":{"name":"jsonDecode","decl":{"start":{"line":93,"column":16},"end":{"line":93,"column":26}},"loc":{"start":{"line":93,"column":58},"end":{"line":102,"column":1}}}},"branchMap":{"0":{"loc":{"start":{"line":61,"column":4},"end":{"line":63,"column":null}},"type":"if","locations":[{"start":{"line":61,"column":4},"end":{"line":63,"column":null}}]},"1":{"loc":{"start":{"line":96,"column":8},"end":{"line":98,"column":null}},"type":"if","locations":[{"start":{"line":96,"column":8},"end":{"line":98,"column":null}}]},"2":{"loc":{"start":{"line":96,"column":12},"end":{"line":96,"column":58}},"type":"binary-expr","locations":[{"start":{"line":96,"column":12},"end":{"line":96,"column":15}},{"start":{"line":96,"column":19},"end":{"line":96,"column":42}},{"start":{"line":96,"column":46},"end":{"line":96,"column":58}}]}},"s":{"0":1,"1":1,"2":1,"3":1,"4":1,"5":1,"6":1,"7":1,"8":1,"9":1,"10":1,"11":1,"12":1,"13":3,"14":3,"15":2,"16":1,"17":1,"18":2,"19":2,"20":1,"21":1,"22":2,"23":2,"24":1,"25":1,"26":1,"27":1},"f":{"0":1,"1":1,"2":1,"3":1,"4":1,"5":1,"6":1,"7":1,"8":3,"9":2,"10":2},"b":{"0":[2],"1":[1],"2":[1,1,1]}}
,"/Users/imagine/project/test/js-utils/src/url.ts": {"path":"/Users/imagine/project/test/js-utils/src/url.ts","statementMap":{"0":{"start":{"line":1,"column":0},"end":{"line":1,"column":35}},"1":{"start":{"line":13,"column":38},"end":{"line":13,"column":40}},"2":{"start":{"line":16,"column":4},"end":{"line":19,"column":7}},"3":{"start":{"line":17,"column":22},"end":{"line":17,"column":35}},"4":{"start":{"line":18,"column":8},"end":{"line":18,"column":88}},"5":{"start":{"line":20,"column":4},"end":{"line":22,"column":null}},"6":{"start":{"line":21,"column":8},"end":{"line":21,"column":47}},"7":{"start":{"line":23,"column":4},"end":{"line":23,"column":null}},"8":{"start":{"line":10,"column":0},"end":{"line":10,"column":16}},"9":{"start":{"line":33,"column":18},"end":{"line":33,"column":53}},"10":{"start":{"line":34,"column":21},"end":{"line":34,"column":23}},"11":{"start":{"line":36,"column":4},"end":{"line":44,"column":null}},"12":{"start":{"line":37,"column":8},"end":{"line":42,"column":11}},"13":{"start":{"line":38,"column":22},"end":{"line":38,"column":34}},"14":{"start":{"line":39,"column":12},"end":{"line":41,"column":null}},"15":{"start":{"line":40,"column":16},"end":{"line":40,"column":33}},"16":{"start":{"line":43,"column":8},"end":{"line":43,"column":61}},"17":{"start":{"line":45,"column":4},"end":{"line":45,"column":21}},"18":{"start":{"line":32,"column":0},"end":{"line":32,"column":16}},"19":{"start":{"line":55,"column":4},"end":{"line":62,"column":null}},"20":{"start":{"line":57,"column":20},"end":{"line":57,"column":57}},"21":{"start":{"line":58,"column":23},"end":{"line":58,"column":36}},"22":{"start":{"line":59,"column":8},"end":{"line":61,"column":null}},"23":{"start":{"line":60,"column":12},"end":{"line":60,"column":29}},"24":{"start":{"line":63,"column":4},"end":{"line":63,"column":14}},"25":{"start":{"line":54,"column":0},"end":{"line":54,"column":16}},"26":{"start":{"line":72,"column":23},"end":{"line":72,"column":52}},"27":{"start":{"line":73,"column":21},"end":{"line":73,"column":46}},"28":{"start":{"line":74,"column":4},"end":{"line":81,"column":null}},"29":{"start":{"line":75,"column":28},"end":{"line":75,"column":50}},"30":{"start":{"line":76,"column":8},"end":{"line":80,"column":null}},"31":{"start":{"line":77,"column":12},"end":{"line":77,"column":31}},"32":{"start":{"line":78,"column":14},"end":{"line":80,"column":null}},"33":{"start":{"line":79,"column":12},"end":{"line":79,"column":61}},"34":{"start":{"line":82,"column":4},"end":{"line":82,"column":14}},"35":{"start":{"line":71,"column":0},"end":{"line":71,"column":16}},"36":{"start":{"line":91,"column":23},"end":{"line":91,"column":52}},"37":{"start":{"line":92,"column":21},"end":{"line":92,"column":46}},"38":{"start":{"line":93,"column":4},"end":{"line":98,"column":null}},"39":{"start":{"line":94,"column":28},"end":{"line":94,"column":50}},"40":{"start":{"line":95,"column":8},"end":{"line":97,"column":null}},"41":{"start":{"line":96,"column":12},"end":{"line":96,"column":34}},"42":{"start":{"line":99,"column":4},"end":{"line":99,"column":14}},"43":{"start":{"line":90,"column":0},"end":{"line":90,"column":16}}},"fnMap":{"0":{"name":"encodeQueryString","decl":{"start":{"line":10,"column":16},"end":{"line":10,"column":33}},"loc":{"start":{"line":12,"column":6},"end":{"line":24,"column":1}}},"1":{"name":"(anonymous_1)","decl":{"start":{"line":16,"column":34},"end":{"line":16,"column":37}},"loc":{"start":{"line":16,"column":40},"end":{"line":19,"column":5}}},"2":{"name":"decodeQueryString","decl":{"start":{"line":32,"column":16},"end":{"line":32,"column":33}},"loc":{"start":{"line":32,"column":45},"end":{"line":46,"column":1}}},"3":{"name":"(anonymous_3)","decl":{"start":{"line":37,"column":22},"end":{"line":37,"column":23}},"loc":{"start":{"line":37,"column":26},"end":{"line":42,"column":9}}},"4":{"name":"getProtocolDomain","decl":{"start":{"line":54,"column":16},"end":{"line":54,"column":33}},"loc":{"start":{"line":54,"column":45},"end":{"line":64,"column":1}}},"5":{"name":"getMainDomain","decl":{"start":{"line":71,"column":16},"end":{"line":71,"column":29}},"loc":{"start":{"line":71,"column":46},"end":{"line":83,"column":1}}},"6":{"name":"getSubDomain","decl":{"start":{"line":90,"column":16},"end":{"line":90,"column":28}},"loc":{"start":{"line":90,"column":45},"end":{"line":101,"column":1}}}},"branchMap":{"0":{"loc":{"start":{"line":10,"column":34},"end":{"line":12,"column":6}},"type":"default-arg","locations":[{"start":{"line":12,"column":4},"end":{"line":12,"column":6}}]},"1":{"loc":{"start":{"line":20,"column":4},"end":{"line":22,"column":null}},"type":"if","locations":[{"start":{"line":20,"column":4},"end":{"line":22,"column":null}}]},"2":{"loc":{"start":{"line":32,"column":37},"end":{"line":32,"column":45}},"type":"default-arg","locations":[{"start":{"line":32,"column":43},"end":{"line":32,"column":45}}]},"3":{"loc":{"start":{"line":36,"column":4},"end":{"line":44,"column":null}},"type":"if","locations":[{"start":{"line":36,"column":4},"end":{"line":44,"column":null}}]},"4":{"loc":{"start":{"line":39,"column":12},"end":{"line":41,"column":null}},"type":"if","locations":[{"start":{"line":39,"column":12},"end":{"line":41,"column":null}}]},"5":{"loc":{"start":{"line":43,"column":15},"end":{"line":43,"column":60}},"type":"cond-expr","locations":[{"start":{"line":43,"column":45},"end":{"line":43,"column":48}},{"start":{"line":43,"column":51},"end":{"line":43,"column":60}}]},"6":{"loc":{"start":{"line":55,"column":4},"end":{"line":62,"column":null}},"type":"if","locations":[{"start":{"line":55,"column":4},"end":{"line":62,"column":null}}]},"7":{"loc":{"start":{"line":59,"column":8},"end":{"line":61,"column":null}},"type":"if","locations":[{"start":{"line":59,"column":8},"end":{"line":61,"column":null}}]},"8":{"loc":{"start":{"line":74,"column":4},"end":{"line":81,"column":null}},"type":"if","locations":[{"start":{"line":74,"column":4},"end":{"line":81,"column":null}}]},"9":{"loc":{"start":{"line":74,"column":8},"end":{"line":74,"column":31}},"type":"binary-expr","locations":[{"start":{"line":74,"column":8},"end":{"line":74,"column":16}},{"start":{"line":74,"column":20},"end":{"line":74,"column":31}}]},"10":{"loc":{"start":{"line":76,"column":8},"end":{"line":80,"column":null}},"type":"if","locations":[{"start":{"line":76,"column":8},"end":{"line":80,"column":null}},{"start":{"line":78,"column":14},"end":{"line":80,"column":null}}]},"11":{"loc":{"start":{"line":78,"column":14},"end":{"line":80,"column":null}},"type":"if","locations":[{"start":{"line":78,"column":14},"end":{"line":80,"column":null}}]},"12":{"loc":{"start":{"line":93,"column":4},"end":{"line":98,"column":null}},"type":"if","locations":[{"start":{"line":93,"column":4},"end":{"line":98,"column":null}}]},"13":{"loc":{"start":{"line":93,"column":8},"end":{"line":93,"column":31}},"type":"binary-expr","locations":[{"start":{"line":93,"column":8},"end":{"line":93,"column":16}},{"start":{"line":93,"column":20},"end":{"line":93,"column":31}}]},"14":{"loc":{"start":{"line":95,"column":8},"end":{"line":97,"column":null}},"type":"if","locations":[{"start":{"line":95,"column":8},"end":{"line":97,"column":null}}]}},"s":{"0":1,"1":2,"2":2,"3":2,"4":2,"5":2,"6":1,"7":1,"8":1,"9":3,"10":3,"11":3,"12":3,"13":5,"14":5,"15":4,"16":3,"17":0,"18":1,"19":2,"20":2,"21":2,"22":2,"23":2,"24":0,"25":1,"26":3,"27":3,"28":3,"29":3,"30":3,"31":1,"32":2,"33":2,"34":0,"35":1,"36":3,"37":3,"38":3,"39":3,"40":3,"41":2,"42":1,"43":1},"f":{"0":2,"1":2,"2":3,"3":5,"4":2,"5":3,"6":3},"b":{"0":[0],"1":[1],"2":[0],"3":[3],"4":[4],"5":[2,1],"6":[2],"7":[2],"8":[3],"9":[3,3],"10":[1,2],"11":[2],"12":[3],"13":[3,3],"14":[2]}}
}
