TN:
SF:src/array.ts
FN:8,pull
FN:19,push
FN:31,getUnique
FN:42,arrayJoin
FNF:4
FNH:4
FNDA:1,pull
FNDA:1,push
FNDA:1,getUnique
FNDA:2,arrayJoin
DA:8,1
DA:9,1
DA:19,1
DA:20,1
DA:31,1
DA:32,1
DA:42,1
DA:44,2
DA:45,2
DA:48,1
LF:10
LH:10
BRF:0
BRH:0
end_of_record
TN:
SF:src/convert.ts
FN:7,rgbToHex
FN:9,(anonymous_1)
FN:26,hexToRGB
FN:62,anyToNumber
FN:78,anyToBoolean
FNF:5
FNH:5
FNDA:3,rgbToHex
FNDA:6,(anonymous_1)
FNDA:3,hexToRGB
FNDA:4,anyToNumber
FNDA:7,anyToBoolean
DA:7,1
DA:8,3
DA:9,3
DA:10,6
DA:12,3
DA:13,3
DA:14,2
DA:16,1
DA:26,1
DA:27,3
DA:28,3
DA:30,3
DA:31,2
DA:32,0
DA:33,0
DA:34,0
DA:36,0
DA:39,2
DA:40,2
DA:41,2
DA:43,2
DA:44,1
DA:45,1
DA:47,1
DA:50,1
DA:62,1
DA:63,4
DA:64,4
DA:65,2
DA:68,2
DA:78,1
DA:79,7
DA:80,3
DA:82,4
DA:83,1
DA:85,3
DA:86,3
DA:89,0
LF:38
LH:33
BRDA:10,0,0,0
BRDA:10,0,1,6
BRDA:13,1,0,2
BRDA:13,2,0,3
BRDA:13,2,1,2
BRDA:26,3,0,2
BRDA:30,4,0,2
BRDA:31,5,0,0
BRDA:33,6,0,0
BRDA:43,7,0,1
BRDA:64,8,0,2
BRDA:78,9,0,6
BRDA:79,10,0,3
BRDA:79,10,1,4
BRDA:79,11,0,7
BRDA:79,11,1,6
BRDA:79,11,2,5
BRDA:82,12,0,1
BRDA:82,12,1,3
BRDA:82,13,0,4
BRDA:82,13,1,3
BRDA:82,13,2,3
BRDA:85,14,0,3
BRF:23
BRH:20
end_of_record
TN:
SF:src/enum.ts
FN:11,enumFindKey
FNF:1
FNH:1
FNDA:2,enumFindKey
DA:11,1
DA:12,2
DA:13,2
DA:14,3
DA:15,2
DA:20,0
LF:6
LH:5
BRDA:12,0,0,2
BRDA:14,1,0,2
BRF:2
BRH:2
end_of_record
TN:
SF:src/equal.ts
FN:1,(anonymous_1)
FN:20,isEmpty
FN:44,isNotEmpty
FN:61,isDate
FN:94,isIP
FN:107,isJSON
FNF:6
FNH:6
FNDA:4,(anonymous_1)
FNDA:27,isEmpty
FNDA:13,isNotEmpty
FNDA:6,isDate
FNDA:3,isIP
FNDA:2,isJSON
DA:1,6
DA:6,2
DA:20,2
DA:24,27
DA:28,27
DA:44,2
DA:48,13
DA:52,13
DA:61,2
DA:62,6
DA:63,6
DA:65,6
DA:66,6
DA:68,4
DA:69,4
DA:71,0
DA:73,4
DA:74,4
DA:76,1
DA:78,4
DA:79,4
DA:81,1
DA:84,2
DA:86,6
DA:94,2
DA:95,3
DA:97,3
DA:98,1
DA:100,2
DA:107,2
DA:108,2
DA:109,2
DA:110,1
DA:111,1
DA:114,1
DA:116,0
LF:36
LH:34
BRDA:25,0,0,17
BRDA:25,0,1,10
BRDA:25,1,0,27
BRDA:25,1,1,27
BRDA:25,2,0,6
BRDA:25,2,1,21
BRDA:25,3,0,27
BRDA:25,3,1,27
BRDA:26,4,0,17
BRDA:26,4,1,10
BRDA:26,5,0,27
BRDA:26,5,1,27
BRDA:26,6,0,6
BRDA:26,6,1,21
BRDA:26,7,0,27
BRDA:26,7,1,27
BRDA:29,8,0,27
BRDA:29,8,1,25
BRDA:29,8,2,23
BRDA:29,8,3,19
BRDA:29,8,4,17
BRDA:29,8,5,19
BRDA:29,8,6,15
BRDA:29,8,7,13
BRDA:29,8,8,15
BRDA:29,8,9,15
BRDA:29,8,10,3
BRDA:29,8,11,12
BRDA:29,8,12,8
BRDA:49,9,0,4
BRDA:49,9,1,9
BRDA:49,10,0,13
BRDA:49,10,1,13
BRDA:49,11,0,5
BRDA:49,11,1,8
BRDA:49,12,0,13
BRDA:49,12,1,13
BRDA:50,13,0,4
BRDA:50,13,1,9
BRDA:50,14,0,13
BRDA:50,14,1,13
BRDA:50,15,0,5
BRDA:50,15,1,8
BRDA:50,16,0,13
BRDA:50,16,1,13
BRDA:66,17,0,4
BRDA:66,17,1,2
BRDA:69,18,0,0
BRDA:69,19,0,4
BRDA:69,19,1,4
BRDA:74,20,0,1
BRDA:74,21,0,4
BRDA:74,21,1,4
BRDA:79,22,0,1
BRDA:79,23,0,4
BRDA:79,23,1,4
BRDA:97,24,0,1
BRDA:97,25,0,3
BRDA:97,25,1,2
BRDA:97,25,2,2
BRDA:97,25,3,2
BRDA:97,25,4,1
BRDA:110,26,0,1
BRDA:110,27,0,1
BRDA:110,27,1,1
BRDA:110,27,2,1
BRF:66
BRH:65
end_of_record
TN:
SF:src/key.ts
FN:5,uuid
FN:10,(anonymous_1)
FN:20,timeKey
FNF:3
FNH:3
FNDA:1,uuid
FNDA:31,(anonymous_1)
FNDA:1,timeKey
DA:5,1
DA:6,1
DA:7,1
DA:8,0
DA:10,1
DA:11,31
DA:12,31
DA:13,31
DA:20,1
DA:21,1
DA:22,1
DA:23,1
DA:24,1
DA:25,1
DA:26,1
DA:27,1
DA:28,1
DA:30,1
LF:18
LH:17
BRDA:7,0,0,0
BRDA:7,1,0,1
BRDA:7,1,1,0
BRDA:13,2,0,30
BRDA:13,2,1,1
BRF:5
BRH:3
end_of_record
TN:
SF:src/number.ts
FN:8,numToDecimal2
FN:29,formatCurrency
FN:48,intersectionMin
FN:52,(anonymous_3)
FNF:4
FNH:4
FNDA:3,numToDecimal2
FNDA:3,formatCurrency
FNDA:1,intersectionMin
FNDA:2,(anonymous_3)
DA:8,1
DA:9,3
DA:10,3
DA:11,3
DA:12,3
DA:13,2
DA:14,2
DA:16,3
DA:17,4
DA:19,3
DA:29,1
DA:30,3
DA:31,3
DA:32,3
DA:33,3
DA:48,1
DA:52,1
DA:53,2
DA:54,2
DA:57,1
LF:20
LH:20
BRDA:12,0,0,2
BRDA:29,1,0,0
BRDA:29,2,0,1
BRDA:30,3,0,2
BRDA:30,3,1,1
BRDA:53,4,0,1
BRDA:53,4,1,1
BRDA:53,5,0,1
BRDA:53,5,1,0
BRDA:54,6,0,1
BRDA:54,6,1,1
BRDA:54,7,0,0
BRDA:54,7,1,1
BRDA:57,8,0,1
BRDA:57,8,1,0
BRDA:57,9,0,1
BRDA:57,9,1,1
BRDA:57,10,0,1
BRDA:57,10,1,0
BRDA:57,11,0,1
BRDA:57,11,1,1
BRF:21
BRH:16
end_of_record
TN:
SF:src/object.ts
FN:9,getTrueKey
FN:32,objToFormData
FN:35,(anonymous_2)
FN:70,reverseObj
FN:73,(anonymous_4)
FN:91,autoMapper
FN:93,(anonymous_6)
FNF:7
FNH:5
FNDA:1,getTrueKey
FNDA:0,objToFormData
FNDA:0,(anonymous_2)
FNDA:1,reverseObj
FNDA:1,(anonymous_4)
FNDA:1,autoMapper
FNDA:1,(anonymous_6)
DA:9,1
DA:12,1
DA:13,1
DA:15,3
DA:16,2
DA:19,1
DA:32,1
DA:33,0
DA:35,0
DA:36,0
DA:37,0
DA:38,0
DA:39,0
DA:40,0
DA:41,0
DA:43,0
DA:46,0
DA:48,0
DA:50,0
DA:52,0
DA:57,0
DA:58,0
DA:70,1
DA:71,1
DA:72,1
DA:74,1
DA:91,1
DA:92,1
DA:93,1
DA:94,1
DA:95,1
DA:96,1
LF:32
LH:17
BRDA:15,0,0,2
BRDA:37,1,0,0
BRDA:37,1,1,0
BRDA:40,2,0,0
BRDA:40,2,1,0
BRDA:50,3,0,0
BRDA:50,4,0,0
BRDA:50,4,1,0
BRDA:94,5,0,1
BRDA:94,5,1,0
BRF:10
BRH:2
end_of_record
TN:
SF:src/string.ts
FN:8,toCapitalize
FN:9,(anonymous_1)
FN:19,upperLineToLowerCase
FN:20,(anonymous_3)
FN:32,lowerLocaleToISOCode
FN:33,(anonymous_5)
FN:34,(anonymous_6)
FN:45,lowerCaseToUpLineCase
FN:59,paddingLeft
FN:74,stringSplit
FN:93,jsonDecode
FNF:11
FNH:11
FNDA:1,toCapitalize
FNDA:1,(anonymous_1)
FNDA:1,upperLineToLowerCase
FNDA:1,(anonymous_3)
FNDA:1,lowerLocaleToISOCode
FNDA:1,(anonymous_5)
FNDA:1,(anonymous_6)
FNDA:1,lowerCaseToUpLineCase
FNDA:3,paddingLeft
FNDA:2,stringSplit
FNDA:2,jsonDecode
DA:8,1
DA:9,1
DA:19,1
DA:20,1
DA:21,1
DA:32,1
DA:33,1
DA:34,1
DA:45,1
DA:46,1
DA:59,1
DA:60,3
DA:61,3
DA:62,2
DA:64,1
DA:74,1
DA:76,2
DA:77,2
DA:80,1
DA:93,1
DA:94,2
DA:95,2
DA:96,1
DA:97,1
DA:101,1
LF:25
LH:25
BRDA:61,0,0,2
BRDA:96,1,0,1
BRDA:96,2,0,1
BRDA:96,2,1,1
BRDA:96,2,2,1
BRF:5
BRH:5
end_of_record
TN:
SF:src/url.ts
FN:10,encodeQueryString
FN:16,(anonymous_1)
FN:32,decodeQueryString
FN:37,(anonymous_3)
FN:54,getProtocolDomain
FN:71,getMainDomain
FN:90,getSubDomain
FNF:7
FNH:7
FNDA:2,encodeQueryString
FNDA:2,(anonymous_1)
FNDA:3,decodeQueryString
FNDA:5,(anonymous_3)
FNDA:2,getProtocolDomain
FNDA:3,getMainDomain
FNDA:3,getSubDomain
DA:1,1
DA:10,1
DA:13,2
DA:16,2
DA:17,2
DA:18,2
DA:20,2
DA:21,1
DA:23,1
DA:32,1
DA:33,3
DA:34,3
DA:36,3
DA:37,3
DA:38,5
DA:39,5
DA:40,4
DA:43,3
DA:45,0
DA:54,1
DA:55,2
DA:57,2
DA:58,2
DA:59,2
DA:60,2
DA:63,0
DA:71,1
DA:72,3
DA:73,3
DA:74,3
DA:75,3
DA:76,3
DA:77,1
DA:78,2
DA:79,2
DA:82,0
DA:90,1
DA:91,3
DA:92,3
DA:93,3
DA:94,3
DA:95,3
DA:96,2
DA:99,1
LF:44
LH:41
BRDA:10,0,0,0
BRDA:20,1,0,1
BRDA:32,2,0,0
BRDA:36,3,0,3
BRDA:39,4,0,4
BRDA:43,5,0,2
BRDA:43,5,1,1
BRDA:55,6,0,2
BRDA:59,7,0,2
BRDA:74,8,0,3
BRDA:74,9,0,3
BRDA:74,9,1,3
BRDA:76,10,0,1
BRDA:76,10,1,2
BRDA:78,11,0,2
BRDA:93,12,0,3
BRDA:93,13,0,3
BRDA:93,13,1,3
BRDA:95,14,0,2
BRF:19
BRH:17
end_of_record
TN:
SF:src/equal/strictEqual.ts
FN:1,keys
FN:10,(anonymous_1)
FN:17,hasKey
FN:21,hasDefinedKey
FN:26,isDomNode
FN:37,isA
FN:41,isAsymmetric
FN:45,asymmetricMatch
FN:75,(anonymous_8)
FN:200,strictEqual
FNF:10
FNH:9
FNDA:4,keys
FNDA:0,(anonymous_1)
FNDA:6,hasKey
FNDA:6,hasDefinedKey
FNDA:2,isDomNode
FNDA:12,isA
FNDA:12,isAsymmetric
FNDA:6,asymmetricMatch
FNDA:6,(anonymous_8)
FNDA:4,strictEqual
DA:2,4
DA:3,4
DA:4,4
DA:5,4
DA:8,4
DA:11,0
DA:18,6
DA:22,6
DA:27,2
DA:38,12
DA:42,12
DA:46,6
DA:47,6
DA:49,6
DA:50,0
DA:53,6
DA:54,0
DA:57,6
DA:58,0
DA:75,2
DA:84,6
DA:86,6
DA:88,6
DA:89,6
DA:90,0
DA:93,6
DA:94,0
DA:95,0
DA:96,0
DA:100,6
DA:101,0
DA:104,6
DA:105,3
DA:108,3
DA:109,0
DA:111,3
DA:112,3
DA:113,1
DA:115,2
DA:119,0
DA:121,0
DA:122,0
DA:124,0
DA:127,0
DA:133,0
DA:136,0
DA:138,2
DA:139,0
DA:143,2
DA:144,0
DA:148,2
DA:149,2
DA:154,0
DA:155,0
DA:156,0
DA:157,0
DA:161,2
DA:162,2
DA:165,2
DA:166,0
DA:170,2
DA:172,2
DA:175,2
DA:176,0
DA:179,2
DA:180,2
DA:183,2
DA:187,2
DA:188,0
DA:192,2
DA:193,2
DA:195,2
DA:200,2
DA:206,4
DA:207,4
DA:210,2
LF:76
LH:50
BRDA:4,0,0,4
BRDA:22,1,0,6
BRDA:22,1,1,6
BRDA:28,2,0,2
BRDA:28,2,1,2
BRDA:28,2,2,2
BRDA:28,2,3,0
BRDA:28,2,4,0
BRDA:42,3,0,12
BRDA:42,3,1,12
BRDA:49,4,0,0
BRDA:49,5,0,6
BRDA:49,5,1,0
BRDA:53,6,0,0
BRDA:57,7,0,0
BRDA:84,8,0,6
BRDA:84,8,1,0
BRDA:89,9,0,0
BRDA:95,10,0,0
BRDA:100,11,0,0
BRDA:100,12,0,6
BRDA:100,12,1,0
BRDA:104,13,0,3
BRDA:108,14,0,0
BRDA:108,15,0,3
BRDA:108,15,1,3
BRDA:112,16,0,1
BRDA:115,17,0,0
BRDA:115,17,1,0
BRDA:115,17,2,0
BRDA:115,17,3,0
BRDA:115,17,4,0
BRDA:119,18,0,0
BRDA:119,18,1,0
BRDA:122,19,0,0
BRDA:122,19,1,0
BRDA:122,20,0,0
BRDA:122,20,1,0
BRDA:136,21,0,0
BRDA:136,21,1,0
BRDA:138,22,0,0
BRDA:138,23,0,2
BRDA:138,23,1,2
BRDA:143,24,0,0
BRDA:143,25,0,2
BRDA:143,25,1,0
BRDA:154,26,0,0
BRDA:154,26,1,0
BRDA:156,27,0,0
BRDA:165,28,0,0
BRDA:165,29,0,2
BRDA:165,29,1,1
BRDA:175,30,0,0
BRDA:184,31,0,2
BRDA:184,31,1,2
BRDA:187,32,0,0
BRDA:206,33,0,4
BRDA:206,33,1,4
BRDA:207,34,0,0
BRDA:207,34,1,4
BRF:60
BRH:25
end_of_record
