TN:
SF:src/array.ts
FN:8,pull
FN:19,push
FN:31,getUnique
FN:42,arrayJoin
FNF:4
FNH:4
FNDA:1,pull
FNDA:1,push
FNDA:1,getUnique
FNDA:2,arrayJoin
DA:8,1
DA:9,1
DA:19,1
DA:20,1
DA:31,1
DA:32,1
DA:42,1
DA:44,2
DA:45,2
DA:48,1
LF:10
LH:10
BRF:0
BRH:0
end_of_record
TN:
SF:src/convert.ts
FN:7,rgbToHex
FN:9,(anonymous_1)
FN:26,hexToRGB
FN:63,anyToNumber
FN:79,anyToBoolean
FNF:5
FNH:5
FNDA:3,rgbToHex
FNDA:6,(anonymous_1)
FNDA:3,hexToRGB
FNDA:4,anyToNumber
FNDA:7,anyToBoolean
DA:7,1
DA:8,3
DA:9,3
DA:10,6
DA:12,3
DA:13,3
DA:14,2
DA:16,1
DA:26,1
DA:27,3
DA:28,3
DA:29,3
DA:31,3
DA:32,2
DA:33,0
DA:34,0
DA:35,0
DA:37,0
DA:40,2
DA:41,2
DA:42,2
DA:44,2
DA:45,1
DA:46,1
DA:48,1
DA:51,1
DA:63,1
DA:64,4
DA:65,4
DA:66,2
DA:69,2
DA:79,1
DA:80,7
DA:81,3
DA:83,4
DA:84,1
DA:86,3
DA:87,3
DA:90,0
LF:39
LH:34
BRDA:10,0,0,0
BRDA:10,0,1,6
BRDA:13,1,0,2
BRDA:13,2,0,3
BRDA:13,2,1,2
BRDA:26,3,0,2
BRDA:31,4,0,2
BRDA:32,5,0,0
BRDA:34,6,0,0
BRDA:44,7,0,1
BRDA:65,8,0,2
BRDA:79,9,0,6
BRDA:80,10,0,3
BRDA:80,10,1,4
BRDA:80,11,0,7
BRDA:80,11,1,6
BRDA:80,11,2,5
BRDA:83,12,0,1
BRDA:83,12,1,3
BRDA:83,13,0,4
BRDA:83,13,1,3
BRDA:83,13,2,3
BRDA:86,14,0,3
BRF:23
BRH:20
end_of_record
TN:
SF:src/enum.ts
FN:11,enumFindKey
FNF:1
FNH:1
FNDA:2,enumFindKey
DA:11,1
DA:12,2
DA:13,2
DA:14,3
DA:15,2
DA:20,0
LF:6
LH:5
BRDA:12,0,0,2
BRDA:14,1,0,2
BRF:2
BRH:2
end_of_record
TN:
SF:src/equal.ts
FN:18,isEmpty
FN:42,isNotEmpty
FN:60,isDate
FN:93,isIP
FN:106,isJSON
FNF:5
FNH:5
FNDA:27,isEmpty
FNDA:13,isNotEmpty
FNDA:6,isDate
FNDA:3,isIP
FNDA:2,isJSON
DA:4,2
DA:18,2
DA:22,27
DA:26,27
DA:42,2
DA:46,13
DA:50,13
DA:60,2
DA:61,6
DA:62,6
DA:64,6
DA:65,6
DA:67,4
DA:68,4
DA:70,0
DA:72,4
DA:73,4
DA:75,1
DA:77,4
DA:78,4
DA:80,1
DA:83,2
DA:85,6
DA:93,2
DA:94,3
DA:96,3
DA:97,1
DA:99,2
DA:106,2
DA:107,2
DA:108,2
DA:109,1
DA:110,1
DA:113,1
DA:115,0
LF:35
LH:33
BRDA:23,0,0,17
BRDA:23,0,1,10
BRDA:23,1,0,27
BRDA:23,1,1,27
BRDA:23,2,0,6
BRDA:23,2,1,21
BRDA:23,3,0,27
BRDA:23,3,1,27
BRDA:24,4,0,17
BRDA:24,4,1,10
BRDA:24,5,0,27
BRDA:24,5,1,27
BRDA:24,6,0,6
BRDA:24,6,1,21
BRDA:24,7,0,27
BRDA:24,7,1,27
BRDA:27,8,0,27
BRDA:27,8,1,25
BRDA:27,8,2,23
BRDA:27,8,3,19
BRDA:27,8,4,17
BRDA:27,8,5,19
BRDA:27,8,6,15
BRDA:27,8,7,13
BRDA:27,8,8,15
BRDA:27,8,9,15
BRDA:27,8,10,3
BRDA:27,8,11,12
BRDA:27,8,12,8
BRDA:47,9,0,4
BRDA:47,9,1,9
BRDA:47,10,0,13
BRDA:47,10,1,13
BRDA:47,11,0,5
BRDA:47,11,1,8
BRDA:47,12,0,13
BRDA:47,12,1,13
BRDA:48,13,0,4
BRDA:48,13,1,9
BRDA:48,14,0,13
BRDA:48,14,1,13
BRDA:48,15,0,5
BRDA:48,15,1,8
BRDA:48,16,0,13
BRDA:48,16,1,13
BRDA:65,17,0,4
BRDA:65,17,1,2
BRDA:68,18,0,0
BRDA:68,19,0,4
BRDA:68,19,1,4
BRDA:73,20,0,1
BRDA:73,21,0,4
BRDA:73,21,1,4
BRDA:78,22,0,1
BRDA:78,23,0,4
BRDA:78,23,1,4
BRDA:96,24,0,1
BRDA:96,25,0,3
BRDA:96,25,1,2
BRDA:96,25,2,2
BRDA:96,25,3,2
BRDA:96,25,4,1
BRDA:109,26,0,1
BRDA:109,27,0,1
BRDA:109,27,1,1
BRDA:109,27,2,1
BRF:66
BRH:65
end_of_record
TN:
SF:src/number.ts
FN:8,numToDecimal2
FN:29,formatCurrency
FN:48,intersectionMin
FN:52,(anonymous_3)
FNF:4
FNH:4
FNDA:3,numToDecimal2
FNDA:3,formatCurrency
FNDA:1,intersectionMin
FNDA:2,(anonymous_3)
DA:8,1
DA:9,3
DA:10,3
DA:11,3
DA:12,3
DA:13,2
DA:14,2
DA:16,3
DA:17,4
DA:19,3
DA:29,1
DA:30,3
DA:31,3
DA:32,3
DA:33,3
DA:48,1
DA:52,1
DA:53,2
DA:54,2
DA:57,1
LF:20
LH:20
BRDA:12,0,0,2
BRDA:29,1,0,0
BRDA:29,2,0,1
BRDA:30,3,0,2
BRDA:30,3,1,1
BRDA:53,4,0,1
BRDA:53,4,1,1
BRDA:53,5,0,1
BRDA:53,5,1,0
BRDA:54,6,0,1
BRDA:54,6,1,1
BRDA:54,7,0,0
BRDA:54,7,1,1
BRDA:57,8,0,1
BRDA:57,8,1,0
BRDA:57,9,0,1
BRDA:57,9,1,1
BRDA:57,10,0,1
BRDA:57,10,1,0
BRDA:57,11,0,1
BRDA:57,11,1,1
BRF:21
BRH:16
end_of_record
TN:
SF:src/object.ts
FN:9,getTrueKey
FN:32,objToFormData
FN:35,(anonymous_2)
FN:70,reverseObj
FN:73,(anonymous_4)
FN:91,autoMapper
FN:93,(anonymous_6)
FNF:7
FNH:5
FNDA:1,getTrueKey
FNDA:0,objToFormData
FNDA:0,(anonymous_2)
FNDA:1,reverseObj
FNDA:1,(anonymous_4)
FNDA:1,autoMapper
FNDA:1,(anonymous_6)
DA:9,1
DA:12,1
DA:13,1
DA:15,3
DA:16,2
DA:19,1
DA:32,1
DA:33,0
DA:35,0
DA:36,0
DA:37,0
DA:38,0
DA:39,0
DA:40,0
DA:41,0
DA:43,0
DA:46,0
DA:48,0
DA:50,0
DA:52,0
DA:57,0
DA:58,0
DA:70,1
DA:71,1
DA:72,1
DA:74,1
DA:91,1
DA:92,1
DA:93,1
DA:94,1
DA:95,1
DA:96,1
LF:32
LH:17
BRDA:15,0,0,2
BRDA:37,1,0,0
BRDA:37,1,1,0
BRDA:40,2,0,0
BRDA:40,2,1,0
BRDA:50,3,0,0
BRDA:50,4,0,0
BRDA:50,4,1,0
BRDA:94,5,0,1
BRDA:94,5,1,0
BRF:10
BRH:2
end_of_record
TN:
SF:src/string.ts
FN:8,toCapitalize
FN:9,(anonymous_1)
FN:19,upperLineToLowerCase
FN:20,(anonymous_3)
FN:32,lowerLocaleToISOCode
FN:33,(anonymous_5)
FN:34,(anonymous_6)
FN:45,lowerCaseToUpLineCase
FN:59,paddingLeft
FN:74,stringSplit
FN:93,jsonDecode
FNF:11
FNH:11
FNDA:1,toCapitalize
FNDA:1,(anonymous_1)
FNDA:1,upperLineToLowerCase
FNDA:1,(anonymous_3)
FNDA:1,lowerLocaleToISOCode
FNDA:1,(anonymous_5)
FNDA:1,(anonymous_6)
FNDA:1,lowerCaseToUpLineCase
FNDA:3,paddingLeft
FNDA:2,stringSplit
FNDA:2,jsonDecode
DA:8,1
DA:9,1
DA:19,1
DA:20,1
DA:21,1
DA:32,1
DA:33,1
DA:34,1
DA:45,1
DA:46,1
DA:59,1
DA:60,3
DA:61,3
DA:62,2
DA:64,1
DA:74,1
DA:76,2
DA:77,2
DA:80,1
DA:93,1
DA:94,2
DA:95,2
DA:96,1
DA:97,1
DA:101,1
LF:25
LH:25
BRDA:61,0,0,2
BRDA:96,1,0,1
BRDA:96,2,0,1
BRDA:96,2,1,1
BRDA:96,2,2,1
BRF:5
BRH:5
end_of_record
TN:
SF:src/url.ts
FN:10,encodeQueryString
FN:16,(anonymous_1)
FN:32,decodeQueryString
FN:37,(anonymous_3)
FN:54,getProtocolDomain
FN:71,getMainDomain
FN:90,getSubDomain
FNF:7
FNH:7
FNDA:2,encodeQueryString
FNDA:2,(anonymous_1)
FNDA:3,decodeQueryString
FNDA:5,(anonymous_3)
FNDA:2,getProtocolDomain
FNDA:3,getMainDomain
FNDA:3,getSubDomain
DA:1,1
DA:10,1
DA:13,2
DA:16,2
DA:17,2
DA:18,2
DA:20,2
DA:21,1
DA:23,1
DA:32,1
DA:33,3
DA:34,3
DA:36,3
DA:37,3
DA:38,5
DA:39,5
DA:40,4
DA:43,3
DA:45,0
DA:54,1
DA:55,2
DA:57,2
DA:58,2
DA:59,2
DA:60,2
DA:63,0
DA:71,1
DA:72,3
DA:73,3
DA:74,3
DA:75,3
DA:76,3
DA:77,1
DA:78,2
DA:79,2
DA:82,0
DA:90,1
DA:91,3
DA:92,3
DA:93,3
DA:94,3
DA:95,3
DA:96,2
DA:99,1
LF:44
LH:41
BRDA:10,0,0,0
BRDA:20,1,0,1
BRDA:32,2,0,0
BRDA:36,3,0,3
BRDA:39,4,0,4
BRDA:43,5,0,2
BRDA:43,5,1,1
BRDA:55,6,0,2
BRDA:59,7,0,2
BRDA:74,8,0,3
BRDA:74,9,0,3
BRDA:74,9,1,3
BRDA:76,10,0,1
BRDA:76,10,1,2
BRDA:78,11,0,2
BRDA:93,12,0,3
BRDA:93,13,0,3
BRDA:93,13,1,3
BRDA:95,14,0,2
BRF:19
BRH:17
end_of_record
